#
# A fatal error has been detected by the Java Runtime Environment:
#
#  EXCEPTION_ACCESS_VIOLATION (0xc0000005) at pc=0x00007ffa25435e8e, pid=6232, tid=4812
#
# JRE version: Java(TM) SE Runtime Environment (8.0_51-b16) (build 1.8.0_51-b16)
# Java VM: Java HotSpot(TM) 64-Bit Server VM (25.51-b03 mixed mode windows-amd64 compressed oops)
# Problematic frame:
# C  [ntdll.dll+0x65e8e]
#
# Failed to write core dump. Minidumps are not enabled by default on client versions of Windows
#
# If you would like to submit a bug report, please visit:
#   http://bugreport.java.com/bugreport/crash.jsp
# The crash happened outside the Java Virtual Machine in native code.
# See problematic frame for where to report the bug.
#

---------------  T H R E A D  ---------------

Current thread (0x00000000189bb000):  JavaThread "Thread-4" daemon [_thread_in_native, id=4812, stack(0x000000001c250000,0x000000001c350000)]

siginfo: ExceptionCode=0xc0000005, writing address 0x0000000000000024

Registers:
RAX=0x0000000000000000, RBX=0x0000000017aecbe8, RCX=0x00000000fffffffc, RDX=0x00000000000008c4
RSP=0x000000001c34e460, RBP=0x00007ff6ea94a000, RSI=0x00000000000008c4, RDI=0x0000000000000000
R8 =0xffffffffffffffff, R9 =0x00007ff6ea94a000, R10=0x0000000000000000, R11=0x0000000000000202
R12=0x0000000000000000, R13=0x0000000000000000, R14=0x0000000000000000, R15=0x0000000000000000
RIP=0x00007ffa25435e8e, EFLAGS=0x0000000000010213

Top of Stack: (sp=0x000000001c34e460)
0x000000001c34e460:   00000000000008c4 000000001c34e468
0x000000001c34e470:   000000001485a044 000000001c34e4c0
0x000000001c34e480:   000000001c34e770 0000000000000002
0x000000001c34e490:   0000000057bcd7f8 00000000189bb000
0x000000001c34e4a0:   0000000000000000 0000000000000000
0x000000001c34e4b0:   0000000000000008 0000000057358d17
0x000000001c34e4c0:   00000000c2419978 00007ffa22b41148
0x000000001c34e4d0:   0000000000000008 000000001c34e518
0x000000001c34e4e0:   0000144caeabe682 00000000575ea69a
0x000000001c34e4f0:   0000000000000004 0000000000000001
0x000000001c34e500:   000000001c0052c0 000000007ffe0372
0x000000001c34e510:   0000000000000000 0000000000000000
0x000000001c34e520:   00007ff6ea94a000 00007ffa253fcd14
0x000000001c34e530:   0000000000000000 0000000000000000
0x000000001c34e540:   0000000017aecbe8 00000000575e9932
0x000000001c34e550:   0000000000000000 0000000000000000 

Instructions: (pc=0x00007ffa25435e8e)
0x00007ffa25435e6e:   a8 01 0f 85 bd 00 00 00 8b c8 41 2b ce f0 0f b1
0x00007ffa25435e7e:   4b 08 75 e9 48 8b 03 45 33 f6 48 83 f8 ff 74 03
0x00007ffa25435e8e:   ff 40 24 41 bf 82 03 fe 7f 41 8a 0f 84 c9 0f 85
0x00007ffa25435e9e:   f0 88 05 00 48 83 fe ff 0f 84 45 89 05 00 4c 8b 


Register to memory mapping:

RAX=0x0000000000000000 is an unknown value
RBX=0x0000000017aecbe8 is an unknown value
RCX=0x00000000fffffffc is an unallocated location in the heap
RDX=0x00000000000008c4 is an unknown value
RSP=0x000000001c34e460 is pointing into the stack for thread: 0x00000000189bb000
RBP=0x00007ff6ea94a000 is an unknown value
RSI=0x00000000000008c4 is an unknown value
RDI=0x0000000000000000 is an unknown value
R8 =0xffffffffffffffff is an unknown value
R9 =0x00007ff6ea94a000 is an unknown value
R10=0x0000000000000000 is an unknown value
R11=0x0000000000000202 is an unknown value
R12=0x0000000000000000 is an unknown value
R13=0x0000000000000000 is an unknown value
R14=0x0000000000000000 is an unknown value
R15=0x0000000000000000 is an unknown value


Stack: [0x000000001c250000,0x000000001c350000],  sp=0x000000001c34e460,  free space=1017k
Native frames: (J=compiled Java code, j=interpreted, Vv=VM code, C=native code)
C  [ntdll.dll+0x65e8e]
C  [ntdll.dll+0x2cd14]
C  [jnivideoInputLib.dll+0x27f5]
C  [jnivideoInputLib.dll+0xa373]
C  0x0000000002985874

Java frames: (J=compiled Java code, j=interpreted, Vv=VM code)
j  org.bytedeco.javacpp.videoInputLib$videoInput.getPixels(ILorg/bytedeco/javacpp/BytePointer;ZZ)Z+0
j  org.bytedeco.javacv.VideoInputFrameGrabber.grab()Lorg/bytedeco/javacv/Frame;+107
j  ru.waytosky.jfx.BytedecoWCamService$1.call()Ljavafx/scene/image/Image;+24
j  ru.waytosky.jfx.BytedecoWCamService$1.call()Ljava/lang/Object;+1
j  javafx.concurrent.Task$TaskCallable.call()Ljava/lang/Object;+26
j  java.util.concurrent.FutureTask.run()V+42
j  javafx.concurrent.Service.lambda$null$488(Ljavafx/concurrent/Task;)Ljava/lang/Void;+1
j  javafx.concurrent.Service$$Lambda$130.run()Ljava/lang/Object;+4
v  ~StubRoutines::call_stub
j  java.security.AccessController.doPrivileged(Ljava/security/PrivilegedAction;Ljava/security/AccessControlContext;)Ljava/lang/Object;+0
j  javafx.concurrent.Service.lambda$executeTask$489(Ljavafx/concurrent/Task;Ljava/security/AccessControlContext;)V+7
j  javafx.concurrent.Service$$Lambda$128.run()V+8
j  java.util.concurrent.ThreadPoolExecutor.runWorker(Ljava/util/concurrent/ThreadPoolExecutor$Worker;)V+95
j  java.util.concurrent.ThreadPoolExecutor$Worker.run()V+5
j  java.lang.Thread.run()V+11
v  ~StubRoutines::call_stub

---------------  P R O C E S S  ---------------

Java Threads: ( => current thread )
  0x0000000019265800 JavaThread "Java2D Disposer" daemon [_thread_blocked, id=3328, stack(0x000000001e8a0000,0x000000001e9a0000)]
  0x0000000014d1c000 JavaThread "JavaCPP Deallocator" daemon [_thread_blocked, id=6904, stack(0x000000001c350000,0x000000001c450000)]
=>0x00000000189bb000 JavaThread "Thread-4" daemon [_thread_in_native, id=4812, stack(0x000000001c250000,0x000000001c350000)]
  0x000000001879f800 JavaThread "Prism Font Disposer" daemon [_thread_blocked, id=5440, stack(0x000000001b660000,0x000000001b760000)]
  0x000000001819e800 JavaThread "Thread-3" daemon [_thread_in_native, id=6256, stack(0x0000000017f40000,0x0000000018040000)]
  0x00000000163d8000 JavaThread "JavaFX-Launcher" [_thread_blocked, id=4212, stack(0x0000000018040000,0x0000000018140000)]
  0x0000000016367000 JavaThread "JavaFX Application Thread" [_thread_in_native, id=2828, stack(0x00000000167b0000,0x00000000168b0000)]
  0x0000000016355800 JavaThread "Thread-1" daemon [_thread_blocked, id=6812, stack(0x00000000166b0000,0x00000000167b0000)]
  0x000000001631a800 JavaThread "QuantumRenderer-0" daemon [_thread_blocked, id=3272, stack(0x0000000016430000,0x0000000016530000)]
  0x0000000014d4c800 JavaThread "Service Thread" daemon [_thread_blocked, id=4820, stack(0x0000000015e30000,0x0000000015f30000)]
  0x0000000014d4b800 JavaThread "C1 CompilerThread1" daemon [_thread_blocked, id=3360, stack(0x0000000015d30000,0x0000000015e30000)]
  0x0000000014cf5000 JavaThread "C2 CompilerThread0" daemon [_thread_blocked, id=4608, stack(0x0000000015c30000,0x0000000015d30000)]
  0x0000000014cf4000 JavaThread "Attach Listener" daemon [_thread_blocked, id=6184, stack(0x0000000015b30000,0x0000000015c30000)]
  0x0000000014cef000 JavaThread "Signal Dispatcher" daemon [_thread_blocked, id=1872, stack(0x0000000015a30000,0x0000000015b30000)]
  0x000000000296c800 JavaThread "Finalizer" daemon [_thread_blocked, id=5212, stack(0x0000000015930000,0x0000000015a30000)]
  0x000000000295f000 JavaThread "Reference Handler" daemon [_thread_blocked, id=976, stack(0x0000000015830000,0x0000000015930000)]
  0x000000000261e800 JavaThread "main" [_thread_blocked, id=5512, stack(0x0000000002770000,0x0000000002870000)]

Other Threads:
  0x0000000014cb6000 VMThread [stack: 0x0000000015730000,0x0000000015830000] [id=3392]
  0x0000000014d54800 WatcherThread [stack: 0x0000000015f30000,0x0000000016030000] [id=4412]

VM state:not at safepoint (normal execution)

VM Mutex/Monitor currently owned by a thread: None

Heap:
 PSYoungGen      total 18944K, used 5416K [0x00000000eb500000, 0x00000000ed900000, 0x0000000100000000)
  eden space 16384K, 17% used [0x00000000eb500000,0x00000000eb7cf228,0x00000000ec500000)
  from space 2560K, 99% used [0x00000000ec500000,0x00000000ec77b050,0x00000000ec780000)
  to   space 10240K, 0% used [0x00000000ecf00000,0x00000000ecf00000,0x00000000ed900000)
 ParOldGen       total 44032K, used 14990K [0x00000000c1e00000, 0x00000000c4900000, 0x00000000eb500000)
  object space 44032K, 34% used [0x00000000c1e00000,0x00000000c2ca3af0,0x00000000c4900000)
 Metaspace       used 18419K, capacity 18982K, committed 19200K, reserved 1067008K
  class space    used 2332K, capacity 2502K, committed 2560K, reserved 1048576K

Card table byte_map: [0x0000000011d30000,0x0000000011f30000] byte_map_base: 0x0000000011721000

Marking Bits: (ParMarkBitMap*) 0x0000000057bd4040
 Begin Bits: [0x0000000012280000, 0x0000000013208000)
 End Bits:   [0x0000000013208000, 0x0000000014190000)

Polling page: 0x00000000025d0000

CodeCache: size=245760Kb used=5516Kb max_used=5516Kb free=240243Kb
 bounds [0x0000000002970000, 0x0000000002ee0000, 0x0000000011970000]
 total_blobs=2392 nmethods=1611 adapters=694
 compilation: enabled

Compilation events (10 events):
Event: 9.162 Thread 0x0000000014d4b800 1592       1       com.sun.javafx.geom.transform.BaseTransform::getMzy (2 bytes)
Event: 9.162 Thread 0x0000000014d4b800 nmethod 1592 0x0000000002ecb950 code [0x0000000002ecbaa0, 0x0000000002ecbbb0]
Event: 9.162 Thread 0x0000000014d4b800 1593       1       com.sun.javafx.geom.transform.BaseTransform::getMzz (2 bytes)
Event: 9.162 Thread 0x0000000014d4b800 nmethod 1593 0x0000000002ecbc10 code [0x0000000002ecbd80, 0x0000000002ecbe90]
Event: 9.162 Thread 0x0000000014d4b800 1594       1       com.sun.prism.d3d.D3DShader::isValid (5 bytes)
Event: 9.162 Thread 0x0000000014d4b800 nmethod 1594 0x0000000002ecbf10 code [0x0000000002ecc060, 0x0000000002ecc170]
Event: 9.179 Thread 0x0000000014d4b800 1595       3       javafx.event.Event::copyFor (45 bytes)
Event: 9.180 Thread 0x0000000014d4b800 nmethod 1595 0x0000000002ecc1d0 code [0x0000000002ecc360, 0x0000000002ecc878]
Event: 9.180 Thread 0x0000000014d4b800 1596       3       com.sun.javafx.scene.EnteredExitedHandler::dispatchCapturingEvent (222 bytes)
Event: 9.181 Thread 0x0000000014d4b800 nmethod 1596 0x0000000002ecca50 code [0x0000000002eccde0, 0x0000000002ecf4b8]

GC Heap History (10 events):
Event: 2.495 GC heap before
{Heap before GC invocations=1 (full 0):
 PSYoungGen      total 18944K, used 16384K [0x00000000eb500000, 0x00000000eca00000, 0x0000000100000000)
  eden space 16384K, 100% used [0x00000000eb500000,0x00000000ec500000,0x00000000ec500000)
  from space 2560K, 0% used [0x00000000ec780000,0x00000000ec780000,0x00000000eca00000)
  to   space 2560K, 0% used [0x00000000ec500000,0x00000000ec500000,0x00000000ec780000)
 ParOldGen       total 44032K, used 0K [0x00000000c1e00000, 0x00000000c4900000, 0x00000000eb500000)
  object space 44032K, 0% used [0x00000000c1e00000,0x00000000c1e00000,0x00000000c4900000)
 Metaspace       used 9209K, capacity 9506K, committed 9728K, reserved 1058816K
  class space    used 1097K, capacity 1220K, committed 1280K, reserved 1048576K
Event: 2.500 GC heap after
Heap after GC invocations=1 (full 0):
 PSYoungGen      total 18944K, used 2496K [0x00000000eb500000, 0x00000000eca00000, 0x0000000100000000)
  eden space 16384K, 0% used [0x00000000eb500000,0x00000000eb500000,0x00000000ec500000)
  from space 2560K, 97% used [0x00000000ec500000,0x00000000ec770050,0x00000000ec780000)
  to   space 2560K, 0% used [0x00000000ec780000,0x00000000ec780000,0x00000000eca00000)
 ParOldGen       total 44032K, used 8K [0x00000000c1e00000, 0x00000000c4900000, 0x00000000eb500000)
  object space 44032K, 0% used [0x00000000c1e00000,0x00000000c1e02000,0x00000000c4900000)
 Metaspace       used 9209K, capacity 9506K, committed 9728K, reserved 1058816K
  class space    used 1097K, capacity 1220K, committed 1280K, reserved 1048576K
}
Event: 5.783 GC heap before
{Heap before GC invocations=2 (full 0):
 PSYoungGen      total 18944K, used 18880K [0x00000000eb500000, 0x00000000eca00000, 0x0000000100000000)
  eden space 16384K, 100% used [0x00000000eb500000,0x00000000ec500000,0x00000000ec500000)
  from space 2560K, 97% used [0x00000000ec500000,0x00000000ec770050,0x00000000ec780000)
  to   space 2560K, 0% used [0x00000000ec780000,0x00000000ec780000,0x00000000eca00000)
 ParOldGen       total 44032K, used 8K [0x00000000c1e00000, 0x00000000c4900000, 0x00000000eb500000)
  object space 44032K, 0% used [0x00000000c1e00000,0x00000000c1e02000,0x00000000c4900000)
 Metaspace       used 14520K, capacity 15062K, committed 15232K, reserved 1062912K
  class space    used 1917K, capacity 2052K, committed 2176K, reserved 1048576K
Event: 5.790 GC heap after
Heap after GC invocations=2 (full 0):
 PSYoungGen      total 18944K, used 2528K [0x00000000eb500000, 0x00000000eca00000, 0x0000000100000000)
  eden space 16384K, 0% used [0x00000000eb500000,0x00000000eb500000,0x00000000ec500000)
  from space 2560K, 98% used [0x00000000ec780000,0x00000000ec9f8020,0x00000000eca00000)
  to   space 2560K, 0% used [0x00000000ec500000,0x00000000ec500000,0x00000000ec780000)
 ParOldGen       total 44032K, used 3798K [0x00000000c1e00000, 0x00000000c4900000, 0x00000000eb500000)
  object space 44032K, 8% used [0x00000000c1e00000,0x00000000c21b5830,0x00000000c4900000)
 Metaspace       used 14520K, capacity 15062K, committed 15232K, reserved 1062912K
  class space    used 1917K, capacity 2052K, committed 2176K, reserved 1048576K
}
Event: 7.707 GC heap before
{Heap before GC invocations=3 (full 0):
 PSYoungGen      total 18944K, used 18912K [0x00000000eb500000, 0x00000000eca00000, 0x0000000100000000)
  eden space 16384K, 100% used [0x00000000eb500000,0x00000000ec500000,0x00000000ec500000)
  from space 2560K, 98% used [0x00000000ec780000,0x00000000ec9f8020,0x00000000eca00000)
  to   space 2560K, 0% used [0x00000000ec500000,0x00000000ec500000,0x00000000ec780000)
 ParOldGen       total 44032K, used 3798K [0x00000000c1e00000, 0x00000000c4900000, 0x00000000eb500000)
  object space 44032K, 8% used [0x00000000c1e00000,0x00000000c21b5830,0x00000000c4900000)
 Metaspace       used 16674K, capacity 17214K, committed 17408K, reserved 1064960K
  class space    used 2137K, capacity 2276K, committed 2304K, reserved 1048576K
Event: 7.714 GC heap after
Heap after GC invocations=3 (full 0):
 PSYoungGen      total 18944K, used 2528K [0x00000000eb500000, 0x00000000eca00000, 0x0000000100000000)
  eden space 16384K, 0% used [0x00000000eb500000,0x00000000eb500000,0x00000000ec500000)
  from space 2560K, 98% used [0x00000000ec500000,0x00000000ec778040,0x00000000ec780000)
  to   space 2560K, 0% used [0x00000000ec780000,0x00000000ec780000,0x00000000eca00000)
 ParOldGen       total 44032K, used 4850K [0x00000000c1e00000, 0x00000000c4900000, 0x00000000eb500000)
  object space 44032K, 11% used [0x00000000c1e00000,0x00000000c22bc830,0x00000000c4900000)
 Metaspace       used 16674K, capacity 17214K, committed 17408K, reserved 1064960K
  class space    used 2137K, capacity 2276K, committed 2304K, reserved 1048576K
}
Event: 8.369 GC heap before
{Heap before GC invocations=4 (full 0):
 PSYoungGen      total 18944K, used 18147K [0x00000000eb500000, 0x00000000eca00000, 0x0000000100000000)
  eden space 16384K, 95% used [0x00000000eb500000,0x00000000ec440fb0,0x00000000ec500000)
  from space 2560K, 98% used [0x00000000ec500000,0x00000000ec778040,0x00000000ec780000)
  to   space 2560K, 0% used [0x00000000ec780000,0x00000000ec780000,0x00000000eca00000)
 ParOldGen       total 44032K, used 4850K [0x00000000c1e00000, 0x00000000c4900000, 0x00000000eb500000)
  object space 44032K, 11% used [0x00000000c1e00000,0x00000000c22bc830,0x00000000c4900000)
 Metaspace       used 18376K, capacity 18982K, committed 19200K, reserved 1067008K
  class space    used 2332K, capacity 2502K, committed 2560K, reserved 1048576K
Event: 8.376 GC heap after
Heap after GC invocations=4 (full 0):
 PSYoungGen      total 18944K, used 2540K [0x00000000eb500000, 0x00000000eca00000, 0x0000000100000000)
  eden space 16384K, 0% used [0x00000000eb500000,0x00000000eb500000,0x00000000ec500000)
  from space 2560K, 99% used [0x00000000ec780000,0x00000000ec9fb030,0x00000000eca00000)
  to   space 2560K, 0% used [0x00000000ec500000,0x00000000ec500000,0x00000000ec780000)
 ParOldGen       total 44032K, used 7766K [0x00000000c1e00000, 0x00000000c4900000, 0x00000000eb500000)
  object space 44032K, 17% used [0x00000000c1e00000,0x00000000c2595a90,0x00000000c4900000)
 Metaspace       used 18376K, capacity 18982K, committed 19200K, reserved 1067008K
  class space    used 2332K, capacity 2502K, committed 2560K, reserved 1048576K
}
Event: 9.133 GC heap before
{Heap before GC invocations=5 (full 0):
 PSYoungGen      total 18944K, used 18607K [0x00000000eb500000, 0x00000000eca00000, 0x0000000100000000)
  eden space 16384K, 98% used [0x00000000eb500000,0x00000000ec4b0e88,0x00000000ec500000)
  from space 2560K, 99% used [0x00000000ec780000,0x00000000ec9fb030,0x00000000eca00000)
  to   space 2560K, 0% used [0x00000000ec500000,0x00000000ec500000,0x00000000ec780000)
 ParOldGen       total 44032K, used 7766K [0x00000000c1e00000, 0x00000000c4900000, 0x00000000eb500000)
  object space 44032K, 17% used [0x00000000c1e00000,0x00000000c2595a90,0x00000000c4900000)
 Metaspace       used 18409K, capacity 18982K, committed 19200K, reserved 1067008K
  class space    used 2332K, capacity 2502K, committed 2560K, reserved 1048576K
Event: 9.141 GC heap after
Heap after GC invocations=5 (full 0):
 PSYoungGen      total 18944K, used 2540K [0x00000000eb500000, 0x00000000ed900000, 0x0000000100000000)
  eden space 16384K, 0% used [0x00000000eb500000,0x00000000eb500000,0x00000000ec500000)
  from space 2560K, 99% used [0x00000000ec500000,0x00000000ec77b050,0x00000000ec780000)
  to   space 10240K, 0% used [0x00000000ecf00000,0x00000000ecf00000,0x00000000ed900000)
 ParOldGen       total 44032K, used 14990K [0x00000000c1e00000, 0x00000000c4900000, 0x00000000eb500000)
  object space 44032K, 34% used [0x00000000c1e00000,0x00000000c2ca3af0,0x00000000c4900000)
 Metaspace       used 18409K, capacity 18982K, committed 19200K, reserved 1067008K
  class space    used 2332K, capacity 2502K, committed 2560K, reserved 1048576K
}

Deoptimization events (10 events):
Event: 5.780 Thread 0x00000000189bb000 Uncommon trap: reason=bimorphic action=maybe_recompile pc=0x0000000002df36ec method=java.util.HashMap.putVal(ILjava/lang/Object;Ljava/lang/Object;ZZ)Ljava/lang/Object; @ 203
Event: 5.780 Thread 0x00000000189bb000 Uncommon trap: reason=bimorphic action=maybe_recompile pc=0x0000000002df36ec method=java.util.HashMap.putVal(ILjava/lang/Object;Ljava/lang/Object;ZZ)Ljava/lang/Object; @ 203
Event: 5.782 Thread 0x00000000189bb000 Uncommon trap: reason=unstable_if action=reinterpret pc=0x0000000002c5b6c4 method=java.io.WinNTFileSystem.normalize(Ljava/lang/String;II)Ljava/lang/String; @ 8
Event: 7.409 Thread 0x00000000189bb000 Uncommon trap: reason=class_check action=maybe_recompile pc=0x0000000002df3644 method=java.util.HashMap.putVal(ILjava/lang/Object;Ljava/lang/Object;ZZ)Ljava/lang/Object; @ 253
Event: 7.409 Thread 0x00000000189bb000 Uncommon trap: reason=class_check action=maybe_recompile pc=0x0000000002df3644 method=java.util.HashMap.putVal(ILjava/lang/Object;Ljava/lang/Object;ZZ)Ljava/lang/Object; @ 253
Event: 7.410 Thread 0x00000000189bb000 Uncommon trap: reason=class_check action=maybe_recompile pc=0x0000000002df3644 method=java.util.HashMap.putVal(ILjava/lang/Object;Ljava/lang/Object;ZZ)Ljava/lang/Object; @ 253
Event: 7.410 Thread 0x00000000189bb000 Uncommon trap: reason=class_check action=maybe_recompile pc=0x0000000002df3644 method=java.util.HashMap.putVal(ILjava/lang/Object;Ljava/lang/Object;ZZ)Ljava/lang/Object; @ 253
Event: 7.944 Thread 0x00000000189bb000 Uncommon trap: reason=unstable_if action=reinterpret pc=0x0000000002e8db28 method=org.bytedeco.javacv.Java2DFrameConverter.flipCopyWithGamma(Ljava/nio/ByteBuffer;ILjava/nio/ByteBuffer;IZDZI)V @ 50
Event: 7.950 Thread 0x00000000189bb000 Uncommon trap: reason=unstable_if action=reinterpret pc=0x0000000002ea6578 method=com.sun.javafx.image.impl.IntTo4ByteSameConverter.doConvert([III[BIIII)V @ 29
Event: 8.391 Thread 0x000000001631a800 Uncommon trap: reason=unstable_if action=reinterpret pc=0x0000000002e5d1c0 method=java.util.WeakHashMap.expungeStaleEntries()V @ 9

Internal exceptions (10 events):
Event: 2.328 Thread 0x0000000016367000 Exception <a 'java/security/PrivilegedActionException'> (0x00000000ec248910) thrown at [C:\re\workspace\8-2-build-windows-amd64-cygwin\jdk8u51\3951\hotspot\src\share\vm\prims\jvm.cpp, line 1382]
Event: 2.328 Thread 0x0000000016367000 Exception <a 'java/security/PrivilegedActionException'> (0x00000000ec248c58) thrown at [C:\re\workspace\8-2-build-windows-amd64-cygwin\jdk8u51\3951\hotspot\src\share\vm\prims\jvm.cpp, line 1382]
Event: 2.433 Thread 0x0000000016367000 Exception <a 'java/lang/NullPointerException'> (0x00000000ec3f7168) thrown at [C:\re\workspace\8-2-build-windows-amd64-cygwin\jdk8u51\3951\hotspot\src\share\vm\interpreter\linkResolver.cpp, line 1178]
Event: 2.433 Thread 0x0000000016367000 Exception <a 'java/lang/NullPointerException'> (0x00000000ec3f7168) thrown at [C:\re\workspace\8-2-build-windows-amd64-cygwin\jdk8u51\3951\hotspot\src\share\vm\prims\jvm.cpp, line 1386]
Event: 2.624 Thread 0x0000000016367000 Exception <a 'java/lang/ArrayIndexOutOfBoundsException'> (0x00000000eb87fc90) thrown at [C:\re\workspace\8-2-build-windows-amd64-cygwin\jdk8u51\3951\hotspot\src\share\vm\runtime\sharedRuntime.cpp, line 605]
Event: 2.625 Thread 0x0000000016367000 Exception <a 'java/lang/ArrayIndexOutOfBoundsException'> (0x00000000eb8808e0) thrown at [C:\re\workspace\8-2-build-windows-amd64-cygwin\jdk8u51\3951\hotspot\src\share\vm\runtime\sharedRuntime.cpp, line 605]
Event: 2.625 Thread 0x0000000016367000 Exception <a 'java/lang/ArrayIndexOutOfBoundsException'> (0x00000000eb881bd8) thrown at [C:\re\workspace\8-2-build-windows-amd64-cygwin\jdk8u51\3951\hotspot\src\share\vm\runtime\sharedRuntime.cpp, line 605]
Event: 2.735 Thread 0x0000000016367000 Implicit null exception at 0x0000000002cc9335 to 0x0000000002cc950d
Event: 7.747 Thread 0x00000000189bb000 Exception <a 'java/io/FileNotFoundException'> (0x00000000eb68ecf8) thrown at [C:\re\workspace\8-2-build-windows-amd64-cygwin\jdk8u51\3951\hotspot\src\share\vm\prims\jni.cpp, line 709]
Event: 7.796 Thread 0x00000000189bb000 Exception <a 'java/io/FileNotFoundException'> (0x00000000eb6a3888) thrown at [C:\re\workspace\8-2-build-windows-amd64-cygwin\jdk8u51\3951\hotspot\src\share\vm\prims\jni.cpp, line 709]

Events (10 events):
Event: 8.377 Executing VM operation: RevokeBias done
Event: 8.377 Executing VM operation: RevokeBias
Event: 8.377 Executing VM operation: RevokeBias done
Event: 8.391 Thread 0x000000001631a800 Uncommon trap: trap_request=0xffffff65 fr.pc=0x0000000002e5d1c0
Event: 8.391 Thread 0x000000001631a800 DEOPT PACKING pc=0x0000000002e5d1c0 sp=0x000000001652e470
Event: 8.391 Thread 0x000000001631a800 DEOPT UNPACKING pc=0x00000000029b582a sp=0x000000001652e410 mode 2
Event: 9.133 Executing VM operation: ParallelGCFailedAllocation
Event: 9.141 Executing VM operation: ParallelGCFailedAllocation done
Event: 9.142 Executing VM operation: RevokeBias
Event: 9.142 Executing VM operation: RevokeBias done


Dynamic libraries:
0x00007ff6eb1e0000 - 0x00007ff6eb217000 	C:\Program Files\Java\jdk1.8.0_51\jre\bin\java.exe
0x00007ffa253d0000 - 0x00007ffa2557a000 	C:\Windows\SYSTEM32\ntdll.dll
0x00007ffa22d90000 - 0x00007ffa22eca000 	C:\Windows\system32\KERNEL32.DLL
0x00007ffa0e450000 - 0x00007ffa0e483000 	C:\Program Files\AVAST Software\Avast\x64\aswhooka.dll
0x00007ffa22b40000 - 0x00007ffa22c50000 	C:\Windows\system32\KERNELBASE.dll
0x00007ffa21370000 - 0x00007ffa213f8000 	C:\Windows\system32\apphelp.dll
0x00007ffa10b10000 - 0x00007ffa10b5f000 	C:\Windows\AppPatch\AppPatch64\AcGenral.DLL
0x00007ffa22f40000 - 0x00007ffa22fe7000 	C:\Windows\system32\msvcrt.dll
0x00007ffa225f0000 - 0x00007ffa2261b000 	C:\Windows\SYSTEM32\SspiCli.dll
0x00007ffa23f30000 - 0x00007ffa23f81000 	C:\Windows\system32\SHLWAPI.dll
0x00007ffa23db0000 - 0x00007ffa23f21000 	C:\Windows\system32\USER32.dll
0x00007ffa23790000 - 0x00007ffa23908000 	C:\Windows\system32\ole32.dll
0x00007ffa23fb0000 - 0x00007ffa253c7000 	C:\Windows\system32\SHELL32.dll
0x00007ffa21d50000 - 0x00007ffa21d6f000 	C:\Windows\SYSTEM32\USERENV.dll
0x00007ffa23370000 - 0x00007ffa23415000 	C:\Windows\system32\ADVAPI32.dll
0x00007ffa1c550000 - 0x00007ffa1c56b000 	C:\Windows\SYSTEM32\MPR.dll
0x00007ffa22c50000 - 0x00007ffa22d86000 	C:\Windows\system32\RPCRT4.dll
0x00007ffa23c30000 - 0x00007ffa23c87000 	C:\Windows\SYSTEM32\sechost.dll
0x00007ffa23090000 - 0x00007ffa23266000 	C:\Windows\SYSTEM32\combase.dll
0x00007ffa235c0000 - 0x00007ffa23705000 	C:\Windows\system32\GDI32.dll
0x00007ffa22740000 - 0x00007ffa22754000 	C:\Windows\SYSTEM32\profapi.dll
0x00007ffa20e00000 - 0x00007ffa20e9f000 	C:\Windows\SYSTEM32\SHCORE.dll
0x00007ffa23330000 - 0x00007ffa23364000 	C:\Windows\system32\IMM32.DLL
0x00007ffa23910000 - 0x00007ffa23a49000 	C:\Windows\system32\MSCTF.dll
0x00007ffa1fad0000 - 0x00007ffa1fd2a000 	C:\Windows\WinSxS\amd64_microsoft.windows.common-controls_6595b64144ccf1df_6.0.9600.17031_none_6242a4b3ecbb55a1\COMCTL32.dll
0x00000000572f0000 - 0x00000000573c2000 	C:\Program Files\Java\jdk1.8.0_51\jre\bin\msvcr100.dll
0x00000000573d0000 - 0x0000000057c53000 	C:\Program Files\Java\jdk1.8.0_51\jre\bin\server\jvm.dll
0x00007ffa15ed0000 - 0x00007ffa15ed9000 	C:\Windows\SYSTEM32\WSOCK32.dll
0x00007ffa19920000 - 0x00007ffa1993f000 	C:\Windows\SYSTEM32\WINMM.dll
0x00007ffa19950000 - 0x00007ffa1995a000 	C:\Windows\SYSTEM32\VERSION.dll
0x00007ffa23780000 - 0x00007ffa23787000 	C:\Windows\system32\PSAPI.DLL
0x00007ffa22ee0000 - 0x00007ffa22f38000 	C:\Windows\system32\WS2_32.dll
0x00007ffa198f0000 - 0x00007ffa1991a000 	C:\Windows\SYSTEM32\WINMMBASE.dll
0x00007ffa22ed0000 - 0x00007ffa22ed9000 	C:\Windows\system32\NSI.dll
0x00007ffa22810000 - 0x00007ffa2285a000 	C:\Windows\SYSTEM32\cfgmgr32.dll
0x00007ffa215c0000 - 0x00007ffa215e6000 	C:\Windows\SYSTEM32\DEVOBJ.dll
0x00000000572a0000 - 0x00000000572af000 	C:\Program Files\Java\jdk1.8.0_51\jre\bin\verify.dll
0x0000000057270000 - 0x0000000057299000 	C:\Program Files\Java\jdk1.8.0_51\jre\bin\java.dll
0x0000000057250000 - 0x0000000057266000 	C:\Program Files\Java\jdk1.8.0_51\jre\bin\zip.dll
0x0000000056f90000 - 0x0000000056fbc000 	C:\Program Files\Java\jdk1.8.0_51\jre\bin\prism_d3d.dll
0x00007ffa0fe80000 - 0x00007ffa1008a000 	C:\Windows\system32\d3d9.dll
0x00007ffa20410000 - 0x00007ffa20430000 	C:\Windows\SYSTEM32\dwmapi.dll
0x00007ffa21410000 - 0x00007ffa21531000 	C:\Windows\system32\uxtheme.dll
0x00007ffa09790000 - 0x00007ffa0af2c000 	C:\Windows\SYSTEM32\igdumdim64.dll
0x0000000056f40000 - 0x0000000056f81000 	C:\Program Files\Java\jdk1.8.0_51\jre\bin\glass.dll
0x00007ffa22ff0000 - 0x00007ffa2308a000 	C:\Windows\system32\COMDLG32.dll
0x00007ffa23270000 - 0x00007ffa23327000 	C:\Windows\system32\OLEAUT32.dll
0x00007ffa21610000 - 0x00007ffa2161a000 	C:\Windows\SYSTEM32\kernel.appcore.dll
0x00007ffa22680000 - 0x00007ffa2268a000 	C:\Windows\SYSTEM32\CRYPTBASE.dll
0x00007ffa22620000 - 0x00007ffa22680000 	C:\Windows\SYSTEM32\bcryptPrimitives.dll
0x00007ffa1def0000 - 0x00007ffa1e8b9000 	C:\Windows\SYSTEM32\igdusc64.dll
0x0000000055b40000 - 0x0000000055b55000 	C:\Program Files\Java\jdk1.8.0_51\jre\bin\javafx_font.dll
0x00007ffa1ec60000 - 0x00007ffa1ee3f000 	C:\Windows\SYSTEM32\dwrite.dll
0x00007ffa23c90000 - 0x00007ffa23d34000 	C:\Windows\SYSTEM32\clbcatq.dll
0x00007ffa20a60000 - 0x00007ffa20bf3000 	C:\Windows\SYSTEM32\WindowsCodecs.dll
0x00007ffa22000000 - 0x00007ffa2201e000 	C:\Windows\SYSTEM32\CRYPTSP.dll
0x00007ffa21c40000 - 0x00007ffa21c75000 	C:\Windows\system32\rsaenh.dll
0x00007ffa222b0000 - 0x00007ffa222d6000 	C:\Windows\SYSTEM32\bcrypt.dll
0x00007ffa17fb0000 - 0x00007ffa17fd9000 	C:\Program Files\Common Files\Microsoft Shared\Ink\rtscom.dll
0x00000000559a0000 - 0x00000000559b1000 	C:\Program Files\Java\jdk1.8.0_51\jre\bin\prism_common.dll
0x00007ffa15750000 - 0x00007ffa15776000 	C:\Users\Ayrat\.javacpp\cache\videoinput-0.200-1.3-windows-x86_64.jar\org\bytedeco\javacpp\windows-x86_64\jnivideoInputLib.dll
0x00007ffa0d3a0000 - 0x00007ffa0d446000 	C:\Windows\SYSTEM32\MSVCP120.dll
0x00007ffa16680000 - 0x00007ffa1676f000 	C:\Windows\SYSTEM32\MSVCR120.dll
0x0000000057230000 - 0x000000005724a000 	C:\Program Files\Java\jdk1.8.0_51\jre\bin\net.dll
0x00007ffa21fa0000 - 0x00007ffa21ff8000 	C:\Windows\system32\mswsock.dll
0x0000000057210000 - 0x0000000057221000 	C:\Program Files\Java\jdk1.8.0_51\jre\bin\nio.dll
0x00007ffa157f0000 - 0x00007ffa15806000 	C:\Windows\System32\devenum.dll
0x00007ffa23a50000 - 0x00007ffa23c24000 	C:\Windows\system32\setupapi.dll
0x00007ffa209c0000 - 0x00007ffa209f0000 	C:\Windows\SYSTEM32\ntmarta.dll
0x00007ffa22860000 - 0x00007ffa228ac000 	C:\Windows\system32\WINTRUST.dll
0x00007ffa228b0000 - 0x00007ffa22a87000 	C:\Windows\system32\CRYPT32.dll
0x00007ffa227f0000 - 0x00007ffa22802000 	C:\Windows\system32\MSASN1.dll
0x00007ffa1cb10000 - 0x00007ffa1cb1d000 	C:\Windows\SYSTEM32\msdmo.dll
0x00007ffa0e560000 - 0x00007ffa0e58d000 	C:\Windows\System32\qcap.dll
0x00007ffa08130000 - 0x00007ffa082e1000 	C:\Windows\System32\quartz.dll
0x00007ffa0b970000 - 0x00007ffa0b9b3000 	C:\Windows\System32\ksproxy.ax
0x00007ffa20040000 - 0x00007ffa20048000 	C:\Windows\System32\ksuser.dll
0x00007ffa0d370000 - 0x00007ffa0d393000 	C:\Windows\System32\kswdmcap.ax
0x00007ffa07fe0000 - 0x00007ffa0812d000 	C:\Windows\System32\MFC42.dll
0x00007ffa07f20000 - 0x00007ffa07fdc000 	C:\Windows\System32\ODBC32.dll
0x00007ffa0b7d0000 - 0x00007ffa0b863000 	C:\Windows\System32\qedit.dll
0x00007ffa0bb30000 - 0x00007ffa0bb59000 	C:\Windows\System32\MSVFW32.dll
0x00007ffa23420000 - 0x00007ffa235b8000 	C:\Windows\WinSxS\amd64_microsoft.windows.gdiplus_6595b64144ccf1df_1.1.9600.16384_none_9332526147499ed1\gdiplus.dll
0x00007ffa0d880000 - 0x00007ffa0d974000 	C:\Windows\System32\DDRAW.dll
0x00007ffa0d870000 - 0x00007ffa0d879000 	C:\Windows\System32\DCIMAN32.dll
0x00007ffa07e30000 - 0x00007ffa07f1f000 	C:\Users\Ayrat\.javacpp\cache\opencv-3.2.0-1.3-windows-x86_64.jar\org\bytedeco\javacpp\windows-x86_64\msvcr120.dll
0x00007ffa07d80000 - 0x00007ffa07e26000 	C:\Users\Ayrat\.javacpp\cache\opencv-3.2.0-1.3-windows-x86_64.jar\org\bytedeco\javacpp\windows-x86_64\msvcp120.dll
0x00007ffa07880000 - 0x00007ffa07b08000 	C:\Users\Ayrat\.javacpp\cache\opencv-3.2.0-1.3-windows-x86_64.jar\org\bytedeco\javacpp\windows-x86_64\opencv_core320.dll
0x00007ffa05850000 - 0x00007ffa05bb2000 	C:\Users\Ayrat\.javacpp\cache\opencv-3.2.0-1.3-windows-x86_64.jar\org\bytedeco\javacpp\windows-x86_64\opencv_imgproc320.dll
0x00007ffa06f40000 - 0x00007ffa0718a000 	C:\Users\Ayrat\.javacpp\cache\opencv-3.2.0-1.3-windows-x86_64.jar\org\bytedeco\javacpp\windows-x86_64\jniopencv_core.dll
0x00007ffa07c90000 - 0x00007ffa07d80000 	C:\Users\Ayrat\.javacpp\cache\opencv-3.2.0-1.3-windows-x86_64.jar\org\bytedeco\javacpp\windows-x86_64\jniopencv_imgproc.dll
0x0000000057070000 - 0x0000000057208000 	C:\Program Files\Java\jdk1.8.0_51\jre\bin\awt.dll
0x00007ffa149e0000 - 0x00007ffa14b68000 	C:\Windows\SYSTEM32\dbghelp.dll

VM Arguments:
jvm_args: -Dfile.encoding=UTF-8 
java_command: C:\MyJava\PROJECTS\GIT\media\JavaFX ImageView Bytedeco And Marvin\dist\run1036025818\JavaFX ImageView Bytedeco And Marvin.jar
java_class_path (initial): C:\MyJava\PROJECTS\GIT\media\JavaFX ImageView Bytedeco And Marvin\dist\run1036025818\JavaFX ImageView Bytedeco And Marvin.jar
Launcher Type: SUN_STANDARD

Environment Variables:
JAVA_HOME=c:\Program Files\Java\jdk1.8.0_131\
PATH=C:\ProgramData\Oracle\Java\javapath;C:\Windows\system32;C:\Windows;C:\Windows\System32\Wbem;C:\Windows\System32\WindowsPowerShell\v1.0\;c:\Program Files\Java\jdk1.8.0_131\bin\;c:\JavaTools\gradle-2.8\bin\;c:\Program Files\NetBeans 8.1\java\maven\bin;C:\Program Files (x86)\MySQL\MySQL Utilities 1.6\;C:\Program Files (x86)\Skype\Phone\;C:\Program Files (x86)\Acronis 11\CommandLineTool\
USERNAME=Ayrat
OS=Windows_NT
PROCESSOR_IDENTIFIER=Intel64 Family 6 Model 60 Stepping 3, GenuineIntel



---------------  S Y S T E M  ---------------

OS: Windows 8.1 , 64 bit Build 9600 (6.3.9600.17031)

CPU:total 2 (2 cores per cpu, 1 threads per core) family 6 model 60 stepping 3, cmov, cx8, fxsr, mmx, sse, sse2, sse3, ssse3, sse4.1, sse4.2, popcnt, clmul, erms, lzcnt, tsc, tscinvbit

Memory: 4k page, physical 4063372k(832184k free), swap 7304868k(2509532k free)

vm_info: Java HotSpot(TM) 64-Bit Server VM (25.51-b03) for windows-amd64 JRE (1.8.0_51-b16), built on Jun  8 2015 18:03:07 by "java_re" with MS VC++ 10.0 (VS2010)

time: Fri Sep 22 20:59:22 2017
elapsed time: 10 seconds (0d 0h 0m 10s)

