#
# A fatal error has been detected by the Java Runtime Environment:
#
#  EXCEPTION_ACCESS_VIOLATION (0xc0000005) at pc=0x00007ffa1575a00d, pid=5732, tid=1324
#
# JRE version: Java(TM) SE Runtime Environment (8.0_51-b16) (build 1.8.0_51-b16)
# Java VM: Java HotSpot(TM) 64-Bit Server VM (25.51-b03 mixed mode windows-amd64 compressed oops)
# Problematic frame:
# C  [jnivideoInputLib.dll+0xa00d]
#
# Failed to write core dump. Minidumps are not enabled by default on client versions of Windows
#
# If you would like to submit a bug report, please visit:
#   http://bugreport.java.com/bugreport/crash.jsp
# The crash happened outside the Java Virtual Machine in native code.
# See problematic frame for where to report the bug.
#

---------------  T H R E A D  ---------------

Current thread (0x0000000018b54000):  JavaThread "Thread-6" daemon [_thread_in_native, id=1324, stack(0x000000001c750000,0x000000001c850000)]

siginfo: ExceptionCode=0xc0000005, reading address 0x00000000719b388a

Registers:
RAX=0x00000000719b3800, RBX=0x0000000018b541f8, RCX=0x0000000000000000, RDX=0x0000000017e41768
RSP=0x000000001c84e140, RBP=0x000000001c84e230, RSI=0xffffffffffffffff, RDI=0x0000000017e41770
R8 =0x0000000000000062, R9 =0x00000000ebbe34b8, R10=0x0000000000000038, R11=0x0000000057bcacd8
R12=0x0000000000000000, R13=0x000000001c2d62a8, R14=0x000000001c84e270, R15=0x0000000000000280
RIP=0x00007ffa1575a00d, EFLAGS=0x0000000000010286

Top of Stack: (sp=0x000000001c84e140)
0x000000001c84e140:   000000001c84e1e8 0000000000200021
0x000000001c84e150:   0000000017e41770 00007ffa15755d00
0x000000001c84e160:   0000000000000000 00000000c2ae6d70
0x000000001c84e170:   fffffffffffffffe 0000000002c95d9d
0x000000001c84e180:   0000000018b54000 000000001c84e270
0x000000001c84e190:   0000000002c87ced 0000000002c95874
0x000000001c84e1a0:   0000000018b541f8 000000001c2d62b0
0x000000001c84e1b0:   0000000000200021 000000001c84e208
0x000000001c84e1c0:   00000000000001e0 00000000ffffffff
0x000000001c84e1d0:   000000001c2d5858 0000000000000000
0x000000001c84e1e0:   000000001c84e208 000000001c84e250
0x000000001c84e1f0:   000000001c84e1f0 0000000000000000
0x000000001c84e200:   000000001c84e270 000000001c2daaf0
0x000000001c84e210:   0000000000000000 000000001c2d62b0
0x000000001c84e220:   0000000000000000 000000001c84e250
0x000000001c84e230:   000000001c84e2b8 0000000002c874c0 

Instructions: (pc=0x00007ffa1575a00d)
0x00007ffa15759fed:   00 48 69 c8 c0 02 00 00 48 03 f9 c6 44 24 20 00
0x00007ffa15759ffd:   83 fe 14 7d 58 48 8d 14 f7 48 8b 82 a8 00 00 00
0x00007ffa1575a00d:   80 b8 8a 00 00 00 00 75 44 44 89 78 0c 48 8b 8a
0x00007ffa1575a01d:   a8 00 00 00 8b 84 24 80 00 00 00 89 41 10 48 8b 


Register to memory mapping:

RAX=0x00000000719b3800 is an unknown value
RBX=0x0000000018b541f8 is an unknown value
RCX=0x0000000000000000 is an unknown value
RDX=0x0000000017e41768 is an unknown value
RSP=0x000000001c84e140 is pointing into the stack for thread: 0x0000000018b54000
RBP=0x000000001c84e230 is pointing into the stack for thread: 0x0000000018b54000
RSI=0xffffffffffffffff is an unknown value
RDI=0x0000000017e41770 is an unknown value
R8 =0x0000000000000062 is an unknown value
R9 =0x00000000ebbe34b8 is an oop
org.bytedeco.javacpp.videoInputLib$videoInput 
 - klass: 'org/bytedeco/javacpp/videoInputLib$videoInput'
R10=0x0000000000000038 is an unknown value
R11=0x0000000057bcacd8 is an unknown value
R12=0x0000000000000000 is an unknown value
R13=0x000000001c2d62a8 is pointing into metadata
R14=0x000000001c84e270 is pointing into the stack for thread: 0x0000000018b54000
R15=0x0000000000000280 is an unknown value


Stack: [0x000000001c750000,0x000000001c850000],  sp=0x000000001c84e140,  free space=1016k
Native frames: (J=compiled Java code, j=interpreted, Vv=VM code, C=native code)
C  [jnivideoInputLib.dll+0xa00d]
C  0x0000000002c95874

Java frames: (J=compiled Java code, j=interpreted, Vv=VM code)
j  org.bytedeco.javacpp.videoInputLib$videoInput.setupDevice(IIII)Z+0
j  org.bytedeco.javacv.VideoInputFrameGrabber.start(I)V+79
j  org.bytedeco.javacv.VideoInputFrameGrabber.start()V+2
j  ru.waytosky.jfx.BytedecoWCamService$1.call()Ljavafx/scene/image/Image;+15
j  ru.waytosky.jfx.BytedecoWCamService$1.call()Ljava/lang/Object;+1
j  javafx.concurrent.Task$TaskCallable.call()Ljava/lang/Object;+26
j  java.util.concurrent.FutureTask.run()V+42
j  javafx.concurrent.Service.lambda$null$488(Ljavafx/concurrent/Task;)Ljava/lang/Void;+1
j  javafx.concurrent.Service$$Lambda$130.run()Ljava/lang/Object;+4
v  ~StubRoutines::call_stub
J 1204  java.security.AccessController.doPrivileged(Ljava/security/PrivilegedAction;Ljava/security/AccessControlContext;)Ljava/lang/Object; (0 bytes) @ 0x00000000030ec3e6 [0x00000000030ec380+0x66]
j  javafx.concurrent.Service.lambda$executeTask$489(Ljavafx/concurrent/Task;Ljava/security/AccessControlContext;)V+7
j  javafx.concurrent.Service$$Lambda$128.run()V+8
j  java.util.concurrent.ThreadPoolExecutor.runWorker(Ljava/util/concurrent/ThreadPoolExecutor$Worker;)V+95
j  java.util.concurrent.ThreadPoolExecutor$Worker.run()V+5
j  java.lang.Thread.run()V+11
v  ~StubRoutines::call_stub

---------------  P R O C E S S  ---------------

Java Threads: ( => current thread )
=>0x0000000018b54000 JavaThread "Thread-6" daemon [_thread_in_native, id=1324, stack(0x000000001c750000,0x000000001c850000)]
  0x0000000018b53800 JavaThread "Java2D Disposer" daemon [_thread_blocked, id=4844, stack(0x000000001eba0000,0x000000001eca0000)]
  0x0000000018b56800 JavaThread "JavaCPP Deallocator" daemon [_thread_blocked, id=6324, stack(0x000000001c850000,0x000000001c950000)]
  0x0000000018c4a800 JavaThread "Prism Font Disposer" daemon [_thread_blocked, id=6940, stack(0x000000001b960000,0x000000001ba60000)]
  0x000000001670b800 JavaThread "Thread-3" daemon [_thread_in_native, id=5428, stack(0x0000000018250000,0x0000000018350000)]
  0x00000000166ce800 JavaThread "JavaFX-Launcher" [_thread_blocked, id=1592, stack(0x0000000018350000,0x0000000018450000)]
  0x0000000016641000 JavaThread "JavaFX Application Thread" [_thread_in_native, id=6108, stack(0x0000000016ac0000,0x0000000016bc0000)]
  0x0000000016635800 JavaThread "Thread-1" daemon [_thread_blocked, id=6184, stack(0x00000000169c0000,0x0000000016ac0000)]
  0x000000001666e000 JavaThread "QuantumRenderer-0" daemon [_thread_blocked, id=3364, stack(0x0000000016730000,0x0000000016830000)]
  0x000000001506f000 JavaThread "Service Thread" daemon [_thread_blocked, id=5412, stack(0x0000000016130000,0x0000000016230000)]
  0x0000000015006800 JavaThread "C1 CompilerThread1" daemon [_thread_blocked, id=3244, stack(0x0000000016030000,0x0000000016130000)]
  0x0000000014fff800 JavaThread "C2 CompilerThread0" daemon [_thread_blocked, id=7024, stack(0x0000000015f30000,0x0000000016030000)]
  0x0000000014ffe800 JavaThread "Attach Listener" daemon [_thread_blocked, id=2224, stack(0x0000000015e30000,0x0000000015f30000)]
  0x0000000014ff9800 JavaThread "Signal Dispatcher" daemon [_thread_blocked, id=4924, stack(0x0000000015d30000,0x0000000015e30000)]
  0x0000000002c75000 JavaThread "Finalizer" daemon [_thread_blocked, id=6228, stack(0x0000000015c30000,0x0000000015d30000)]
  0x0000000002c6d000 JavaThread "Reference Handler" daemon [_thread_blocked, id=6224, stack(0x0000000015b30000,0x0000000015c30000)]
  0x0000000002a7e800 JavaThread "main" [_thread_blocked, id=5404, stack(0x0000000002a80000,0x0000000002b80000)]

Other Threads:
  0x0000000014fc6800 VMThread [stack: 0x0000000015a30000,0x0000000015b30000] [id=6620]
  0x0000000015099800 WatcherThread [stack: 0x0000000016230000,0x0000000016330000] [id=3300]

VM state:not at safepoint (normal execution)

VM Mutex/Monitor currently owned by a thread: None

Heap:
 PSYoungGen      total 40960K, used 9905K [0x00000000eb500000, 0x00000000f0500000, 0x0000000100000000)
  eden space 32768K, 22% used [0x00000000eb500000,0x00000000ebc0c430,0x00000000ed500000)
  from space 8192K, 32% used [0x00000000ed500000,0x00000000ed7a0020,0x00000000edd00000)
  to   space 8192K, 0% used [0x00000000efd00000,0x00000000efd00000,0x00000000f0500000)
 ParOldGen       total 44032K, used 13688K [0x00000000c1e00000, 0x00000000c4900000, 0x00000000eb500000)
  object space 44032K, 31% used [0x00000000c1e00000,0x00000000c2b5e110,0x00000000c4900000)
 Metaspace       used 18422K, capacity 18990K, committed 19200K, reserved 1067008K
  class space    used 2337K, capacity 2504K, committed 2560K, reserved 1048576K

Card table byte_map: [0x0000000012040000,0x0000000012240000] byte_map_base: 0x0000000011a31000

Marking Bits: (ParMarkBitMap*) 0x0000000057bd4040
 Begin Bits: [0x0000000012590000, 0x0000000013518000)
 End Bits:   [0x0000000013518000, 0x00000000144a0000)

Polling page: 0x00000000011b0000

CodeCache: size=245760Kb used=5417Kb max_used=5417Kb free=240342Kb
 bounds [0x0000000002c80000, 0x00000000031d0000, 0x0000000011c80000]
 total_blobs=2357 nmethods=1576 adapters=694
 compilation: enabled

Compilation events (10 events):
Event: 13.038 Thread 0x0000000015006800 1564       3       com.sun.javafx.geom.transform.AffineBase::isIdentity (20 bytes)
Event: 13.038 Thread 0x0000000015006800 nmethod 1564 0x00000000031c7950 code [0x00000000031c7ae0, 0x00000000031c7f98]
Event: 13.038 Thread 0x0000000015006800 1567       3       com.sun.javafx.text.TextRun::getPosX (132 bytes)
Event: 13.040 Thread 0x0000000015006800 nmethod 1567 0x00000000031c8090 code [0x00000000031c8220, 0x00000000031c86c8]
Event: 13.040 Thread 0x0000000015006800 1566       1       com.sun.prism.impl.BaseTexture::getLinearFiltering (5 bytes)
Event: 13.040 Thread 0x0000000015006800 nmethod 1566 0x00000000031c8910 code [0x00000000031c8a60, 0x00000000031c8b70]
Event: 13.148 Thread 0x0000000015006800 1568       3       javafx.event.Event::<init> (36 bytes)
Event: 13.149 Thread 0x0000000015006800 nmethod 1568 0x00000000031c8bd0 code [0x00000000031c8d60, 0x00000000031c9168]
Event: 13.149 Thread 0x0000000015006800 1569       3       java.util.EventObject::<init> (24 bytes)
Event: 13.149 Thread 0x0000000015006800 nmethod 1569 0x00000000031c9310 code [0x00000000031c9480, 0x00000000031c9748]

GC Heap History (10 events):
Event: 6.218 GC heap before
{Heap before GC invocations=3 (full 0):
 PSYoungGen      total 18944K, used 18928K [0x00000000eb500000, 0x00000000eca00000, 0x0000000100000000)
  eden space 16384K, 100% used [0x00000000eb500000,0x00000000ec500000,0x00000000ec500000)
  from space 2560K, 99% used [0x00000000ec780000,0x00000000ec9fc030,0x00000000eca00000)
  to   space 2560K, 0% used [0x00000000ec500000,0x00000000ec500000,0x00000000ec780000)
 ParOldGen       total 44032K, used 3787K [0x00000000c1e00000, 0x00000000c4900000, 0x00000000eb500000)
  object space 44032K, 8% used [0x00000000c1e00000,0x00000000c21b2d10,0x00000000c4900000)
 Metaspace       used 16616K, capacity 17138K, committed 17408K, reserved 1064960K
  class space    used 2141K, capacity 2276K, committed 2304K, reserved 1048576K
Event: 6.224 GC heap after
Heap after GC invocations=3 (full 0):
 PSYoungGen      total 18944K, used 2528K [0x00000000eb500000, 0x00000000eca00000, 0x0000000100000000)
  eden space 16384K, 0% used [0x00000000eb500000,0x00000000eb500000,0x00000000ec500000)
  from space 2560K, 98% used [0x00000000ec500000,0x00000000ec778020,0x00000000ec780000)
  to   space 2560K, 0% used [0x00000000ec780000,0x00000000ec780000,0x00000000eca00000)
 ParOldGen       total 44032K, used 4839K [0x00000000c1e00000, 0x00000000c4900000, 0x00000000eb500000)
  object space 44032K, 10% used [0x00000000c1e00000,0x00000000c22b9d10,0x00000000c4900000)
 Metaspace       used 16616K, capacity 17138K, committed 17408K, reserved 1064960K
  class space    used 2141K, capacity 2276K, committed 2304K, reserved 1048576K
}
Event: 6.437 GC heap before
{Heap before GC invocations=4 (full 0):
 PSYoungGen      total 18944K, used 17810K [0x00000000eb500000, 0x00000000eca00000, 0x0000000100000000)
  eden space 16384K, 93% used [0x00000000eb500000,0x00000000ec3ec9e0,0x00000000ec500000)
  from space 2560K, 98% used [0x00000000ec500000,0x00000000ec778020,0x00000000ec780000)
  to   space 2560K, 0% used [0x00000000ec780000,0x00000000ec780000,0x00000000eca00000)
 ParOldGen       total 44032K, used 4839K [0x00000000c1e00000, 0x00000000c4900000, 0x00000000eb500000)
  object space 44032K, 10% used [0x00000000c1e00000,0x00000000c22b9d10,0x00000000c4900000)
 Metaspace       used 18333K, capacity 18910K, committed 19200K, reserved 1067008K
  class space    used 2336K, capacity 2502K, committed 2560K, reserved 1048576K
Event: 6.443 GC heap after
Heap after GC invocations=4 (full 0):
 PSYoungGen      total 18944K, used 2544K [0x00000000eb500000, 0x00000000eca00000, 0x0000000100000000)
  eden space 16384K, 0% used [0x00000000eb500000,0x00000000eb500000,0x00000000ec500000)
  from space 2560K, 99% used [0x00000000ec780000,0x00000000ec9fc010,0x00000000eca00000)
  to   space 2560K, 0% used [0x00000000ec500000,0x00000000ec500000,0x00000000ec780000)
 ParOldGen       total 44032K, used 10135K [0x00000000c1e00000, 0x00000000c4900000, 0x00000000eb500000)
  object space 44032K, 23% used [0x00000000c1e00000,0x00000000c27e5fa0,0x00000000c4900000)
 Metaspace       used 18333K, capacity 18910K, committed 19200K, reserved 1067008K
  class space    used 2336K, capacity 2502K, committed 2560K, reserved 1048576K
}
Event: 6.676 GC heap before
{Heap before GC invocations=5 (full 0):
 PSYoungGen      total 18944K, used 18640K [0x00000000eb500000, 0x00000000eca00000, 0x0000000100000000)
  eden space 16384K, 98% used [0x00000000eb500000,0x00000000ec4b8228,0x00000000ec500000)
  from space 2560K, 99% used [0x00000000ec780000,0x00000000ec9fc010,0x00000000eca00000)
  to   space 2560K, 0% used [0x00000000ec500000,0x00000000ec500000,0x00000000ec780000)
 ParOldGen       total 44032K, used 10135K [0x00000000c1e00000, 0x00000000c4900000, 0x00000000eb500000)
  object space 44032K, 23% used [0x00000000c1e00000,0x00000000c27e5fa0,0x00000000c4900000)
 Metaspace       used 18343K, capacity 18910K, committed 19200K, reserved 1067008K
  class space    used 2336K, capacity 2502K, committed 2560K, reserved 1048576K
Event: 6.681 GC heap after
Heap after GC invocations=5 (full 0):
 PSYoungGen      total 18944K, used 2544K [0x00000000eb500000, 0x00000000ee600000, 0x0000000100000000)
  eden space 16384K, 0% used [0x00000000eb500000,0x00000000eb500000,0x00000000ec500000)
  from space 2560K, 99% used [0x00000000ec500000,0x00000000ec77c010,0x00000000ec780000)
  to   space 8704K, 0% used [0x00000000edd80000,0x00000000edd80000,0x00000000ee600000)
 ParOldGen       total 44032K, used 12567K [0x00000000c1e00000, 0x00000000c4900000, 0x00000000eb500000)
  object space 44032K, 28% used [0x00000000c1e00000,0x00000000c2a45fd0,0x00000000c4900000)
 Metaspace       used 18343K, capacity 18910K, committed 19200K, reserved 1067008K
  class space    used 2336K, capacity 2502K, committed 2560K, reserved 1048576K
}
Event: 6.895 GC heap before
{Heap before GC invocations=6 (full 0):
 PSYoungGen      total 18944K, used 18512K [0x00000000eb500000, 0x00000000ee600000, 0x0000000100000000)
  eden space 16384K, 97% used [0x00000000eb500000,0x00000000ec4981d0,0x00000000ec500000)
  from space 2560K, 99% used [0x00000000ec500000,0x00000000ec77c010,0x00000000ec780000)
  to   space 8704K, 0% used [0x00000000edd80000,0x00000000edd80000,0x00000000ee600000)
 ParOldGen       total 44032K, used 12567K [0x00000000c1e00000, 0x00000000c4900000, 0x00000000eb500000)
  object space 44032K, 28% used [0x00000000c1e00000,0x00000000c2a45fd0,0x00000000c4900000)
 Metaspace       used 18353K, capacity 18910K, committed 19200K, reserved 1067008K
  class space    used 2336K, capacity 2502K, committed 2560K, reserved 1048576K
Event: 6.899 GC heap after
Heap after GC invocations=6 (full 0):
 PSYoungGen      total 40448K, used 3776K [0x00000000eb500000, 0x00000000ee500000, 0x0000000100000000)
  eden space 32768K, 0% used [0x00000000eb500000,0x00000000eb500000,0x00000000ed500000)
  from space 7680K, 49% used [0x00000000edd80000,0x00000000ee130020,0x00000000ee500000)
  to   space 8192K, 0% used [0x00000000ed500000,0x00000000ed500000,0x00000000edd00000)
 ParOldGen       total 44032K, used 12567K [0x00000000c1e00000, 0x00000000c4900000, 0x00000000eb500000)
  object space 44032K, 28% used [0x00000000c1e00000,0x00000000c2a45fd0,0x00000000c4900000)
 Metaspace       used 18353K, capacity 18910K, committed 19200K, reserved 1067008K
  class space    used 2336K, capacity 2502K, committed 2560K, reserved 1048576K
}
Event: 7.328 GC heap before
{Heap before GC invocations=7 (full 0):
 PSYoungGen      total 40448K, used 35844K [0x00000000eb500000, 0x00000000ee500000, 0x0000000100000000)
  eden space 32768K, 97% used [0x00000000eb500000,0x00000000ed451208,0x00000000ed500000)
  from space 7680K, 49% used [0x00000000edd80000,0x00000000ee130020,0x00000000ee500000)
  to   space 8192K, 0% used [0x00000000ed500000,0x00000000ed500000,0x00000000edd00000)
 ParOldGen       total 44032K, used 12567K [0x00000000c1e00000, 0x00000000c4900000, 0x00000000eb500000)
  object space 44032K, 28% used [0x00000000c1e00000,0x00000000c2a45fd0,0x00000000c4900000)
 Metaspace       used 18385K, capacity 18978K, committed 19200K, reserved 1067008K
  class space    used 2336K, capacity 2502K, committed 2560K, reserved 1048576K
Event: 7.332 GC heap after
Heap after GC invocations=7 (full 0):
 PSYoungGen      total 40960K, used 2688K [0x00000000eb500000, 0x00000000f0500000, 0x0000000100000000)
  eden space 32768K, 0% used [0x00000000eb500000,0x00000000eb500000,0x00000000ed500000)
  from space 8192K, 32% used [0x00000000ed500000,0x00000000ed7a0020,0x00000000edd00000)
  to   space 8192K, 0% used [0x00000000efd00000,0x00000000efd00000,0x00000000f0500000)
 ParOldGen       total 44032K, used 13688K [0x00000000c1e00000, 0x00000000c4900000, 0x00000000eb500000)
  object space 44032K, 31% used [0x00000000c1e00000,0x00000000c2b5e110,0x00000000c4900000)
 Metaspace       used 18385K, capacity 18978K, committed 19200K, reserved 1067008K
  class space    used 2336K, capacity 2502K, committed 2560K, reserved 1048576K
}

Deoptimization events (10 events):
Event: 2.941 Thread 0x0000000016641000 Uncommon trap: reason=class_check action=maybe_recompile pc=0x0000000002db0770 method=java.lang.String.equals(Ljava/lang/Object;)Z @ 8
Event: 2.966 Thread 0x0000000016641000 Uncommon trap: reason=unstable_if action=reinterpret pc=0x000000000302a89c method=java.lang.String.regionMatches(ZILjava/lang/String;II)Z @ 123
Event: 4.384 Thread 0x0000000018b55800 Uncommon trap: reason=unstable_if action=reinterpret pc=0x0000000002f7a5e0 method=java.io.WinNTFileSystem.normalize(Ljava/lang/String;II)Ljava/lang/String; @ 8
Event: 5.982 Thread 0x0000000018b55800 Uncommon trap: reason=class_check action=maybe_recompile pc=0x00000000030c51c8 method=java.util.HashMap.putVal(ILjava/lang/Object;Ljava/lang/Object;ZZ)Ljava/lang/Object; @ 253
Event: 5.982 Thread 0x0000000018b55800 Uncommon trap: reason=class_check action=maybe_recompile pc=0x00000000030c51c8 method=java.util.HashMap.putVal(ILjava/lang/Object;Ljava/lang/Object;ZZ)Ljava/lang/Object; @ 253
Event: 5.983 Thread 0x0000000018b55800 Uncommon trap: reason=class_check action=maybe_recompile pc=0x00000000030c51c8 method=java.util.HashMap.putVal(ILjava/lang/Object;Ljava/lang/Object;ZZ)Ljava/lang/Object; @ 253
Event: 5.983 Thread 0x0000000018b55800 Uncommon trap: reason=class_check action=maybe_recompile pc=0x00000000030c51c8 method=java.util.HashMap.putVal(ILjava/lang/Object;Ljava/lang/Object;ZZ)Ljava/lang/Object; @ 253
Event: 6.324 Thread 0x0000000018b55800 Uncommon trap: reason=unstable_if action=reinterpret pc=0x0000000003158a68 method=org.bytedeco.javacv.Java2DFrameConverter.flipCopyWithGamma(Ljava/nio/ByteBuffer;ILjava/nio/ByteBuffer;IZDZI)V @ 50
Event: 6.327 Thread 0x0000000018b55800 Uncommon trap: reason=unstable_if action=reinterpret pc=0x0000000003179278 method=com.sun.javafx.image.impl.IntTo4ByteSameConverter.doConvert([III[BIIII)V @ 29
Event: 6.459 Thread 0x000000001666e000 Uncommon trap: reason=unstable_if action=reinterpret pc=0x00000000031718e0 method=java.util.WeakHashMap.expungeStaleEntries()V @ 9

Internal exceptions (10 events):
Event: 2.581 Thread 0x0000000016641000 Exception <a 'java/security/PrivilegedActionException'> (0x00000000ec244ae0) thrown at [C:\re\workspace\8-2-build-windows-amd64-cygwin\jdk8u51\3951\hotspot\src\share\vm\prims\jvm.cpp, line 1382]
Event: 2.581 Thread 0x0000000016641000 Exception <a 'java/security/PrivilegedActionException'> (0x00000000ec244e28) thrown at [C:\re\workspace\8-2-build-windows-amd64-cygwin\jdk8u51\3951\hotspot\src\share\vm\prims\jvm.cpp, line 1382]
Event: 2.648 Thread 0x0000000016641000 Exception <a 'java/lang/NullPointerException'> (0x00000000ec3e8dd8) thrown at [C:\re\workspace\8-2-build-windows-amd64-cygwin\jdk8u51\3951\hotspot\src\share\vm\interpreter\linkResolver.cpp, line 1178]
Event: 2.648 Thread 0x0000000016641000 Exception <a 'java/lang/NullPointerException'> (0x00000000ec3e8dd8) thrown at [C:\re\workspace\8-2-build-windows-amd64-cygwin\jdk8u51\3951\hotspot\src\share\vm\prims\jvm.cpp, line 1386]
Event: 2.772 Thread 0x0000000016641000 Exception <a 'java/lang/ArrayIndexOutOfBoundsException'> (0x00000000eb871530) thrown at [C:\re\workspace\8-2-build-windows-amd64-cygwin\jdk8u51\3951\hotspot\src\share\vm\runtime\sharedRuntime.cpp, line 605]
Event: 2.772 Thread 0x0000000016641000 Exception <a 'java/lang/ArrayIndexOutOfBoundsException'> (0x00000000eb872180) thrown at [C:\re\workspace\8-2-build-windows-amd64-cygwin\jdk8u51\3951\hotspot\src\share\vm\runtime\sharedRuntime.cpp, line 605]
Event: 2.772 Thread 0x0000000016641000 Exception <a 'java/lang/ArrayIndexOutOfBoundsException'> (0x00000000eb873478) thrown at [C:\re\workspace\8-2-build-windows-amd64-cygwin\jdk8u51\3951\hotspot\src\share\vm\runtime\sharedRuntime.cpp, line 605]
Event: 2.824 Thread 0x0000000016641000 Implicit null exception at 0x0000000002fb96b5 to 0x0000000002fb988d
Event: 6.253 Thread 0x0000000018b55800 Exception <a 'java/io/FileNotFoundException'> (0x00000000eb6281d8) thrown at [C:\re\workspace\8-2-build-windows-amd64-cygwin\jdk8u51\3951\hotspot\src\share\vm\prims\jni.cpp, line 709]
Event: 6.291 Thread 0x0000000018b55800 Exception <a 'java/io/FileNotFoundException'> (0x00000000eb768d70) thrown at [C:\re\workspace\8-2-build-windows-amd64-cygwin\jdk8u51\3951\hotspot\src\share\vm\prims\jni.cpp, line 709]

Events (10 events):
Event: 8.456 Executing VM operation: RevokeBias
Event: 8.456 Executing VM operation: RevokeBias done
Event: 8.456 Thread 0x0000000018b55800 Thread exited: 0x0000000018b55800
Event: 9.101 Thread 0x0000000018b54000 Thread added: 0x0000000018b54000
Event: 9.101 Executing VM operation: RevokeBias
Event: 9.102 Executing VM operation: RevokeBias done
Event: 10.103 Executing VM operation: RevokeBias
Event: 10.103 Executing VM operation: RevokeBias done
Event: 10.103 Thread 0x0000000018b54000 Thread exited: 0x0000000018b54000
Event: 13.149 Thread 0x0000000018b54000 Thread added: 0x0000000018b54000


Dynamic libraries:
0x00007ff6eb1e0000 - 0x00007ff6eb217000 	C:\Program Files\Java\jdk1.8.0_51\jre\bin\java.exe
0x00007ffa253d0000 - 0x00007ffa2557a000 	C:\Windows\SYSTEM32\ntdll.dll
0x00007ffa22d90000 - 0x00007ffa22eca000 	C:\Windows\system32\KERNEL32.DLL
0x00007ffa0e450000 - 0x00007ffa0e483000 	C:\Program Files\AVAST Software\Avast\x64\aswhooka.dll
0x00007ffa22b40000 - 0x00007ffa22c50000 	C:\Windows\system32\KERNELBASE.dll
0x00007ffa21370000 - 0x00007ffa213f8000 	C:\Windows\system32\apphelp.dll
0x00007ffa10b10000 - 0x00007ffa10b5f000 	C:\Windows\AppPatch\AppPatch64\AcGenral.DLL
0x00007ffa22f40000 - 0x00007ffa22fe7000 	C:\Windows\system32\msvcrt.dll
0x00007ffa225f0000 - 0x00007ffa2261b000 	C:\Windows\SYSTEM32\SspiCli.dll
0x00007ffa23f30000 - 0x00007ffa23f81000 	C:\Windows\system32\SHLWAPI.dll
0x00007ffa23db0000 - 0x00007ffa23f21000 	C:\Windows\system32\USER32.dll
0x00007ffa23790000 - 0x00007ffa23908000 	C:\Windows\system32\ole32.dll
0x00007ffa23fb0000 - 0x00007ffa253c7000 	C:\Windows\system32\SHELL32.dll
0x00007ffa21d50000 - 0x00007ffa21d6f000 	C:\Windows\SYSTEM32\USERENV.dll
0x00007ffa23370000 - 0x00007ffa23415000 	C:\Windows\system32\ADVAPI32.dll
0x00007ffa1c550000 - 0x00007ffa1c56b000 	C:\Windows\SYSTEM32\MPR.dll
0x00007ffa22c50000 - 0x00007ffa22d86000 	C:\Windows\system32\RPCRT4.dll
0x00007ffa23c30000 - 0x00007ffa23c87000 	C:\Windows\SYSTEM32\sechost.dll
0x00007ffa23090000 - 0x00007ffa23266000 	C:\Windows\SYSTEM32\combase.dll
0x00007ffa235c0000 - 0x00007ffa23705000 	C:\Windows\system32\GDI32.dll
0x00007ffa22740000 - 0x00007ffa22754000 	C:\Windows\SYSTEM32\profapi.dll
0x00007ffa20e00000 - 0x00007ffa20e9f000 	C:\Windows\SYSTEM32\SHCORE.dll
0x00007ffa23330000 - 0x00007ffa23364000 	C:\Windows\system32\IMM32.DLL
0x00007ffa23910000 - 0x00007ffa23a49000 	C:\Windows\system32\MSCTF.dll
0x00007ffa1fad0000 - 0x00007ffa1fd2a000 	C:\Windows\WinSxS\amd64_microsoft.windows.common-controls_6595b64144ccf1df_6.0.9600.17031_none_6242a4b3ecbb55a1\COMCTL32.dll
0x00000000572f0000 - 0x00000000573c2000 	C:\Program Files\Java\jdk1.8.0_51\jre\bin\msvcr100.dll
0x00000000573d0000 - 0x0000000057c53000 	C:\Program Files\Java\jdk1.8.0_51\jre\bin\server\jvm.dll
0x00007ffa15ed0000 - 0x00007ffa15ed9000 	C:\Windows\SYSTEM32\WSOCK32.dll
0x00007ffa19920000 - 0x00007ffa1993f000 	C:\Windows\SYSTEM32\WINMM.dll
0x00007ffa19950000 - 0x00007ffa1995a000 	C:\Windows\SYSTEM32\VERSION.dll
0x00007ffa23780000 - 0x00007ffa23787000 	C:\Windows\system32\PSAPI.DLL
0x00007ffa22ee0000 - 0x00007ffa22f38000 	C:\Windows\system32\WS2_32.dll
0x00007ffa198f0000 - 0x00007ffa1991a000 	C:\Windows\SYSTEM32\WINMMBASE.dll
0x00007ffa22ed0000 - 0x00007ffa22ed9000 	C:\Windows\system32\NSI.dll
0x00007ffa22810000 - 0x00007ffa2285a000 	C:\Windows\SYSTEM32\cfgmgr32.dll
0x00007ffa215c0000 - 0x00007ffa215e6000 	C:\Windows\SYSTEM32\DEVOBJ.dll
0x00000000572a0000 - 0x00000000572af000 	C:\Program Files\Java\jdk1.8.0_51\jre\bin\verify.dll
0x0000000057270000 - 0x0000000057299000 	C:\Program Files\Java\jdk1.8.0_51\jre\bin\java.dll
0x0000000057250000 - 0x0000000057266000 	C:\Program Files\Java\jdk1.8.0_51\jre\bin\zip.dll
0x0000000056f90000 - 0x0000000056fbc000 	C:\Program Files\Java\jdk1.8.0_51\jre\bin\prism_d3d.dll
0x00007ffa0fe80000 - 0x00007ffa1008a000 	C:\Windows\system32\d3d9.dll
0x00007ffa20410000 - 0x00007ffa20430000 	C:\Windows\SYSTEM32\dwmapi.dll
0x00007ffa21410000 - 0x00007ffa21531000 	C:\Windows\system32\uxtheme.dll
0x00007ffa09790000 - 0x00007ffa0af2c000 	C:\Windows\SYSTEM32\igdumdim64.dll
0x0000000056f40000 - 0x0000000056f81000 	C:\Program Files\Java\jdk1.8.0_51\jre\bin\glass.dll
0x00007ffa22ff0000 - 0x00007ffa2308a000 	C:\Windows\system32\COMDLG32.dll
0x00007ffa23270000 - 0x00007ffa23327000 	C:\Windows\system32\OLEAUT32.dll
0x00007ffa21610000 - 0x00007ffa2161a000 	C:\Windows\SYSTEM32\kernel.appcore.dll
0x00007ffa22680000 - 0x00007ffa2268a000 	C:\Windows\SYSTEM32\CRYPTBASE.dll
0x00007ffa22620000 - 0x00007ffa22680000 	C:\Windows\SYSTEM32\bcryptPrimitives.dll
0x00007ffa1def0000 - 0x00007ffa1e8b9000 	C:\Windows\SYSTEM32\igdusc64.dll
0x0000000055b40000 - 0x0000000055b55000 	C:\Program Files\Java\jdk1.8.0_51\jre\bin\javafx_font.dll
0x00007ffa1ec60000 - 0x00007ffa1ee3f000 	C:\Windows\SYSTEM32\dwrite.dll
0x00007ffa23c90000 - 0x00007ffa23d34000 	C:\Windows\SYSTEM32\clbcatq.dll
0x00007ffa20a60000 - 0x00007ffa20bf3000 	C:\Windows\SYSTEM32\WindowsCodecs.dll
0x00007ffa22000000 - 0x00007ffa2201e000 	C:\Windows\SYSTEM32\CRYPTSP.dll
0x00007ffa21c40000 - 0x00007ffa21c75000 	C:\Windows\system32\rsaenh.dll
0x00007ffa222b0000 - 0x00007ffa222d6000 	C:\Windows\SYSTEM32\bcrypt.dll
0x00007ffa17fb0000 - 0x00007ffa17fd9000 	C:\Program Files\Common Files\Microsoft Shared\Ink\rtscom.dll
0x00000000559a0000 - 0x00000000559b1000 	C:\Program Files\Java\jdk1.8.0_51\jre\bin\prism_common.dll
0x00007ffa15750000 - 0x00007ffa15776000 	C:\Users\Ayrat\.javacpp\cache\videoinput-0.200-1.3-windows-x86_64.jar\org\bytedeco\javacpp\windows-x86_64\jnivideoInputLib.dll
0x00007ffa0d3a0000 - 0x00007ffa0d446000 	C:\Windows\SYSTEM32\MSVCP120.dll
0x00007ffa16680000 - 0x00007ffa1676f000 	C:\Windows\SYSTEM32\MSVCR120.dll
0x0000000057230000 - 0x000000005724a000 	C:\Program Files\Java\jdk1.8.0_51\jre\bin\net.dll
0x00007ffa21fa0000 - 0x00007ffa21ff8000 	C:\Windows\system32\mswsock.dll
0x0000000057210000 - 0x0000000057221000 	C:\Program Files\Java\jdk1.8.0_51\jre\bin\nio.dll
0x00007ffa157f0000 - 0x00007ffa15806000 	C:\Windows\System32\devenum.dll
0x00007ffa23a50000 - 0x00007ffa23c24000 	C:\Windows\system32\setupapi.dll
0x00007ffa209c0000 - 0x00007ffa209f0000 	C:\Windows\SYSTEM32\ntmarta.dll
0x00007ffa22860000 - 0x00007ffa228ac000 	C:\Windows\system32\WINTRUST.dll
0x00007ffa228b0000 - 0x00007ffa22a87000 	C:\Windows\system32\CRYPT32.dll
0x00007ffa227f0000 - 0x00007ffa22802000 	C:\Windows\system32\MSASN1.dll
0x00007ffa1cb10000 - 0x00007ffa1cb1d000 	C:\Windows\SYSTEM32\msdmo.dll
0x00007ffa0e560000 - 0x00007ffa0e58d000 	C:\Windows\System32\qcap.dll
0x00007ffa082a0000 - 0x00007ffa08451000 	C:\Windows\System32\quartz.dll
0x00007ffa0b970000 - 0x00007ffa0b9b3000 	C:\Windows\System32\ksproxy.ax
0x00007ffa20040000 - 0x00007ffa20048000 	C:\Windows\System32\ksuser.dll
0x00007ffa0d370000 - 0x00007ffa0d393000 	C:\Windows\System32\kswdmcap.ax
0x00007ffa08150000 - 0x00007ffa0829d000 	C:\Windows\System32\MFC42.dll
0x00007ffa08090000 - 0x00007ffa0814c000 	C:\Windows\System32\ODBC32.dll
0x00007ffa0b7d0000 - 0x00007ffa0b863000 	C:\Windows\System32\qedit.dll
0x00007ffa0bb30000 - 0x00007ffa0bb59000 	C:\Windows\System32\MSVFW32.dll
0x00007ffa23420000 - 0x00007ffa235b8000 	C:\Windows\WinSxS\amd64_microsoft.windows.gdiplus_6595b64144ccf1df_1.1.9600.16384_none_9332526147499ed1\gdiplus.dll
0x00007ffa0d880000 - 0x00007ffa0d974000 	C:\Windows\System32\DDRAW.dll
0x00007ffa0d870000 - 0x00007ffa0d879000 	C:\Windows\System32\DCIMAN32.dll
0x00007ffa07fa0000 - 0x00007ffa0808f000 	C:\Users\Ayrat\.javacpp\cache\opencv-3.2.0-1.3-windows-x86_64.jar\org\bytedeco\javacpp\windows-x86_64\msvcr120.dll
0x00007ffa07ef0000 - 0x00007ffa07f96000 	C:\Users\Ayrat\.javacpp\cache\opencv-3.2.0-1.3-windows-x86_64.jar\org\bytedeco\javacpp\windows-x86_64\msvcp120.dll
0x00007ffa07c60000 - 0x00007ffa07ee8000 	C:\Users\Ayrat\.javacpp\cache\opencv-3.2.0-1.3-windows-x86_64.jar\org\bytedeco\javacpp\windows-x86_64\opencv_core320.dll
0x00007ffa05850000 - 0x00007ffa05bb2000 	C:\Users\Ayrat\.javacpp\cache\opencv-3.2.0-1.3-windows-x86_64.jar\org\bytedeco\javacpp\windows-x86_64\opencv_imgproc320.dll
0x00007ffa078c0000 - 0x00007ffa07b0a000 	C:\Users\Ayrat\.javacpp\cache\opencv-3.2.0-1.3-windows-x86_64.jar\org\bytedeco\javacpp\windows-x86_64\jniopencv_core.dll
0x00007ffa070a0000 - 0x00007ffa07190000 	C:\Users\Ayrat\.javacpp\cache\opencv-3.2.0-1.3-windows-x86_64.jar\org\bytedeco\javacpp\windows-x86_64\jniopencv_imgproc.dll
0x0000000057070000 - 0x0000000057208000 	C:\Program Files\Java\jdk1.8.0_51\jre\bin\awt.dll
0x00007ffa149e0000 - 0x00007ffa14b68000 	C:\Windows\SYSTEM32\dbghelp.dll

VM Arguments:
jvm_args: -Dfile.encoding=UTF-8 
java_command: C:\MyJava\PROJECTS\GIT\media\JavaFX ImageView Bytedeco And Marvin\dist\run1705106815\JavaFX ImageView Bytedeco And Marvin.jar
java_class_path (initial): C:\MyJava\PROJECTS\GIT\media\JavaFX ImageView Bytedeco And Marvin\dist\run1705106815\JavaFX ImageView Bytedeco And Marvin.jar
Launcher Type: SUN_STANDARD

Environment Variables:
JAVA_HOME=c:\Program Files\Java\jdk1.8.0_131\
PATH=C:\ProgramData\Oracle\Java\javapath;C:\Windows\system32;C:\Windows;C:\Windows\System32\Wbem;C:\Windows\System32\WindowsPowerShell\v1.0\;c:\Program Files\Java\jdk1.8.0_131\bin\;c:\JavaTools\gradle-2.8\bin\;c:\Program Files\NetBeans 8.1\java\maven\bin;C:\Program Files (x86)\MySQL\MySQL Utilities 1.6\;C:\Program Files (x86)\Skype\Phone\;C:\Program Files (x86)\Acronis 11\CommandLineTool\
USERNAME=Ayrat
OS=Windows_NT
PROCESSOR_IDENTIFIER=Intel64 Family 6 Model 60 Stepping 3, GenuineIntel



---------------  S Y S T E M  ---------------

OS: Windows 8.1 , 64 bit Build 9600 (6.3.9600.17031)

CPU:total 2 (2 cores per cpu, 1 threads per core) family 6 model 60 stepping 3, cmov, cx8, fxsr, mmx, sse, sse2, sse3, ssse3, sse4.1, sse4.2, popcnt, clmul, erms, lzcnt, tsc, tscinvbit

Memory: 4k page, physical 4063372k(947844k free), swap 7304868k(2227336k free)

vm_info: Java HotSpot(TM) 64-Bit Server VM (25.51-b03) for windows-amd64 JRE (1.8.0_51-b16), built on Jun  8 2015 18:03:07 by "java_re" with MS VC++ 10.0 (VS2010)

time: Fri Sep 22 22:08:40 2017
elapsed time: 13 seconds (0d 0h 0m 13s)

