#
# A fatal error has been detected by the Java Runtime Environment:
#
#  EXCEPTION_ACCESS_VIOLATION (0xc0000005) at pc=0x00007ffa1575a00d, pid=5148, tid=1604
#
# JRE version: Java(TM) SE Runtime Environment (8.0_51-b16) (build 1.8.0_51-b16)
# Java VM: Java HotSpot(TM) 64-Bit Server VM (25.51-b03 mixed mode windows-amd64 compressed oops)
# Problematic frame:
# C  [jnivideoInputLib.dll+0xa00d]
#
# Failed to write core dump. Minidumps are not enabled by default on client versions of Windows
#
# If you would like to submit a bug report, please visit:
#   http://bugreport.java.com/bugreport/crash.jsp
# The crash happened outside the Java Virtual Machine in native code.
# See problematic frame for where to report the bug.
#

---------------  T H R E A D  ---------------

Current thread (0x00000000180e0000):  JavaThread "Thread-7" daemon [_thread_in_native, id=1604, stack(0x000000001bda0000,0x000000001bea0000)]

siginfo: ExceptionCode=0xc0000005, reading address 0x00000000719b388a

Registers:
RAX=0x00000000719b3800, RBX=0x00000000180e01f8, RCX=0x0000000000000000, RDX=0x000000001c9c20c8
RSP=0x000000001be9e050, RBP=0x000000001be9e140, RSI=0xffffffffffffffff, RDI=0x000000001c9c20d0
R8 =0x0000000000000062, R9 =0x00000000edcfd878, R10=0x0000000000000056, R11=0x0000000057bcacd8
R12=0x0000000000000000, R13=0x000000001bb168e0, R14=0x000000001be9e180, R15=0x0000000000000280
RIP=0x00007ffa1575a00d, EFLAGS=0x0000000000010286

Top of Stack: (sp=0x000000001be9e050)
0x000000001be9e050:   000000001be9e0f8 0000000000200021
0x000000001be9e060:   000000001c9c20d0 00007ffa15755d00
0x000000001be9e070:   0000000000000000 00000000c2f4f2b8
0x000000001be9e080:   fffffffffffffffe 0000000002555d9d
0x000000001be9e090:   00000000180e0000 000000001be9e180
0x000000001be9e0a0:   0000000002547ced 0000000002555874
0x000000001be9e0b0:   00000000180e01f8 000000001bb168e8
0x000000001be9e0c0:   0000000000200021 000000001be9e118
0x000000001be9e0d0:   00000000000001e0 00000000ffffffff
0x000000001be9e0e0:   000000001bb15e90 0000000000000000
0x000000001be9e0f0:   000000001be9e118 000000001be9e160
0x000000001be9e100:   000000001be9e100 0000000000000000
0x000000001be9e110:   000000001be9e180 000000001bb1b128
0x000000001be9e120:   0000000000000000 000000001bb168e8
0x000000001be9e130:   0000000000000000 000000001be9e160
0x000000001be9e140:   000000001be9e1c8 00000000025474c0 

Instructions: (pc=0x00007ffa1575a00d)
0x00007ffa15759fed:   00 48 69 c8 c0 02 00 00 48 03 f9 c6 44 24 20 00
0x00007ffa15759ffd:   83 fe 14 7d 58 48 8d 14 f7 48 8b 82 a8 00 00 00
0x00007ffa1575a00d:   80 b8 8a 00 00 00 00 75 44 44 89 78 0c 48 8b 8a
0x00007ffa1575a01d:   a8 00 00 00 8b 84 24 80 00 00 00 89 41 10 48 8b 


Register to memory mapping:

RAX=0x00000000719b3800 is an unknown value
RBX=0x00000000180e01f8 is an unknown value
RCX=0x0000000000000000 is an unknown value
RDX=0x000000001c9c20c8 is an unknown value
RSP=0x000000001be9e050 is pointing into the stack for thread: 0x00000000180e0000
RBP=0x000000001be9e140 is pointing into the stack for thread: 0x00000000180e0000
RSI=0xffffffffffffffff is an unknown value
RDI=0x000000001c9c20d0 is an unknown value
R8 =0x0000000000000062 is an unknown value
R9 =0x00000000edcfd878 is an oop
org.bytedeco.javacpp.videoInputLib$videoInput 
 - klass: 'org/bytedeco/javacpp/videoInputLib$videoInput'
R10=0x0000000000000056 is an unknown value
R11=0x0000000057bcacd8 is an unknown value
R12=0x0000000000000000 is an unknown value
R13=0x000000001bb168e0 is pointing into metadata
R14=0x000000001be9e180 is pointing into the stack for thread: 0x00000000180e0000
R15=0x0000000000000280 is an unknown value


Stack: [0x000000001bda0000,0x000000001bea0000],  sp=0x000000001be9e050,  free space=1016k
Native frames: (J=compiled Java code, j=interpreted, Vv=VM code, C=native code)
C  [jnivideoInputLib.dll+0xa00d]
C  0x0000000002555874

Java frames: (J=compiled Java code, j=interpreted, Vv=VM code)
j  org.bytedeco.javacpp.videoInputLib$videoInput.setupDevice(IIII)Z+0
j  org.bytedeco.javacv.VideoInputFrameGrabber.start(I)V+79
j  org.bytedeco.javacv.VideoInputFrameGrabber.start()V+2
j  ru.waytosky.jfx.BytedecoWCamService$1.call()Ljavafx/scene/image/Image;+15
j  ru.waytosky.jfx.BytedecoWCamService$1.call()Ljava/lang/Object;+1
j  javafx.concurrent.Task$TaskCallable.call()Ljava/lang/Object;+26
j  java.util.concurrent.FutureTask.run()V+42
j  javafx.concurrent.Service.lambda$null$488(Ljavafx/concurrent/Task;)Ljava/lang/Void;+1
j  javafx.concurrent.Service$$Lambda$130.run()Ljava/lang/Object;+4
v  ~StubRoutines::call_stub
J 1288  java.security.AccessController.doPrivileged(Ljava/security/PrivilegedAction;Ljava/security/AccessControlContext;)Ljava/lang/Object; (0 bytes) @ 0x00000000029d2266 [0x00000000029d2200+0x66]
j  javafx.concurrent.Service.lambda$executeTask$489(Ljavafx/concurrent/Task;Ljava/security/AccessControlContext;)V+7
j  javafx.concurrent.Service$$Lambda$128.run()V+8
j  java.util.concurrent.ThreadPoolExecutor.runWorker(Ljava/util/concurrent/ThreadPoolExecutor$Worker;)V+95
j  java.util.concurrent.ThreadPoolExecutor$Worker.run()V+5
j  java.lang.Thread.run()V+11
v  ~StubRoutines::call_stub

---------------  P R O C E S S  ---------------

Java Threads: ( => current thread )
=>0x00000000180e0000 JavaThread "Thread-7" daemon [_thread_in_native, id=1604, stack(0x000000001bda0000,0x000000001bea0000)]
  0x0000000018deb000 JavaThread "Java2D Disposer" daemon [_thread_blocked, id=6848, stack(0x000000001e3f0000,0x000000001e4f0000)]
  0x00000000185b5800 JavaThread "JavaCPP Deallocator" daemon [_thread_blocked, id=6320, stack(0x000000001bea0000,0x000000001bfa0000)]
  0x00000000184f8800 JavaThread "Prism Font Disposer" daemon [_thread_blocked, id=4780, stack(0x000000001b170000,0x000000001b270000)]
  0x0000000016002800 JavaThread "Thread-3" daemon [_thread_in_native, id=6116, stack(0x00000000182b0000,0x00000000183b0000)]
  0x000000001600e800 JavaThread "JavaFX-Launcher" [_thread_blocked, id=7064, stack(0x00000000183b0000,0x00000000184b0000)]
  0x0000000015fd2800 JavaThread "JavaFX Application Thread" [_thread_in_native, id=7060, stack(0x0000000016310000,0x0000000016410000)]
  0x0000000015fcf000 JavaThread "Thread-1" daemon [_thread_blocked, id=3968, stack(0x0000000016210000,0x0000000016310000)]
  0x0000000015fb0000 JavaThread "QuantumRenderer-0" daemon [_thread_blocked, id=3552, stack(0x0000000016010000,0x0000000016110000)]
  0x0000000014925800 JavaThread "Service Thread" daemon [_thread_blocked, id=2936, stack(0x0000000015a10000,0x0000000015b10000)]
  0x0000000014917000 JavaThread "C1 CompilerThread1" daemon [_thread_blocked, id=6148, stack(0x0000000015910000,0x0000000015a10000)]
  0x00000000148bf000 JavaThread "C2 CompilerThread0" daemon [_thread_blocked, id=6520, stack(0x0000000015810000,0x0000000015910000)]
  0x00000000148be000 JavaThread "Attach Listener" daemon [_thread_blocked, id=3460, stack(0x0000000015710000,0x0000000015810000)]
  0x00000000148b8800 JavaThread "Signal Dispatcher" daemon [_thread_blocked, id=6440, stack(0x0000000015610000,0x0000000015710000)]
  0x0000000002535000 JavaThread "Finalizer" daemon [_thread_blocked, id=3964, stack(0x0000000015510000,0x0000000015610000)]
  0x000000000252d000 JavaThread "Reference Handler" daemon [_thread_blocked, id=7108, stack(0x0000000015410000,0x0000000015510000)]
  0x000000000243e800 JavaThread "main" [_thread_blocked, id=7036, stack(0x00000000022f0000,0x00000000023f0000)]

Other Threads:
  0x0000000014886800 VMThread [stack: 0x0000000015310000,0x0000000015410000] [id=4120]
  0x000000001491c000 WatcherThread [stack: 0x0000000015b10000,0x0000000015c10000] [id=2352]

VM state:not at safepoint (normal execution)

VM Mutex/Monitor currently owned by a thread: None

Heap:
 PSYoungGen      total 103424K, used 43868K [0x00000000eb500000, 0x00000000f2b80000, 0x0000000100000000)
  eden space 100864K, 41% used [0x00000000eb500000,0x00000000edd67030,0x00000000f1780000)
  from space 2560K, 97% used [0x00000000f1b80000,0x00000000f1df0020,0x00000000f1e00000)
  to   space 10240K, 0% used [0x00000000f2180000,0x00000000f2180000,0x00000000f2b80000)
 ParOldGen       total 44032K, used 22008K [0x00000000c1e00000, 0x00000000c4900000, 0x00000000eb500000)
  object space 44032K, 49% used [0x00000000c1e00000,0x00000000c337e2c0,0x00000000c4900000)
 Metaspace       used 18771K, capacity 19332K, committed 19456K, reserved 1067008K
  class space    used 2341K, capacity 2507K, committed 2560K, reserved 1048576K

Card table byte_map: [0x0000000011900000,0x0000000011b00000] byte_map_base: 0x00000000112f1000

Marking Bits: (ParMarkBitMap*) 0x0000000057bd4040
 Begin Bits: [0x0000000011e50000, 0x0000000012dd8000)
 End Bits:   [0x0000000012dd8000, 0x0000000013d60000)

Polling page: 0x0000000000990000

CodeCache: size=245760Kb used=6629Kb max_used=6640Kb free=239130Kb
 bounds [0x0000000002540000, 0x0000000002bc0000, 0x0000000011540000]
 total_blobs=2934 nmethods=2152 adapters=694
 compilation: enabled

Compilation events (10 events):
Event: 31.554 Thread 0x0000000014917000 2146       3       com.sun.javafx.geom.RectBounds::getWidth (10 bytes)
Event: 31.555 Thread 0x0000000014917000 nmethod 2146 0x0000000002bb4050 code [0x0000000002bb41a0, 0x0000000002bb4310]
Event: 31.555 Thread 0x0000000014917000 2147       1       java.util.Collections$EmptyIterator::hasNext (2 bytes)
Event: 31.555 Thread 0x0000000014917000 nmethod 2147 0x0000000002bb3d90 code [0x0000000002bb3ee0, 0x0000000002bb3ff0]
Event: 31.555 Thread 0x0000000014917000 2148       3       com.sun.prism.impl.BaseTexture::isSurfaceLost (16 bytes)
Event: 31.556 Thread 0x0000000014917000 nmethod 2148 0x0000000002bb3910 code [0x0000000002bb3a80, 0x0000000002bb3ce8]
Event: 31.556 Thread 0x0000000014917000 2149       3       com.sun.javafx.geom.transform.Affine3D::transform (352 bytes)
Event: 31.560 Thread 0x0000000014917000 nmethod 2149 0x0000000002bb8ad0 code [0x0000000002bb8e20, 0x0000000002bbaa68]
Event: 31.560 Thread 0x0000000014917000 2150       3       com.sun.javafx.geom.transform.AffineBase::transform (34 bytes)
Event: 31.561 Thread 0x0000000014917000 nmethod 2150 0x0000000002bb3010 code [0x0000000002bb31c0, 0x0000000002bb3778]

GC Heap History (10 events):
Event: 7.503 GC heap before
{Heap before GC invocations=7 (full 0):
 PSYoungGen      total 43008K, used 38115K [0x00000000eb500000, 0x00000000eea00000, 0x0000000100000000)
  eden space 32768K, 97% used [0x00000000eb500000,0x00000000ed421bd8,0x00000000ed500000)
  from space 10240K, 60% used [0x00000000ee000000,0x00000000ee617060,0x00000000eea00000)
  to   space 10752K, 0% used [0x00000000ed500000,0x00000000ed500000,0x00000000edf80000)
 ParOldGen       total 44032K, used 17006K [0x00000000c1e00000, 0x00000000c4900000, 0x00000000eb500000)
  object space 44032K, 38% used [0x00000000c1e00000,0x00000000c2e9bae0,0x00000000c4900000)
 Metaspace       used 18404K, capacity 18978K, committed 19200K, reserved 1067008K
  class space    used 2337K, capacity 2502K, committed 2560K, reserved 1048576K
Event: 7.509 GC heap after
Heap after GC invocations=7 (full 0):
 PSYoungGen      total 43520K, used 5356K [0x00000000eb500000, 0x00000000f0900000, 0x0000000100000000)
  eden space 32768K, 0% used [0x00000000eb500000,0x00000000eb500000,0x00000000ed500000)
  from space 10752K, 49% used [0x00000000ed500000,0x00000000eda3b050,0x00000000edf80000)
  to   space 10240K, 0% used [0x00000000eff00000,0x00000000eff00000,0x00000000f0900000)
 ParOldGen       total 44032K, used 17864K [0x00000000c1e00000, 0x00000000c4900000, 0x00000000eb500000)
  object space 44032K, 40% used [0x00000000c1e00000,0x00000000c2f72270,0x00000000c4900000)
 Metaspace       used 18404K, capacity 18978K, committed 19200K, reserved 1067008K
  class space    used 2337K, capacity 2502K, committed 2560K, reserved 1048576K
}
Event: 7.957 GC heap before
{Heap before GC invocations=8 (full 0):
 PSYoungGen      total 43520K, used 37313K [0x00000000eb500000, 0x00000000f0900000, 0x0000000100000000)
  eden space 32768K, 97% used [0x00000000eb500000,0x00000000ed4354c8,0x00000000ed500000)
  from space 10752K, 49% used [0x00000000ed500000,0x00000000eda3b050,0x00000000edf80000)
  to   space 10240K, 0% used [0x00000000eff00000,0x00000000eff00000,0x00000000f0900000)
 ParOldGen       total 44032K, used 17864K [0x00000000c1e00000, 0x00000000c4900000, 0x00000000eb500000)
  object space 44032K, 40% used [0x00000000c1e00000,0x00000000c2f72270,0x00000000c4900000)
 Metaspace       used 18421K, capacity 18978K, committed 19200K, reserved 1067008K
  class space    used 2337K, capacity 2502K, committed 2560K, reserved 1048576K
Event: 7.962 GC heap after
Heap after GC invocations=8 (full 0):
 PSYoungGen      total 74752K, used 6096K [0x00000000eb500000, 0x00000000f0800000, 0x0000000100000000)
  eden space 65536K, 0% used [0x00000000eb500000,0x00000000eb500000,0x00000000ef500000)
  from space 9216K, 66% used [0x00000000eff00000,0x00000000f04f4050,0x00000000f0800000)
  to   space 9728K, 0% used [0x00000000ef500000,0x00000000ef500000,0x00000000efe80000)
 ParOldGen       total 44032K, used 18352K [0x00000000c1e00000, 0x00000000c4900000, 0x00000000eb500000)
  object space 44032K, 41% used [0x00000000c1e00000,0x00000000c2fec290,0x00000000c4900000)
 Metaspace       used 18421K, capacity 18978K, committed 19200K, reserved 1067008K
  class space    used 2337K, capacity 2502K, committed 2560K, reserved 1048576K
}
Event: 8.889 GC heap before
{Heap before GC invocations=9 (full 0):
 PSYoungGen      total 74752K, used 71204K [0x00000000eb500000, 0x00000000f0800000, 0x0000000100000000)
  eden space 65536K, 99% used [0x00000000eb500000,0x00000000ef4951d0,0x00000000ef500000)
  from space 9216K, 66% used [0x00000000eff00000,0x00000000f04f4050,0x00000000f0800000)
  to   space 9728K, 0% used [0x00000000ef500000,0x00000000ef500000,0x00000000efe80000)
 ParOldGen       total 44032K, used 18352K [0x00000000c1e00000, 0x00000000c4900000, 0x00000000eb500000)
  object space 44032K, 41% used [0x00000000c1e00000,0x00000000c2fec290,0x00000000c4900000)
 Metaspace       used 18503K, capacity 19044K, committed 19200K, reserved 1067008K
  class space    used 2338K, capacity 2503K, committed 2560K, reserved 1048576K
Event: 8.892 GC heap after
Heap after GC invocations=9 (full 0):
 PSYoungGen      total 75264K, used 1296K [0x00000000eb500000, 0x00000000f2f80000, 0x0000000100000000)
  eden space 65536K, 0% used [0x00000000eb500000,0x00000000eb500000,0x00000000ef500000)
  from space 9728K, 13% used [0x00000000ef500000,0x00000000ef644010,0x00000000efe80000)
  to   space 10240K, 0% used [0x00000000f2580000,0x00000000f2580000,0x00000000f2f80000)
 ParOldGen       total 44032K, used 20768K [0x00000000c1e00000, 0x00000000c4900000, 0x00000000eb500000)
  object space 44032K, 47% used [0x00000000c1e00000,0x00000000c32482b0,0x00000000c4900000)
 Metaspace       used 18503K, capacity 19044K, committed 19200K, reserved 1067008K
  class space    used 2338K, capacity 2503K, committed 2560K, reserved 1048576K
}
Event: 9.780 GC heap before
{Heap before GC invocations=10 (full 0):
 PSYoungGen      total 75264K, used 66022K [0x00000000eb500000, 0x00000000f2f80000, 0x0000000100000000)
  eden space 65536K, 98% used [0x00000000eb500000,0x00000000ef435950,0x00000000ef500000)
  from space 9728K, 13% used [0x00000000ef500000,0x00000000ef644010,0x00000000efe80000)
  to   space 10240K, 0% used [0x00000000f2580000,0x00000000f2580000,0x00000000f2f80000)
 ParOldGen       total 44032K, used 20768K [0x00000000c1e00000, 0x00000000c4900000, 0x00000000eb500000)
  object space 44032K, 47% used [0x00000000c1e00000,0x00000000c32482b0,0x00000000c4900000)
 Metaspace       used 18553K, capacity 19120K, committed 19456K, reserved 1067008K
  class space    used 2340K, capacity 2505K, committed 2560K, reserved 1048576K
Event: 9.783 GC heap after
Heap after GC invocations=10 (full 0):
 PSYoungGen      total 115200K, used 3696K [0x00000000eb500000, 0x00000000f2f80000, 0x0000000100000000)
  eden space 104960K, 0% used [0x00000000eb500000,0x00000000eb500000,0x00000000f1b80000)
  from space 10240K, 36% used [0x00000000f2580000,0x00000000f291c030,0x00000000f2f80000)
  to   space 10240K, 0% used [0x00000000f1b80000,0x00000000f1b80000,0x00000000f2580000)
 ParOldGen       total 44032K, used 20784K [0x00000000c1e00000, 0x00000000c4900000, 0x00000000eb500000)
  object space 44032K, 47% used [0x00000000c1e00000,0x00000000c324c2b0,0x00000000c4900000)
 Metaspace       used 18553K, capacity 19120K, committed 19456K, reserved 1067008K
  class space    used 2340K, capacity 2505K, committed 2560K, reserved 1048576K
}
Event: 11.269 GC heap before
{Heap before GC invocations=11 (full 0):
 PSYoungGen      total 115200K, used 108645K [0x00000000eb500000, 0x00000000f2f80000, 0x0000000100000000)
  eden space 104960K, 99% used [0x00000000eb500000,0x00000000f1b7d3d0,0x00000000f1b80000)
  from space 10240K, 36% used [0x00000000f2580000,0x00000000f291c030,0x00000000f2f80000)
  to   space 10240K, 0% used [0x00000000f1b80000,0x00000000f1b80000,0x00000000f2580000)
 ParOldGen       total 44032K, used 20784K [0x00000000c1e00000, 0x00000000c4900000, 0x00000000eb500000)
  object space 44032K, 47% used [0x00000000c1e00000,0x00000000c324c2b0,0x00000000c4900000)
 Metaspace       used 18627K, capacity 19120K, committed 19456K, reserved 1067008K
  class space    used 2340K, capacity 2505K, committed 2560K, reserved 1048576K
Event: 11.273 GC heap after
Heap after GC invocations=11 (full 0):
 PSYoungGen      total 103424K, used 2496K [0x00000000eb500000, 0x00000000f2b80000, 0x0000000100000000)
  eden space 100864K, 0% used [0x00000000eb500000,0x00000000eb500000,0x00000000f1780000)
  from space 2560K, 97% used [0x00000000f1b80000,0x00000000f1df0020,0x00000000f1e00000)
  to   space 10240K, 0% used [0x00000000f2180000,0x00000000f2180000,0x00000000f2b80000)
 ParOldGen       total 44032K, used 22008K [0x00000000c1e00000, 0x00000000c4900000, 0x00000000eb500000)
  object space 44032K, 49% used [0x00000000c1e00000,0x00000000c337e2c0,0x00000000c4900000)
 Metaspace       used 18627K, capacity 19120K, committed 19456K, reserved 1067008K
  class space    used 2340K, capacity 2505K, committed 2560K, reserved 1048576K
}

Deoptimization events (10 events):
Event: 3.257 Thread 0x0000000015fd2800 Uncommon trap: reason=class_check action=maybe_recompile pc=0x000000000266fe30 method=java.lang.String.equals(Ljava/lang/Object;)Z @ 8
Event: 4.537 Thread 0x0000000018589000 Uncommon trap: reason=bimorphic action=maybe_recompile pc=0x000000000299986c method=java.util.HashMap.putVal(ILjava/lang/Object;Ljava/lang/Object;ZZ)Ljava/lang/Object; @ 203
Event: 4.537 Thread 0x0000000018589000 Uncommon trap: reason=bimorphic action=maybe_recompile pc=0x000000000299986c method=java.util.HashMap.putVal(ILjava/lang/Object;Ljava/lang/Object;ZZ)Ljava/lang/Object; @ 203
Event: 4.538 Thread 0x0000000018589000 Uncommon trap: reason=unstable_if action=reinterpret pc=0x0000000002837b64 method=java.io.WinNTFileSystem.normalize(Ljava/lang/String;II)Ljava/lang/String; @ 8
Event: 6.151 Thread 0x0000000018589000 Uncommon trap: reason=class_check action=maybe_recompile pc=0x00000000029997c4 method=java.util.HashMap.putVal(ILjava/lang/Object;Ljava/lang/Object;ZZ)Ljava/lang/Object; @ 253
Event: 6.151 Thread 0x0000000018589000 Uncommon trap: reason=class_check action=maybe_recompile pc=0x00000000029997c4 method=java.util.HashMap.putVal(ILjava/lang/Object;Ljava/lang/Object;ZZ)Ljava/lang/Object; @ 253
Event: 6.152 Thread 0x0000000018589000 Uncommon trap: reason=class_check action=maybe_recompile pc=0x00000000029997c4 method=java.util.HashMap.putVal(ILjava/lang/Object;Ljava/lang/Object;ZZ)Ljava/lang/Object; @ 253
Event: 6.152 Thread 0x0000000018589000 Uncommon trap: reason=class_check action=maybe_recompile pc=0x00000000029997c4 method=java.util.HashMap.putVal(ILjava/lang/Object;Ljava/lang/Object;ZZ)Ljava/lang/Object; @ 253
Event: 6.469 Thread 0x0000000018589000 Uncommon trap: reason=unstable_if action=reinterpret pc=0x0000000002a4ba38 method=com.sun.javafx.image.impl.IntTo4ByteSameConverter.doConvert([III[BIIII)V @ 29
Event: 6.625 Thread 0x0000000015fb0000 Uncommon trap: reason=unstable_if action=reinterpret pc=0x0000000002a4b220 method=java.util.WeakHashMap.expungeStaleEntries()V @ 9

Internal exceptions (10 events):
Event: 2.770 Thread 0x0000000015fd2800 Exception <a 'java/security/PrivilegedActionException'> (0x00000000ec244ab0) thrown at [C:\re\workspace\8-2-build-windows-amd64-cygwin\jdk8u51\3951\hotspot\src\share\vm\prims\jvm.cpp, line 1382]
Event: 2.770 Thread 0x0000000015fd2800 Exception <a 'java/security/PrivilegedActionException'> (0x00000000ec244df8) thrown at [C:\re\workspace\8-2-build-windows-amd64-cygwin\jdk8u51\3951\hotspot\src\share\vm\prims\jvm.cpp, line 1382]
Event: 2.851 Thread 0x0000000015fd2800 Exception <a 'java/lang/NullPointerException'> (0x00000000ec3e8dd8) thrown at [C:\re\workspace\8-2-build-windows-amd64-cygwin\jdk8u51\3951\hotspot\src\share\vm\interpreter\linkResolver.cpp, line 1178]
Event: 2.851 Thread 0x0000000015fd2800 Exception <a 'java/lang/NullPointerException'> (0x00000000ec3e8dd8) thrown at [C:\re\workspace\8-2-build-windows-amd64-cygwin\jdk8u51\3951\hotspot\src\share\vm\prims\jvm.cpp, line 1386]
Event: 3.000 Thread 0x0000000015fd2800 Exception <a 'java/lang/ArrayIndexOutOfBoundsException'> (0x00000000eb871ff0) thrown at [C:\re\workspace\8-2-build-windows-amd64-cygwin\jdk8u51\3951\hotspot\src\share\vm\runtime\sharedRuntime.cpp, line 605]
Event: 3.000 Thread 0x0000000015fd2800 Exception <a 'java/lang/ArrayIndexOutOfBoundsException'> (0x00000000eb872c40) thrown at [C:\re\workspace\8-2-build-windows-amd64-cygwin\jdk8u51\3951\hotspot\src\share\vm\runtime\sharedRuntime.cpp, line 605]
Event: 3.000 Thread 0x0000000015fd2800 Exception <a 'java/lang/ArrayIndexOutOfBoundsException'> (0x00000000eb873f38) thrown at [C:\re\workspace\8-2-build-windows-amd64-cygwin\jdk8u51\3951\hotspot\src\share\vm\runtime\sharedRuntime.cpp, line 605]
Event: 3.051 Thread 0x0000000015fd2800 Implicit null exception at 0x0000000002885175 to 0x000000000288534d
Event: 6.385 Thread 0x0000000018589000 Exception <a 'java/io/FileNotFoundException'> (0x00000000eb615e98) thrown at [C:\re\workspace\8-2-build-windows-amd64-cygwin\jdk8u51\3951\hotspot\src\share\vm\prims\jni.cpp, line 709]
Event: 6.425 Thread 0x0000000018589000 Exception <a 'java/io/FileNotFoundException'> (0x00000000eb675a10) thrown at [C:\re\workspace\8-2-build-windows-amd64-cygwin\jdk8u51\3951\hotspot\src\share\vm\prims\jni.cpp, line 709]

Events (10 events):
Event: 15.025 Executing VM operation: RevokeBias
Event: 15.025 Executing VM operation: RevokeBias done
Event: 15.025 Thread 0x0000000018589000 Thread exited: 0x0000000018589000
Event: 19.278 Thread 0x0000000015d74000 Thread added: 0x0000000015d74000
Event: 19.279 Executing VM operation: RevokeBias
Event: 19.279 Executing VM operation: RevokeBias done
Event: 20.280 Executing VM operation: RevokeBias
Event: 20.280 Executing VM operation: RevokeBias done
Event: 20.280 Thread 0x0000000015d74000 Thread exited: 0x0000000015d74000
Event: 31.670 Thread 0x00000000180e0000 Thread added: 0x00000000180e0000


Dynamic libraries:
0x00007ff6eb1e0000 - 0x00007ff6eb217000 	C:\Program Files\Java\jdk1.8.0_51\jre\bin\java.exe
0x00007ffa253d0000 - 0x00007ffa2557a000 	C:\Windows\SYSTEM32\ntdll.dll
0x00007ffa22d90000 - 0x00007ffa22eca000 	C:\Windows\system32\KERNEL32.DLL
0x00007ffa0e450000 - 0x00007ffa0e483000 	C:\Program Files\AVAST Software\Avast\x64\aswhooka.dll
0x00007ffa22b40000 - 0x00007ffa22c50000 	C:\Windows\system32\KERNELBASE.dll
0x00007ffa21370000 - 0x00007ffa213f8000 	C:\Windows\system32\apphelp.dll
0x00007ffa10b10000 - 0x00007ffa10b5f000 	C:\Windows\AppPatch\AppPatch64\AcGenral.DLL
0x00007ffa22f40000 - 0x00007ffa22fe7000 	C:\Windows\system32\msvcrt.dll
0x00007ffa225f0000 - 0x00007ffa2261b000 	C:\Windows\SYSTEM32\SspiCli.dll
0x00007ffa23f30000 - 0x00007ffa23f81000 	C:\Windows\system32\SHLWAPI.dll
0x00007ffa23db0000 - 0x00007ffa23f21000 	C:\Windows\system32\USER32.dll
0x00007ffa23790000 - 0x00007ffa23908000 	C:\Windows\system32\ole32.dll
0x00007ffa23fb0000 - 0x00007ffa253c7000 	C:\Windows\system32\SHELL32.dll
0x00007ffa21d50000 - 0x00007ffa21d6f000 	C:\Windows\SYSTEM32\USERENV.dll
0x00007ffa23370000 - 0x00007ffa23415000 	C:\Windows\system32\ADVAPI32.dll
0x00007ffa1c550000 - 0x00007ffa1c56b000 	C:\Windows\SYSTEM32\MPR.dll
0x00007ffa22c50000 - 0x00007ffa22d86000 	C:\Windows\system32\RPCRT4.dll
0x00007ffa23c30000 - 0x00007ffa23c87000 	C:\Windows\SYSTEM32\sechost.dll
0x00007ffa23090000 - 0x00007ffa23266000 	C:\Windows\SYSTEM32\combase.dll
0x00007ffa235c0000 - 0x00007ffa23705000 	C:\Windows\system32\GDI32.dll
0x00007ffa22740000 - 0x00007ffa22754000 	C:\Windows\SYSTEM32\profapi.dll
0x00007ffa20e00000 - 0x00007ffa20e9f000 	C:\Windows\SYSTEM32\SHCORE.dll
0x00007ffa23330000 - 0x00007ffa23364000 	C:\Windows\system32\IMM32.DLL
0x00007ffa23910000 - 0x00007ffa23a49000 	C:\Windows\system32\MSCTF.dll
0x00007ffa1fad0000 - 0x00007ffa1fd2a000 	C:\Windows\WinSxS\amd64_microsoft.windows.common-controls_6595b64144ccf1df_6.0.9600.17031_none_6242a4b3ecbb55a1\COMCTL32.dll
0x00000000572f0000 - 0x00000000573c2000 	C:\Program Files\Java\jdk1.8.0_51\jre\bin\msvcr100.dll
0x00000000573d0000 - 0x0000000057c53000 	C:\Program Files\Java\jdk1.8.0_51\jre\bin\server\jvm.dll
0x00007ffa15ed0000 - 0x00007ffa15ed9000 	C:\Windows\SYSTEM32\WSOCK32.dll
0x00007ffa19920000 - 0x00007ffa1993f000 	C:\Windows\SYSTEM32\WINMM.dll
0x00007ffa19950000 - 0x00007ffa1995a000 	C:\Windows\SYSTEM32\VERSION.dll
0x00007ffa23780000 - 0x00007ffa23787000 	C:\Windows\system32\PSAPI.DLL
0x00007ffa22ee0000 - 0x00007ffa22f38000 	C:\Windows\system32\WS2_32.dll
0x00007ffa198f0000 - 0x00007ffa1991a000 	C:\Windows\SYSTEM32\WINMMBASE.dll
0x00007ffa22ed0000 - 0x00007ffa22ed9000 	C:\Windows\system32\NSI.dll
0x00007ffa22810000 - 0x00007ffa2285a000 	C:\Windows\SYSTEM32\cfgmgr32.dll
0x00007ffa215c0000 - 0x00007ffa215e6000 	C:\Windows\SYSTEM32\DEVOBJ.dll
0x00000000572a0000 - 0x00000000572af000 	C:\Program Files\Java\jdk1.8.0_51\jre\bin\verify.dll
0x0000000057270000 - 0x0000000057299000 	C:\Program Files\Java\jdk1.8.0_51\jre\bin\java.dll
0x0000000057250000 - 0x0000000057266000 	C:\Program Files\Java\jdk1.8.0_51\jre\bin\zip.dll
0x0000000056f90000 - 0x0000000056fbc000 	C:\Program Files\Java\jdk1.8.0_51\jre\bin\prism_d3d.dll
0x00007ffa0fe80000 - 0x00007ffa1008a000 	C:\Windows\system32\d3d9.dll
0x00007ffa20410000 - 0x00007ffa20430000 	C:\Windows\SYSTEM32\dwmapi.dll
0x00007ffa21410000 - 0x00007ffa21531000 	C:\Windows\system32\uxtheme.dll
0x00007ffa09790000 - 0x00007ffa0af2c000 	C:\Windows\SYSTEM32\igdumdim64.dll
0x0000000056f40000 - 0x0000000056f81000 	C:\Program Files\Java\jdk1.8.0_51\jre\bin\glass.dll
0x00007ffa22ff0000 - 0x00007ffa2308a000 	C:\Windows\system32\COMDLG32.dll
0x00007ffa23270000 - 0x00007ffa23327000 	C:\Windows\system32\OLEAUT32.dll
0x00007ffa21610000 - 0x00007ffa2161a000 	C:\Windows\SYSTEM32\kernel.appcore.dll
0x00007ffa22680000 - 0x00007ffa2268a000 	C:\Windows\SYSTEM32\CRYPTBASE.dll
0x00007ffa22620000 - 0x00007ffa22680000 	C:\Windows\SYSTEM32\bcryptPrimitives.dll
0x00007ffa1def0000 - 0x00007ffa1e8b9000 	C:\Windows\SYSTEM32\igdusc64.dll
0x0000000055b40000 - 0x0000000055b55000 	C:\Program Files\Java\jdk1.8.0_51\jre\bin\javafx_font.dll
0x00007ffa1ec60000 - 0x00007ffa1ee3f000 	C:\Windows\SYSTEM32\dwrite.dll
0x00007ffa23c90000 - 0x00007ffa23d34000 	C:\Windows\SYSTEM32\clbcatq.dll
0x00007ffa20a60000 - 0x00007ffa20bf3000 	C:\Windows\SYSTEM32\WindowsCodecs.dll
0x00007ffa22000000 - 0x00007ffa2201e000 	C:\Windows\SYSTEM32\CRYPTSP.dll
0x00007ffa21c40000 - 0x00007ffa21c75000 	C:\Windows\system32\rsaenh.dll
0x00007ffa222b0000 - 0x00007ffa222d6000 	C:\Windows\SYSTEM32\bcrypt.dll
0x00007ffa17fb0000 - 0x00007ffa17fd9000 	C:\Program Files\Common Files\Microsoft Shared\Ink\rtscom.dll
0x00000000559a0000 - 0x00000000559b1000 	C:\Program Files\Java\jdk1.8.0_51\jre\bin\prism_common.dll
0x00007ffa15750000 - 0x00007ffa15776000 	C:\Users\Ayrat\.javacpp\cache\videoinput-0.200-1.3-windows-x86_64.jar\org\bytedeco\javacpp\windows-x86_64\jnivideoInputLib.dll
0x00007ffa0d3a0000 - 0x00007ffa0d446000 	C:\Windows\SYSTEM32\MSVCP120.dll
0x00007ffa16680000 - 0x00007ffa1676f000 	C:\Windows\SYSTEM32\MSVCR120.dll
0x0000000057230000 - 0x000000005724a000 	C:\Program Files\Java\jdk1.8.0_51\jre\bin\net.dll
0x00007ffa21fa0000 - 0x00007ffa21ff8000 	C:\Windows\system32\mswsock.dll
0x0000000057210000 - 0x0000000057221000 	C:\Program Files\Java\jdk1.8.0_51\jre\bin\nio.dll
0x00007ffa157f0000 - 0x00007ffa15806000 	C:\Windows\System32\devenum.dll
0x00007ffa23a50000 - 0x00007ffa23c24000 	C:\Windows\system32\setupapi.dll
0x00007ffa209c0000 - 0x00007ffa209f0000 	C:\Windows\SYSTEM32\ntmarta.dll
0x00007ffa22860000 - 0x00007ffa228ac000 	C:\Windows\system32\WINTRUST.dll
0x00007ffa228b0000 - 0x00007ffa22a87000 	C:\Windows\system32\CRYPT32.dll
0x00007ffa227f0000 - 0x00007ffa22802000 	C:\Windows\system32\MSASN1.dll
0x00007ffa1cb10000 - 0x00007ffa1cb1d000 	C:\Windows\SYSTEM32\msdmo.dll
0x00007ffa0e560000 - 0x00007ffa0e58d000 	C:\Windows\System32\qcap.dll
0x00007ffa082a0000 - 0x00007ffa08451000 	C:\Windows\System32\quartz.dll
0x00007ffa0b970000 - 0x00007ffa0b9b3000 	C:\Windows\System32\ksproxy.ax
0x00007ffa20040000 - 0x00007ffa20048000 	C:\Windows\System32\ksuser.dll
0x00007ffa0d370000 - 0x00007ffa0d393000 	C:\Windows\System32\kswdmcap.ax
0x00007ffa08150000 - 0x00007ffa0829d000 	C:\Windows\System32\MFC42.dll
0x00007ffa08090000 - 0x00007ffa0814c000 	C:\Windows\System32\ODBC32.dll
0x00007ffa0b7d0000 - 0x00007ffa0b863000 	C:\Windows\System32\qedit.dll
0x00007ffa0bb30000 - 0x00007ffa0bb59000 	C:\Windows\System32\MSVFW32.dll
0x00007ffa23420000 - 0x00007ffa235b8000 	C:\Windows\WinSxS\amd64_microsoft.windows.gdiplus_6595b64144ccf1df_1.1.9600.16384_none_9332526147499ed1\gdiplus.dll
0x00007ffa0d880000 - 0x00007ffa0d974000 	C:\Windows\System32\DDRAW.dll
0x00007ffa0d870000 - 0x00007ffa0d879000 	C:\Windows\System32\DCIMAN32.dll
0x00007ffa07fa0000 - 0x00007ffa0808f000 	C:\Users\Ayrat\.javacpp\cache\opencv-3.2.0-1.3-windows-x86_64.jar\org\bytedeco\javacpp\windows-x86_64\msvcr120.dll
0x00007ffa07ef0000 - 0x00007ffa07f96000 	C:\Users\Ayrat\.javacpp\cache\opencv-3.2.0-1.3-windows-x86_64.jar\org\bytedeco\javacpp\windows-x86_64\msvcp120.dll
0x00007ffa07c60000 - 0x00007ffa07ee8000 	C:\Users\Ayrat\.javacpp\cache\opencv-3.2.0-1.3-windows-x86_64.jar\org\bytedeco\javacpp\windows-x86_64\opencv_core320.dll
0x00007ffa05850000 - 0x00007ffa05bb2000 	C:\Users\Ayrat\.javacpp\cache\opencv-3.2.0-1.3-windows-x86_64.jar\org\bytedeco\javacpp\windows-x86_64\opencv_imgproc320.dll
0x00007ffa078c0000 - 0x00007ffa07b0a000 	C:\Users\Ayrat\.javacpp\cache\opencv-3.2.0-1.3-windows-x86_64.jar\org\bytedeco\javacpp\windows-x86_64\jniopencv_core.dll
0x00007ffa070a0000 - 0x00007ffa07190000 	C:\Users\Ayrat\.javacpp\cache\opencv-3.2.0-1.3-windows-x86_64.jar\org\bytedeco\javacpp\windows-x86_64\jniopencv_imgproc.dll
0x0000000057070000 - 0x0000000057208000 	C:\Program Files\Java\jdk1.8.0_51\jre\bin\awt.dll
0x00007ffa149e0000 - 0x00007ffa14b68000 	C:\Windows\SYSTEM32\dbghelp.dll

VM Arguments:
jvm_args: -Dfile.encoding=UTF-8 
java_command: C:\MyJava\PROJECTS\GIT\media\JavaFX ImageView Bytedeco And Marvin\dist\run1031291333\JavaFX ImageView Bytedeco And Marvin.jar
java_class_path (initial): C:\MyJava\PROJECTS\GIT\media\JavaFX ImageView Bytedeco And Marvin\dist\run1031291333\JavaFX ImageView Bytedeco And Marvin.jar
Launcher Type: SUN_STANDARD

Environment Variables:
JAVA_HOME=c:\Program Files\Java\jdk1.8.0_131\
PATH=C:\ProgramData\Oracle\Java\javapath;C:\Windows\system32;C:\Windows;C:\Windows\System32\Wbem;C:\Windows\System32\WindowsPowerShell\v1.0\;c:\Program Files\Java\jdk1.8.0_131\bin\;c:\JavaTools\gradle-2.8\bin\;c:\Program Files\NetBeans 8.1\java\maven\bin;C:\Program Files (x86)\MySQL\MySQL Utilities 1.6\;C:\Program Files (x86)\Skype\Phone\;C:\Program Files (x86)\Acronis 11\CommandLineTool\
USERNAME=Ayrat
OS=Windows_NT
PROCESSOR_IDENTIFIER=Intel64 Family 6 Model 60 Stepping 3, GenuineIntel



---------------  S Y S T E M  ---------------

OS: Windows 8.1 , 64 bit Build 9600 (6.3.9600.17031)

CPU:total 2 (2 cores per cpu, 1 threads per core) family 6 model 60 stepping 3, cmov, cx8, fxsr, mmx, sse, sse2, sse3, ssse3, sse4.1, sse4.2, popcnt, clmul, erms, lzcnt, tsc, tscinvbit

Memory: 4k page, physical 4063372k(905516k free), swap 7304868k(2144008k free)

vm_info: Java HotSpot(TM) 64-Bit Server VM (25.51-b03) for windows-amd64 JRE (1.8.0_51-b16), built on Jun  8 2015 18:03:07 by "java_re" with MS VC++ 10.0 (VS2010)

time: Fri Sep 22 22:33:18 2017
elapsed time: 31 seconds (0d 0h 0m 31s)

