#
# A fatal error has been detected by the Java Runtime Environment:
#
#  EXCEPTION_ACCESS_VIOLATION (0xc0000005) at pc=0x00007ffa1575a00d, pid=5092, tid=5056
#
# JRE version: Java(TM) SE Runtime Environment (8.0_51-b16) (build 1.8.0_51-b16)
# Java VM: Java HotSpot(TM) 64-Bit Server VM (25.51-b03 mixed mode windows-amd64 compressed oops)
# Problematic frame:
# C  [jnivideoInputLib.dll+0xa00d]
#
# Failed to write core dump. Minidumps are not enabled by default on client versions of Windows
#
# If you would like to submit a bug report, please visit:
#   http://bugreport.java.com/bugreport/crash.jsp
# The crash happened outside the Java Virtual Machine in native code.
# See problematic frame for where to report the bug.
#

---------------  T H R E A D  ---------------

Current thread (0x0000000016792800):  JavaThread "Thread-5" daemon [_thread_in_native, id=5056, stack(0x000000001c8e0000,0x000000001c9e0000)]

siginfo: ExceptionCode=0xc0000005, reading address 0xffffffffffffffff

Registers:
RAX=0x9192918e719b3800, RBX=0x00000000167929f8, RCX=0x0000000000000000, RDX=0x000000002077e008
RSP=0x000000001c9ddd80, RBP=0x000000001c9dde70, RSI=0xffffffffffffffff, RDI=0x000000002077e010
R8 =0x0000000000000062, R9 =0x00000000ebc40160, R10=0x0000000000000030, R11=0x0000000057bcacd8
R12=0x0000000000000000, R13=0x000000001c4958e0, R14=0x000000001c9ddeb0, R15=0x0000000000000280
RIP=0x00007ffa1575a00d, EFLAGS=0x0000000000010286

Top of Stack: (sp=0x000000001c9ddd80)
0x000000001c9ddd80:   000000001c9dde28 0000000000200021
0x000000001c9ddd90:   000000002077e010 00007ffa15755d00
0x000000001c9ddda0:   0000000000000000 00000000c2a0f800
0x000000001c9dddb0:   fffffffffffffffe 0000000002e75d9d
0x000000001c9dddc0:   0000000016792800 000000001c9ddeb0
0x000000001c9dddd0:   0000000002e67ced 0000000002e75874
0x000000001c9ddde0:   00000000167929f8 000000001c4958e8
0x000000001c9dddf0:   0000000000200021 000000001c9dde48
0x000000001c9dde00:   00000000000001e0 00000000ffffffff
0x000000001c9dde10:   000000001c494e90 0000000000000000
0x000000001c9dde20:   000000001c9dde48 000000001c9dde90
0x000000001c9dde30:   000000001c9dde30 0000000000000000
0x000000001c9dde40:   000000001c9ddeb0 000000001c49a128
0x000000001c9dde50:   0000000000000000 000000001c4958e8
0x000000001c9dde60:   0000000000000000 000000001c9dde90
0x000000001c9dde70:   000000001c9ddef8 0000000002e674c0 

Instructions: (pc=0x00007ffa1575a00d)
0x00007ffa15759fed:   00 48 69 c8 c0 02 00 00 48 03 f9 c6 44 24 20 00
0x00007ffa15759ffd:   83 fe 14 7d 58 48 8d 14 f7 48 8b 82 a8 00 00 00
0x00007ffa1575a00d:   80 b8 8a 00 00 00 00 75 44 44 89 78 0c 48 8b 8a
0x00007ffa1575a01d:   a8 00 00 00 8b 84 24 80 00 00 00 89 41 10 48 8b 


Register to memory mapping:

RAX=0x9192918e719b3800 is an unknown value
RBX=0x00000000167929f8 is an unknown value
RCX=0x0000000000000000 is an unknown value
RDX=0x000000002077e008 is an unknown value
RSP=0x000000001c9ddd80 is pointing into the stack for thread: 0x0000000016792800
RBP=0x000000001c9dde70 is pointing into the stack for thread: 0x0000000016792800
RSI=0xffffffffffffffff is an unknown value
RDI=0x000000002077e010 is an unknown value
R8 =0x0000000000000062 is an unknown value
R9 =0x00000000ebc40160 is an oop
org.bytedeco.javacpp.videoInputLib$videoInput 
 - klass: 'org/bytedeco/javacpp/videoInputLib$videoInput'
R10=0x0000000000000030 is an unknown value
R11=0x0000000057bcacd8 is an unknown value
R12=0x0000000000000000 is an unknown value
R13=0x000000001c4958e0 is pointing into metadata
R14=0x000000001c9ddeb0 is pointing into the stack for thread: 0x0000000016792800
R15=0x0000000000000280 is an unknown value


Stack: [0x000000001c8e0000,0x000000001c9e0000],  sp=0x000000001c9ddd80,  free space=1015k
Native frames: (J=compiled Java code, j=interpreted, Vv=VM code, C=native code)
C  [jnivideoInputLib.dll+0xa00d]
C  0x0000000002e75874

Java frames: (J=compiled Java code, j=interpreted, Vv=VM code)
j  org.bytedeco.javacpp.videoInputLib$videoInput.setupDevice(IIII)Z+0
j  org.bytedeco.javacv.VideoInputFrameGrabber.start(I)V+79
j  org.bytedeco.javacv.VideoInputFrameGrabber.start()V+2
j  ru.waytosky.jfx.BytedecoWCamService$1.call()Ljavafx/scene/image/Image;+15
j  ru.waytosky.jfx.BytedecoWCamService$1.call()Ljava/lang/Object;+1
j  javafx.concurrent.Task$TaskCallable.call()Ljava/lang/Object;+26
j  java.util.concurrent.FutureTask.run()V+42
j  javafx.concurrent.Service.lambda$null$488(Ljavafx/concurrent/Task;)Ljava/lang/Void;+1
j  javafx.concurrent.Service$$Lambda$130.run()Ljava/lang/Object;+4
v  ~StubRoutines::call_stub
J 1217  java.security.AccessController.doPrivileged(Ljava/security/PrivilegedAction;Ljava/security/AccessControlContext;)Ljava/lang/Object; (0 bytes) @ 0x00000000032c9926 [0x00000000032c98c0+0x66]
j  javafx.concurrent.Service.lambda$executeTask$489(Ljavafx/concurrent/Task;Ljava/security/AccessControlContext;)V+7
j  javafx.concurrent.Service$$Lambda$128.run()V+8
j  java.util.concurrent.ThreadPoolExecutor.runWorker(Ljava/util/concurrent/ThreadPoolExecutor$Worker;)V+95
j  java.util.concurrent.ThreadPoolExecutor$Worker.run()V+5
j  java.lang.Thread.run()V+11
v  ~StubRoutines::call_stub

---------------  P R O C E S S  ---------------

Java Threads: ( => current thread )
=>0x0000000016792800 JavaThread "Thread-5" daemon [_thread_in_native, id=5056, stack(0x000000001c8e0000,0x000000001c9e0000)]
  0x0000000018f48800 JavaThread "Java2D Disposer" daemon [_thread_blocked, id=6092, stack(0x000000001ed80000,0x000000001ee80000)]
  0x0000000018b92000 JavaThread "JavaCPP Deallocator" daemon [_thread_blocked, id=4468, stack(0x000000001c9e0000,0x000000001cae0000)]
  0x0000000018fcf800 JavaThread "Prism Font Disposer" daemon [_thread_blocked, id=4236, stack(0x000000001bae0000,0x000000001bbe0000)]
  0x0000000018413000 JavaThread "Thread-3" daemon [_thread_in_native, id=5016, stack(0x0000000018bc0000,0x0000000018cc0000)]
  0x00000000168e5800 JavaThread "JavaFX-Launcher" [_thread_blocked, id=3252, stack(0x0000000018cc0000,0x0000000018dc0000)]
  0x00000000168df000 JavaThread "JavaFX Application Thread" [_thread_in_native, id=2976, stack(0x0000000016c20000,0x0000000016d20000)]
  0x00000000168e4000 JavaThread "Thread-1" daemon [_thread_blocked, id=6612, stack(0x0000000016b20000,0x0000000016c20000)]
  0x0000000016880800 JavaThread "QuantumRenderer-0" daemon [_thread_blocked, id=6120, stack(0x0000000016920000,0x0000000016a20000)]
  0x000000001524e000 JavaThread "Service Thread" daemon [_thread_blocked, id=6160, stack(0x0000000016320000,0x0000000016420000)]
  0x00000000151e5000 JavaThread "C1 CompilerThread1" daemon [_thread_blocked, id=4752, stack(0x0000000016220000,0x0000000016320000)]
  0x00000000151de000 JavaThread "C2 CompilerThread0" daemon [_thread_blocked, id=5452, stack(0x0000000016120000,0x0000000016220000)]
  0x00000000151dd000 JavaThread "Attach Listener" daemon [_thread_blocked, id=6672, stack(0x0000000016020000,0x0000000016120000)]
  0x00000000151d7800 JavaThread "Signal Dispatcher" daemon [_thread_blocked, id=4180, stack(0x0000000015f20000,0x0000000016020000)]
  0x0000000002e55000 JavaThread "Finalizer" daemon [_thread_blocked, id=6864, stack(0x0000000015e20000,0x0000000015f20000)]
  0x0000000002e4d000 JavaThread "Reference Handler" daemon [_thread_blocked, id=3572, stack(0x0000000015d20000,0x0000000015e20000)]
  0x0000000002c4e800 JavaThread "main" [_thread_blocked, id=6656, stack(0x0000000002c60000,0x0000000002d60000)]

Other Threads:
  0x00000000151a6800 VMThread [stack: 0x0000000015c20000,0x0000000015d20000] [id=172]
  0x0000000015278800 WatcherThread [stack: 0x0000000016420000,0x0000000016520000] [id=5440]

VM state:not at safepoint (normal execution)

VM Mutex/Monitor currently owned by a thread: None

Heap:
 PSYoungGen      total 67072K, used 9024K [0x00000000eb500000, 0x00000000f0080000, 0x0000000100000000)
  eden space 60928K, 12% used [0x00000000eb500000,0x00000000ebc8c330,0x00000000ef080000)
  from space 6144K, 21% used [0x00000000efa80000,0x00000000efbc4010,0x00000000f0080000)
  to   space 8192K, 0% used [0x00000000ef080000,0x00000000ef080000,0x00000000ef880000)
 ParOldGen       total 44032K, used 13572K [0x00000000c1e00000, 0x00000000c4900000, 0x00000000eb500000)
  object space 44032K, 30% used [0x00000000c1e00000,0x00000000c2b41110,0x00000000c4900000)
 Metaspace       used 18626K, capacity 19184K, committed 19456K, reserved 1067008K
  class space    used 2334K, capacity 2505K, committed 2560K, reserved 1048576K

Card table byte_map: [0x0000000012220000,0x0000000012420000] byte_map_base: 0x0000000011c11000

Marking Bits: (ParMarkBitMap*) 0x0000000057bd4040
 Begin Bits: [0x0000000012770000, 0x00000000136f8000)
 End Bits:   [0x00000000136f8000, 0x0000000014680000)

Polling page: 0x0000000001320000

CodeCache: size=245760Kb used=6071Kb max_used=6071Kb free=239688Kb
 bounds [0x0000000002e60000, 0x0000000003460000, 0x0000000011e60000]
 total_blobs=2671 nmethods=1890 adapters=694
 compilation: enabled

Compilation events (10 events):
Event: 15.027 Thread 0x00000000151e5000 1886       3       javafx.beans.binding.ObjectExpression::<init> (5 bytes)
Event: 15.027 Thread 0x00000000151e5000 nmethod 1886 0x000000000344f3d0 code [0x000000000344f540, 0x000000000344f6f0]
Event: 15.028 Thread 0x00000000151e5000 1887       1       java.lang.Boolean::booleanValue (5 bytes)
Event: 15.028 Thread 0x00000000151e5000 nmethod 1887 0x000000000344f7d0 code [0x000000000344f920, 0x000000000344fa30]
Event: 15.029 Thread 0x00000000151e5000 1888       1       com.sun.prism.impl.GlyphCache$GlyphData::getBlankBoundary (5 bytes)
Event: 15.029 Thread 0x00000000151e5000 nmethod 1888 0x000000000344fa90 code [0x000000000344fbe0, 0x000000000344fcf0]
Event: 15.029 Thread 0x00000000151e5000 1889       1       com.sun.prism.impl.GlyphCache$GlyphData::getOriginX (5 bytes)
Event: 15.029 Thread 0x00000000151e5000 nmethod 1889 0x000000000344fd50 code [0x000000000344fea0, 0x000000000344ffb0]
Event: 15.029 Thread 0x00000000151e5000 1890       1       com.sun.prism.impl.GlyphCache$GlyphData::getOriginY (5 bytes)
Event: 15.029 Thread 0x00000000151e5000 nmethod 1890 0x0000000003450010 code [0x0000000003450160, 0x0000000003450270]

GC Heap History (10 events):
Event: 5.452 GC heap before
{Heap before GC invocations=6 (full 0):
 PSYoungGen      total 18944K, used 18513K [0x00000000eb500000, 0x00000000ee500000, 0x0000000100000000)
  eden space 16384K, 97% used [0x00000000eb500000,0x00000000ec498550,0x00000000ec500000)
  from space 2560K, 99% used [0x00000000ec500000,0x00000000ec77c030,0x00000000ec780000)
  to   space 8192K, 0% used [0x00000000edd00000,0x00000000edd00000,0x00000000ee500000)
 ParOldGen       total 44032K, used 11019K [0x00000000c1e00000, 0x00000000c4900000, 0x00000000eb500000)
  object space 44032K, 25% used [0x00000000c1e00000,0x00000000c28c2fa0,0x00000000c4900000)
 Metaspace       used 18360K, capacity 18914K, committed 19200K, reserved 1067008K
  class space    used 2332K, capacity 2502K, committed 2560K, reserved 1048576K
Event: 5.460 GC heap after
Heap after GC invocations=6 (full 0):
 PSYoungGen      total 40960K, used 4992K [0x00000000eb500000, 0x00000000ee500000, 0x0000000100000000)
  eden space 32768K, 0% used [0x00000000eb500000,0x00000000eb500000,0x00000000ed500000)
  from space 8192K, 60% used [0x00000000edd00000,0x00000000ee1e0040,0x00000000ee500000)
  to   space 8192K, 0% used [0x00000000ed500000,0x00000000ed500000,0x00000000edd00000)
 ParOldGen       total 44032K, used 11019K [0x00000000c1e00000, 0x00000000c4900000, 0x00000000eb500000)
  object space 44032K, 25% used [0x00000000c1e00000,0x00000000c28c2fa0,0x00000000c4900000)
 Metaspace       used 18360K, capacity 18914K, committed 19200K, reserved 1067008K
  class space    used 2332K, capacity 2502K, committed 2560K, reserved 1048576K
}
Event: 5.877 GC heap before
{Heap before GC invocations=7 (full 0):
 PSYoungGen      total 40960K, used 36897K [0x00000000eb500000, 0x00000000ee500000, 0x0000000100000000)
  eden space 32768K, 97% used [0x00000000eb500000,0x00000000ed428610,0x00000000ed500000)
  from space 8192K, 60% used [0x00000000edd00000,0x00000000ee1e0040,0x00000000ee500000)
  to   space 8192K, 0% used [0x00000000ed500000,0x00000000ed500000,0x00000000edd00000)
 ParOldGen       total 44032K, used 11019K [0x00000000c1e00000, 0x00000000c4900000, 0x00000000eb500000)
  object space 44032K, 25% used [0x00000000c1e00000,0x00000000c28c2fa0,0x00000000c4900000)
 Metaspace       used 18371K, capacity 18914K, committed 19200K, reserved 1067008K
  class space    used 2332K, capacity 2502K, committed 2560K, reserved 1048576K
Event: 5.882 GC heap after
Heap after GC invocations=7 (full 0):
 PSYoungGen      total 40960K, used 2784K [0x00000000eb500000, 0x00000000f0500000, 0x0000000100000000)
  eden space 32768K, 0% used [0x00000000eb500000,0x00000000eb500000,0x00000000ed500000)
  from space 8192K, 33% used [0x00000000ed500000,0x00000000ed7b8020,0x00000000edd00000)
  to   space 8192K, 0% used [0x00000000efd00000,0x00000000efd00000,0x00000000f0500000)
 ParOldGen       total 44032K, used 13220K [0x00000000c1e00000, 0x00000000c4900000, 0x00000000eb500000)
  object space 44032K, 30% used [0x00000000c1e00000,0x00000000c2ae9110,0x00000000c4900000)
 Metaspace       used 18371K, capacity 18914K, committed 19200K, reserved 1067008K
  class space    used 2332K, capacity 2502K, committed 2560K, reserved 1048576K
}
Event: 6.336 GC heap before
{Heap before GC invocations=8 (full 0):
 PSYoungGen      total 40960K, used 34758K [0x00000000eb500000, 0x00000000f0500000, 0x0000000100000000)
  eden space 32768K, 97% used [0x00000000eb500000,0x00000000ed439950,0x00000000ed500000)
  from space 8192K, 33% used [0x00000000ed500000,0x00000000ed7b8020,0x00000000edd00000)
  to   space 8192K, 0% used [0x00000000efd00000,0x00000000efd00000,0x00000000f0500000)
 ParOldGen       total 44032K, used 13220K [0x00000000c1e00000, 0x00000000c4900000, 0x00000000eb500000)
  object space 44032K, 30% used [0x00000000c1e00000,0x00000000c2ae9110,0x00000000c4900000)
 Metaspace       used 18396K, capacity 18978K, committed 19200K, reserved 1067008K
  class space    used 2332K, capacity 2502K, committed 2560K, reserved 1048576K
Event: 6.339 GC heap after
Heap after GC invocations=8 (full 0):
 PSYoungGen      total 73728K, used 2496K [0x00000000eb500000, 0x00000000f0500000, 0x0000000100000000)
  eden space 65536K, 0% used [0x00000000eb500000,0x00000000eb500000,0x00000000ef500000)
  from space 8192K, 30% used [0x00000000efd00000,0x00000000eff70020,0x00000000f0500000)
  to   space 8192K, 0% used [0x00000000ef500000,0x00000000ef500000,0x00000000efd00000)
 ParOldGen       total 44032K, used 13548K [0x00000000c1e00000, 0x00000000c4900000, 0x00000000eb500000)
  object space 44032K, 30% used [0x00000000c1e00000,0x00000000c2b3b110,0x00000000c4900000)
 Metaspace       used 18396K, capacity 18978K, committed 19200K, reserved 1067008K
  class space    used 2332K, capacity 2502K, committed 2560K, reserved 1048576K
}
Event: 7.268 GC heap before
{Heap before GC invocations=9 (full 0):
 PSYoungGen      total 73728K, used 67552K [0x00000000eb500000, 0x00000000f0500000, 0x0000000100000000)
  eden space 65536K, 99% used [0x00000000eb500000,0x00000000ef488200,0x00000000ef500000)
  from space 8192K, 30% used [0x00000000efd00000,0x00000000eff70020,0x00000000f0500000)
  to   space 8192K, 0% used [0x00000000ef500000,0x00000000ef500000,0x00000000efd00000)
 ParOldGen       total 44032K, used 13548K [0x00000000c1e00000, 0x00000000c4900000, 0x00000000eb500000)
  object space 44032K, 30% used [0x00000000c1e00000,0x00000000c2b3b110,0x00000000c4900000)
 Metaspace       used 18460K, capacity 19042K, committed 19200K, reserved 1067008K
  class space    used 2332K, capacity 2502K, committed 2560K, reserved 1048576K
Event: 7.269 GC heap after
Heap after GC invocations=9 (full 0):
 PSYoungGen      total 64512K, used 1296K [0x00000000eb500000, 0x00000000f0280000, 0x0000000100000000)
  eden space 62976K, 0% used [0x00000000eb500000,0x00000000eb500000,0x00000000ef280000)
  from space 1536K, 84% used [0x00000000ef500000,0x00000000ef644010,0x00000000ef680000)
  to   space 8192K, 0% used [0x00000000efa80000,0x00000000efa80000,0x00000000f0280000)
 ParOldGen       total 44032K, used 13556K [0x00000000c1e00000, 0x00000000c4900000, 0x00000000eb500000)
  object space 44032K, 30% used [0x00000000c1e00000,0x00000000c2b3d110,0x00000000c4900000)
 Metaspace       used 18460K, capacity 19042K, committed 19200K, reserved 1067008K
  class space    used 2332K, capacity 2502K, committed 2560K, reserved 1048576K
}
Event: 8.134 GC heap before
{Heap before GC invocations=10 (full 0):
 PSYoungGen      total 64512K, used 63358K [0x00000000eb500000, 0x00000000f0280000, 0x0000000100000000)
  eden space 62976K, 98% used [0x00000000eb500000,0x00000000ef19bbb8,0x00000000ef280000)
  from space 1536K, 84% used [0x00000000ef500000,0x00000000ef644010,0x00000000ef680000)
  to   space 8192K, 0% used [0x00000000efa80000,0x00000000efa80000,0x00000000f0280000)
 ParOldGen       total 44032K, used 13556K [0x00000000c1e00000, 0x00000000c4900000, 0x00000000eb500000)
  object space 44032K, 30% used [0x00000000c1e00000,0x00000000c2b3d110,0x00000000c4900000)
 Metaspace       used 18567K, capacity 19108K, committed 19456K, reserved 1067008K
  class space    used 2333K, capacity 2503K, committed 2560K, reserved 1048576K
Event: 8.135 GC heap after
Heap after GC invocations=10 (full 0):
 PSYoungGen      total 67072K, used 1296K [0x00000000eb500000, 0x00000000f0080000, 0x0000000100000000)
  eden space 60928K, 0% used [0x00000000eb500000,0x00000000eb500000,0x00000000ef080000)
  from space 6144K, 21% used [0x00000000efa80000,0x00000000efbc4010,0x00000000f0080000)
  to   space 8192K, 0% used [0x00000000ef080000,0x00000000ef080000,0x00000000ef880000)
 ParOldGen       total 44032K, used 13572K [0x00000000c1e00000, 0x00000000c4900000, 0x00000000eb500000)
  object space 44032K, 30% used [0x00000000c1e00000,0x00000000c2b41110,0x00000000c4900000)
 Metaspace       used 18567K, capacity 19108K, committed 19456K, reserved 1067008K
  class space    used 2333K, capacity 2503K, committed 2560K, reserved 1048576K
}

Deoptimization events (10 events):
Event: 1.639 Thread 0x00000000168df000 Uncommon trap: reason=class_check action=maybe_recompile pc=0x0000000002f8f130 method=java.lang.String.equals(Ljava/lang/Object;)Z @ 8
Event: 1.641 Thread 0x00000000168df000 Uncommon trap: reason=class_check action=maybe_recompile pc=0x0000000002f8f130 method=java.lang.String.equals(Ljava/lang/Object;)Z @ 8
Event: 2.918 Thread 0x0000000018b90000 Uncommon trap: reason=unstable_if action=reinterpret pc=0x0000000003151de0 method=java.io.WinNTFileSystem.normalize(Ljava/lang/String;II)Ljava/lang/String; @ 8
Event: 4.534 Thread 0x0000000018b90000 Uncommon trap: reason=class_check action=maybe_recompile pc=0x00000000032a5938 method=java.util.HashMap.putVal(ILjava/lang/Object;Ljava/lang/Object;ZZ)Ljava/lang/Object; @ 253
Event: 4.534 Thread 0x0000000018b90000 Uncommon trap: reason=class_check action=maybe_recompile pc=0x00000000032a5938 method=java.util.HashMap.putVal(ILjava/lang/Object;Ljava/lang/Object;ZZ)Ljava/lang/Object; @ 253
Event: 4.534 Thread 0x0000000018b90000 Uncommon trap: reason=class_check action=maybe_recompile pc=0x00000000032a5938 method=java.util.HashMap.putVal(ILjava/lang/Object;Ljava/lang/Object;ZZ)Ljava/lang/Object; @ 253
Event: 4.534 Thread 0x0000000018b90000 Uncommon trap: reason=class_check action=maybe_recompile pc=0x00000000032a5938 method=java.util.HashMap.putVal(ILjava/lang/Object;Ljava/lang/Object;ZZ)Ljava/lang/Object; @ 253
Event: 4.875 Thread 0x0000000018b90000 Uncommon trap: reason=unstable_if action=reinterpret pc=0x0000000003333d68 method=org.bytedeco.javacv.Java2DFrameConverter.flipCopyWithGamma(Ljava/nio/ByteBuffer;ILjava/nio/ByteBuffer;IZDZI)V @ 50
Event: 4.877 Thread 0x0000000018b90000 Uncommon trap: reason=unstable_if action=reinterpret pc=0x0000000003354938 method=com.sun.javafx.image.impl.IntTo4ByteSameConverter.doConvert([III[BIIII)V @ 29
Event: 5.012 Thread 0x0000000016880800 Uncommon trap: reason=unstable_if action=reinterpret pc=0x0000000003353d20 method=java.util.WeakHashMap.expungeStaleEntries()V @ 9

Internal exceptions (10 events):
Event: 1.293 Thread 0x00000000168df000 Exception <a 'java/security/PrivilegedActionException'> (0x00000000ec2449a0) thrown at [C:\re\workspace\8-2-build-windows-amd64-cygwin\jdk8u51\3951\hotspot\src\share\vm\prims\jvm.cpp, line 1382]
Event: 1.293 Thread 0x00000000168df000 Exception <a 'java/security/PrivilegedActionException'> (0x00000000ec244ce8) thrown at [C:\re\workspace\8-2-build-windows-amd64-cygwin\jdk8u51\3951\hotspot\src\share\vm\prims\jvm.cpp, line 1382]
Event: 1.365 Thread 0x00000000168df000 Exception <a 'java/lang/NullPointerException'> (0x00000000ec3e8c98) thrown at [C:\re\workspace\8-2-build-windows-amd64-cygwin\jdk8u51\3951\hotspot\src\share\vm\interpreter\linkResolver.cpp, line 1178]
Event: 1.365 Thread 0x00000000168df000 Exception <a 'java/lang/NullPointerException'> (0x00000000ec3e8c98) thrown at [C:\re\workspace\8-2-build-windows-amd64-cygwin\jdk8u51\3951\hotspot\src\share\vm\prims\jvm.cpp, line 1386]
Event: 1.487 Thread 0x00000000168df000 Exception <a 'java/lang/ArrayIndexOutOfBoundsException'> (0x00000000eb8712c8) thrown at [C:\re\workspace\8-2-build-windows-amd64-cygwin\jdk8u51\3951\hotspot\src\share\vm\runtime\sharedRuntime.cpp, line 605]
Event: 1.487 Thread 0x00000000168df000 Exception <a 'java/lang/ArrayIndexOutOfBoundsException'> (0x00000000eb871f18) thrown at [C:\re\workspace\8-2-build-windows-amd64-cygwin\jdk8u51\3951\hotspot\src\share\vm\runtime\sharedRuntime.cpp, line 605]
Event: 1.487 Thread 0x00000000168df000 Exception <a 'java/lang/ArrayIndexOutOfBoundsException'> (0x00000000eb873210) thrown at [C:\re\workspace\8-2-build-windows-amd64-cygwin\jdk8u51\3951\hotspot\src\share\vm\runtime\sharedRuntime.cpp, line 605]
Event: 1.538 Thread 0x00000000168df000 Implicit null exception at 0x0000000003190eb5 to 0x000000000319108d
Event: 4.791 Thread 0x0000000018b90000 Exception <a 'java/io/FileNotFoundException'> (0x00000000eb626118) thrown at [C:\re\workspace\8-2-build-windows-amd64-cygwin\jdk8u51\3951\hotspot\src\share\vm\prims\jni.cpp, line 709]
Event: 4.828 Thread 0x0000000018b90000 Exception <a 'java/io/FileNotFoundException'> (0x00000000eb63ac68) thrown at [C:\re\workspace\8-2-build-windows-amd64-cygwin\jdk8u51\3951\hotspot\src\share\vm\prims\jni.cpp, line 709]

Events (10 events):
Event: 7.908 loading class com/sun/prism/impl/BaseResourcePool$Predicate
Event: 7.908 loading class com/sun/prism/impl/BaseResourcePool$Predicate done
Event: 8.134 Executing VM operation: ParallelGCFailedAllocation
Event: 8.135 Executing VM operation: ParallelGCFailedAllocation done
Event: 8.147 loading class javafx/concurrent/Task
Event: 8.147 loading class javafx/concurrent/Task done
Event: 8.214 loading class javafx/concurrent/Task$TaskCallable
Event: 8.214 loading class javafx/concurrent/Task$TaskCallable done
Event: 9.216 Thread 0x0000000018b90000 Thread exited: 0x0000000018b90000
Event: 15.027 Thread 0x0000000016792800 Thread added: 0x0000000016792800


Dynamic libraries:
0x00007ff6eb1e0000 - 0x00007ff6eb217000 	C:\Program Files\Java\jdk1.8.0_51\jre\bin\java.exe
0x00007ffa253d0000 - 0x00007ffa2557a000 	C:\Windows\SYSTEM32\ntdll.dll
0x00007ffa22d90000 - 0x00007ffa22eca000 	C:\Windows\system32\KERNEL32.DLL
0x00007ffa0e450000 - 0x00007ffa0e483000 	C:\Program Files\AVAST Software\Avast\x64\aswhooka.dll
0x00007ffa22b40000 - 0x00007ffa22c50000 	C:\Windows\system32\KERNELBASE.dll
0x00007ffa21370000 - 0x00007ffa213f8000 	C:\Windows\system32\apphelp.dll
0x00007ffa10b10000 - 0x00007ffa10b5f000 	C:\Windows\AppPatch\AppPatch64\AcGenral.DLL
0x00007ffa22f40000 - 0x00007ffa22fe7000 	C:\Windows\system32\msvcrt.dll
0x00007ffa225f0000 - 0x00007ffa2261b000 	C:\Windows\SYSTEM32\SspiCli.dll
0x00007ffa23f30000 - 0x00007ffa23f81000 	C:\Windows\system32\SHLWAPI.dll
0x00007ffa23db0000 - 0x00007ffa23f21000 	C:\Windows\system32\USER32.dll
0x00007ffa23790000 - 0x00007ffa23908000 	C:\Windows\system32\ole32.dll
0x00007ffa23fb0000 - 0x00007ffa253c7000 	C:\Windows\system32\SHELL32.dll
0x00007ffa21d50000 - 0x00007ffa21d6f000 	C:\Windows\SYSTEM32\USERENV.dll
0x00007ffa23370000 - 0x00007ffa23415000 	C:\Windows\system32\ADVAPI32.dll
0x00007ffa1c550000 - 0x00007ffa1c56b000 	C:\Windows\SYSTEM32\MPR.dll
0x00007ffa22c50000 - 0x00007ffa22d86000 	C:\Windows\system32\RPCRT4.dll
0x00007ffa23c30000 - 0x00007ffa23c87000 	C:\Windows\SYSTEM32\sechost.dll
0x00007ffa23090000 - 0x00007ffa23266000 	C:\Windows\SYSTEM32\combase.dll
0x00007ffa235c0000 - 0x00007ffa23705000 	C:\Windows\system32\GDI32.dll
0x00007ffa22740000 - 0x00007ffa22754000 	C:\Windows\SYSTEM32\profapi.dll
0x00007ffa20e00000 - 0x00007ffa20e9f000 	C:\Windows\SYSTEM32\SHCORE.dll
0x00007ffa23330000 - 0x00007ffa23364000 	C:\Windows\system32\IMM32.DLL
0x00007ffa23910000 - 0x00007ffa23a49000 	C:\Windows\system32\MSCTF.dll
0x00007ffa1fad0000 - 0x00007ffa1fd2a000 	C:\Windows\WinSxS\amd64_microsoft.windows.common-controls_6595b64144ccf1df_6.0.9600.17031_none_6242a4b3ecbb55a1\COMCTL32.dll
0x00000000572f0000 - 0x00000000573c2000 	C:\Program Files\Java\jdk1.8.0_51\jre\bin\msvcr100.dll
0x00000000573d0000 - 0x0000000057c53000 	C:\Program Files\Java\jdk1.8.0_51\jre\bin\server\jvm.dll
0x00007ffa15ed0000 - 0x00007ffa15ed9000 	C:\Windows\SYSTEM32\WSOCK32.dll
0x00007ffa19920000 - 0x00007ffa1993f000 	C:\Windows\SYSTEM32\WINMM.dll
0x00007ffa19950000 - 0x00007ffa1995a000 	C:\Windows\SYSTEM32\VERSION.dll
0x00007ffa23780000 - 0x00007ffa23787000 	C:\Windows\system32\PSAPI.DLL
0x00007ffa22ee0000 - 0x00007ffa22f38000 	C:\Windows\system32\WS2_32.dll
0x00007ffa198f0000 - 0x00007ffa1991a000 	C:\Windows\SYSTEM32\WINMMBASE.dll
0x00007ffa22ed0000 - 0x00007ffa22ed9000 	C:\Windows\system32\NSI.dll
0x00007ffa22810000 - 0x00007ffa2285a000 	C:\Windows\SYSTEM32\cfgmgr32.dll
0x00007ffa215c0000 - 0x00007ffa215e6000 	C:\Windows\SYSTEM32\DEVOBJ.dll
0x00000000572a0000 - 0x00000000572af000 	C:\Program Files\Java\jdk1.8.0_51\jre\bin\verify.dll
0x0000000057270000 - 0x0000000057299000 	C:\Program Files\Java\jdk1.8.0_51\jre\bin\java.dll
0x0000000057250000 - 0x0000000057266000 	C:\Program Files\Java\jdk1.8.0_51\jre\bin\zip.dll
0x0000000056f90000 - 0x0000000056fbc000 	C:\Program Files\Java\jdk1.8.0_51\jre\bin\prism_d3d.dll
0x00007ffa0fe80000 - 0x00007ffa1008a000 	C:\Windows\system32\d3d9.dll
0x00007ffa20410000 - 0x00007ffa20430000 	C:\Windows\SYSTEM32\dwmapi.dll
0x00007ffa21410000 - 0x00007ffa21531000 	C:\Windows\system32\uxtheme.dll
0x00007ffa09790000 - 0x00007ffa0af2c000 	C:\Windows\SYSTEM32\igdumdim64.dll
0x0000000056f40000 - 0x0000000056f81000 	C:\Program Files\Java\jdk1.8.0_51\jre\bin\glass.dll
0x00007ffa22ff0000 - 0x00007ffa2308a000 	C:\Windows\system32\COMDLG32.dll
0x00007ffa23270000 - 0x00007ffa23327000 	C:\Windows\system32\OLEAUT32.dll
0x00007ffa21610000 - 0x00007ffa2161a000 	C:\Windows\SYSTEM32\kernel.appcore.dll
0x00007ffa22680000 - 0x00007ffa2268a000 	C:\Windows\SYSTEM32\CRYPTBASE.dll
0x00007ffa22620000 - 0x00007ffa22680000 	C:\Windows\SYSTEM32\bcryptPrimitives.dll
0x00007ffa1def0000 - 0x00007ffa1e8b9000 	C:\Windows\SYSTEM32\igdusc64.dll
0x0000000055b40000 - 0x0000000055b55000 	C:\Program Files\Java\jdk1.8.0_51\jre\bin\javafx_font.dll
0x00007ffa1ec60000 - 0x00007ffa1ee3f000 	C:\Windows\SYSTEM32\dwrite.dll
0x00007ffa23c90000 - 0x00007ffa23d34000 	C:\Windows\SYSTEM32\clbcatq.dll
0x00007ffa20a60000 - 0x00007ffa20bf3000 	C:\Windows\SYSTEM32\WindowsCodecs.dll
0x00007ffa22000000 - 0x00007ffa2201e000 	C:\Windows\SYSTEM32\CRYPTSP.dll
0x00007ffa21c40000 - 0x00007ffa21c75000 	C:\Windows\system32\rsaenh.dll
0x00007ffa222b0000 - 0x00007ffa222d6000 	C:\Windows\SYSTEM32\bcrypt.dll
0x00007ffa17fb0000 - 0x00007ffa17fd9000 	C:\Program Files\Common Files\Microsoft Shared\Ink\rtscom.dll
0x00000000559a0000 - 0x00000000559b1000 	C:\Program Files\Java\jdk1.8.0_51\jre\bin\prism_common.dll
0x00007ffa15750000 - 0x00007ffa15776000 	C:\Users\Ayrat\.javacpp\cache\videoinput-0.200-1.3-windows-x86_64.jar\org\bytedeco\javacpp\windows-x86_64\jnivideoInputLib.dll
0x00007ffa083b0000 - 0x00007ffa08456000 	C:\Windows\SYSTEM32\MSVCP120.dll
0x00007ffa16680000 - 0x00007ffa1676f000 	C:\Windows\SYSTEM32\MSVCR120.dll
0x0000000057230000 - 0x000000005724a000 	C:\Program Files\Java\jdk1.8.0_51\jre\bin\net.dll
0x00007ffa21fa0000 - 0x00007ffa21ff8000 	C:\Windows\system32\mswsock.dll
0x0000000057210000 - 0x0000000057221000 	C:\Program Files\Java\jdk1.8.0_51\jre\bin\nio.dll
0x00007ffa156d0000 - 0x00007ffa156e6000 	C:\Windows\System32\devenum.dll
0x00007ffa23a50000 - 0x00007ffa23c24000 	C:\Windows\system32\setupapi.dll
0x00007ffa209c0000 - 0x00007ffa209f0000 	C:\Windows\SYSTEM32\ntmarta.dll
0x00007ffa22860000 - 0x00007ffa228ac000 	C:\Windows\system32\WINTRUST.dll
0x00007ffa228b0000 - 0x00007ffa22a87000 	C:\Windows\system32\CRYPT32.dll
0x00007ffa227f0000 - 0x00007ffa22802000 	C:\Windows\system32\MSASN1.dll
0x00007ffa1c4a0000 - 0x00007ffa1c4ad000 	C:\Windows\SYSTEM32\msdmo.dll
0x00007ffa0e560000 - 0x00007ffa0e58d000 	C:\Windows\System32\qcap.dll
0x00007ffa081f0000 - 0x00007ffa083a1000 	C:\Windows\System32\quartz.dll
0x00007ffa0d390000 - 0x00007ffa0d3d3000 	C:\Windows\System32\ksproxy.ax
0x00007ffa20040000 - 0x00007ffa20048000 	C:\Windows\System32\ksuser.dll
0x00007ffa0bb30000 - 0x00007ffa0bb53000 	C:\Windows\System32\kswdmcap.ax
0x00007ffa080a0000 - 0x00007ffa081ed000 	C:\Windows\System32\MFC42.dll
0x00007ffa07fe0000 - 0x00007ffa0809c000 	C:\Windows\System32\ODBC32.dll
0x00007ffa0b7d0000 - 0x00007ffa0b863000 	C:\Windows\System32\qedit.dll
0x00007ffa0b990000 - 0x00007ffa0b9b9000 	C:\Windows\System32\MSVFW32.dll
0x00007ffa23420000 - 0x00007ffa235b8000 	C:\Windows\WinSxS\amd64_microsoft.windows.gdiplus_6595b64144ccf1df_1.1.9600.16384_none_9332526147499ed1\gdiplus.dll
0x00007ffa0d880000 - 0x00007ffa0d974000 	C:\Windows\System32\DDRAW.dll
0x00007ffa0d870000 - 0x00007ffa0d879000 	C:\Windows\System32\DCIMAN32.dll
0x00007ffa07ef0000 - 0x00007ffa07fdf000 	C:\Users\Ayrat\.javacpp\cache\opencv-3.2.0-1.3-windows-x86_64.jar\org\bytedeco\javacpp\windows-x86_64\msvcr120.dll
0x00007ffa07e40000 - 0x00007ffa07ee6000 	C:\Users\Ayrat\.javacpp\cache\opencv-3.2.0-1.3-windows-x86_64.jar\org\bytedeco\javacpp\windows-x86_64\msvcp120.dll
0x00007ffa07880000 - 0x00007ffa07b08000 	C:\Users\Ayrat\.javacpp\cache\opencv-3.2.0-1.3-windows-x86_64.jar\org\bytedeco\javacpp\windows-x86_64\opencv_core320.dll
0x00007ffa05850000 - 0x00007ffa05bb2000 	C:\Users\Ayrat\.javacpp\cache\opencv-3.2.0-1.3-windows-x86_64.jar\org\bytedeco\javacpp\windows-x86_64\opencv_imgproc320.dll
0x00007ffa07bf0000 - 0x00007ffa07e3a000 	C:\Users\Ayrat\.javacpp\cache\opencv-3.2.0-1.3-windows-x86_64.jar\org\bytedeco\javacpp\windows-x86_64\jniopencv_core.dll
0x00007ffa070a0000 - 0x00007ffa07190000 	C:\Users\Ayrat\.javacpp\cache\opencv-3.2.0-1.3-windows-x86_64.jar\org\bytedeco\javacpp\windows-x86_64\jniopencv_imgproc.dll
0x0000000057070000 - 0x0000000057208000 	C:\Program Files\Java\jdk1.8.0_51\jre\bin\awt.dll
0x00007ffa149e0000 - 0x00007ffa14b68000 	C:\Windows\SYSTEM32\dbghelp.dll

VM Arguments:
jvm_args: -Dfile.encoding=UTF-8 
java_command: C:\MyJava\PROJECTS\GIT\media\JavaFX ImageView Bytedeco And Marvin\dist\run1265241505\JavaFX ImageView Bytedeco And Marvin.jar
java_class_path (initial): C:\MyJava\PROJECTS\GIT\media\JavaFX ImageView Bytedeco And Marvin\dist\run1265241505\JavaFX ImageView Bytedeco And Marvin.jar
Launcher Type: SUN_STANDARD

Environment Variables:
JAVA_HOME=c:\Program Files\Java\jdk1.8.0_131\
PATH=C:\ProgramData\Oracle\Java\javapath;C:\Windows\system32;C:\Windows;C:\Windows\System32\Wbem;C:\Windows\System32\WindowsPowerShell\v1.0\;c:\Program Files\Java\jdk1.8.0_131\bin\;c:\JavaTools\gradle-2.8\bin\;c:\Program Files\NetBeans 8.1\java\maven\bin;C:\Program Files (x86)\MySQL\MySQL Utilities 1.6\;C:\Program Files (x86)\Skype\Phone\;C:\Program Files (x86)\Acronis 11\CommandLineTool\
USERNAME=Ayrat
OS=Windows_NT
PROCESSOR_IDENTIFIER=Intel64 Family 6 Model 60 Stepping 3, GenuineIntel



---------------  S Y S T E M  ---------------

OS: Windows 8.1 , 64 bit Build 9600 (6.3.9600.17031)

CPU:total 2 (2 cores per cpu, 1 threads per core) family 6 model 60 stepping 3, cmov, cx8, fxsr, mmx, sse, sse2, sse3, ssse3, sse4.1, sse4.2, popcnt, clmul, erms, lzcnt, tsc, tscinvbit

Memory: 4k page, physical 4063372k(1062816k free), swap 7304868k(2291716k free)

vm_info: Java HotSpot(TM) 64-Bit Server VM (25.51-b03) for windows-amd64 JRE (1.8.0_51-b16), built on Jun  8 2015 18:03:07 by "java_re" with MS VC++ 10.0 (VS2010)

time: Fri Sep 22 22:34:38 2017
elapsed time: 15 seconds (0d 0h 0m 15s)

