#
# A fatal error has been detected by the Java Runtime Environment:
#
#  EXCEPTION_ACCESS_VIOLATION (0xc0000005) at pc=0x00007ffa1575a00d, pid=5212, tid=4760
#
# JRE version: Java(TM) SE Runtime Environment (8.0_51-b16) (build 1.8.0_51-b16)
# Java VM: Java HotSpot(TM) 64-Bit Server VM (25.51-b03 mixed mode windows-amd64 compressed oops)
# Problematic frame:
# C  [jnivideoInputLib.dll+0xa00d]
#
# Failed to write core dump. Minidumps are not enabled by default on client versions of Windows
#
# If you would like to submit a bug report, please visit:
#   http://bugreport.java.com/bugreport/crash.jsp
# The crash happened outside the Java Virtual Machine in native code.
# See problematic frame for where to report the bug.
#

---------------  T H R E A D  ---------------

Current thread (0x00000000189e3800):  JavaThread "Thread-5" daemon [_thread_in_native, id=4760, stack(0x000000001c660000,0x000000001c760000)]

siginfo: ExceptionCode=0xc0000005, reading address 0x00000000719b388a

Registers:
RAX=0x00000000719b3800, RBX=0x00000000189e39f8, RCX=0x0000000000000000, RDX=0x000000001d31ac88
RSP=0x000000001c75dc60, RBP=0x000000001c75dd50, RSI=0xffffffffffffffff, RDI=0x000000001d31ac90
R8 =0x0000000000000062, R9 =0x00000000eebcb960, R10=0x000000000000003e, R11=0x0000000057bcacd8
R12=0x0000000000000000, R13=0x000000001c2162a8, R14=0x000000001c75dd90, R15=0x0000000000000280
RIP=0x00007ffa1575a00d, EFLAGS=0x0000000000010286

Top of Stack: (sp=0x000000001c75dc60)
0x000000001c75dc60:   000000001c75dd08 0000000000200021
0x000000001c75dc70:   000000001d31ac90 00007ffa15755d00
0x000000001c75dc80:   0000000000000000 0000000019d29768
0x000000001c75dc90:   fffffffffffffffe 0000000002cf5d9d
0x000000001c75dca0:   00000000189e3800 000000001c75dd90
0x000000001c75dcb0:   0000000002ce7ced 0000000002cf5874
0x000000001c75dcc0:   00000000189e39f8 000000001c2162b0
0x000000001c75dcd0:   0000000000200021 000000001c75dd28
0x000000001c75dce0:   00000000000001e0 00000000ffffffff
0x000000001c75dcf0:   000000001c215858 0000000000000000
0x000000001c75dd00:   000000001c75dd28 000000001c75dd70
0x000000001c75dd10:   000000001c75dd10 0000000000000000
0x000000001c75dd20:   000000001c75dd90 000000001c21aaf0
0x000000001c75dd30:   0000000000000000 000000001c2162b0
0x000000001c75dd40:   0000000000000000 000000001c75dd70
0x000000001c75dd50:   000000001c75ddd8 0000000002ce74c0 

Instructions: (pc=0x00007ffa1575a00d)
0x00007ffa15759fed:   00 48 69 c8 c0 02 00 00 48 03 f9 c6 44 24 20 00
0x00007ffa15759ffd:   83 fe 14 7d 58 48 8d 14 f7 48 8b 82 a8 00 00 00
0x00007ffa1575a00d:   80 b8 8a 00 00 00 00 75 44 44 89 78 0c 48 8b 8a
0x00007ffa1575a01d:   a8 00 00 00 8b 84 24 80 00 00 00 89 41 10 48 8b 


Register to memory mapping:

RAX=0x00000000719b3800 is an unknown value
RBX=0x00000000189e39f8 is an unknown value
RCX=0x0000000000000000 is an unknown value
RDX=0x000000001d31ac88 is an unknown value
RSP=0x000000001c75dc60 is pointing into the stack for thread: 0x00000000189e3800
RBP=0x000000001c75dd50 is pointing into the stack for thread: 0x00000000189e3800
RSI=0xffffffffffffffff is an unknown value
RDI=0x000000001d31ac90 is an unknown value
R8 =0x0000000000000062 is an unknown value
R9 =0x00000000eebcb960 is an oop
org.bytedeco.javacpp.videoInputLib$videoInput 
 - klass: 'org/bytedeco/javacpp/videoInputLib$videoInput'
R10=0x000000000000003e is an unknown value
R11=0x0000000057bcacd8 is an unknown value
R12=0x0000000000000000 is an unknown value
R13=0x000000001c2162a8 is pointing into metadata
R14=0x000000001c75dd90 is pointing into the stack for thread: 0x00000000189e3800
R15=0x0000000000000280 is an unknown value


Stack: [0x000000001c660000,0x000000001c760000],  sp=0x000000001c75dc60,  free space=1015k
Native frames: (J=compiled Java code, j=interpreted, Vv=VM code, C=native code)
C  [jnivideoInputLib.dll+0xa00d]
C  0x0000000002cf5874

Java frames: (J=compiled Java code, j=interpreted, Vv=VM code)
j  org.bytedeco.javacpp.videoInputLib$videoInput.setupDevice(IIII)Z+0
j  org.bytedeco.javacv.VideoInputFrameGrabber.start(I)V+79
j  org.bytedeco.javacv.VideoInputFrameGrabber.start()V+2
j  ru.waytosky.jfx.BytedecoWCamService$1.call()Ljavafx/scene/image/Image;+45
j  ru.waytosky.jfx.BytedecoWCamService$1.call()Ljava/lang/Object;+1
j  javafx.concurrent.Task$TaskCallable.call()Ljava/lang/Object;+26
j  java.util.concurrent.FutureTask.run()V+42
j  javafx.concurrent.Service.lambda$null$488(Ljavafx/concurrent/Task;)Ljava/lang/Void;+1
j  javafx.concurrent.Service$$Lambda$130.run()Ljava/lang/Object;+4
v  ~StubRoutines::call_stub
J 1302  java.security.AccessController.doPrivileged(Ljava/security/PrivilegedAction;Ljava/security/AccessControlContext;)Ljava/lang/Object; (0 bytes) @ 0x000000000318dfa6 [0x000000000318df40+0x66]
j  javafx.concurrent.Service.lambda$executeTask$489(Ljavafx/concurrent/Task;Ljava/security/AccessControlContext;)V+7
j  javafx.concurrent.Service$$Lambda$128.run()V+8
j  java.util.concurrent.ThreadPoolExecutor.runWorker(Ljava/util/concurrent/ThreadPoolExecutor$Worker;)V+95
j  java.util.concurrent.ThreadPoolExecutor$Worker.run()V+5
j  java.lang.Thread.run()V+11
v  ~StubRoutines::call_stub

---------------  P R O C E S S  ---------------

Java Threads: ( => current thread )
=>0x00000000189e3800 JavaThread "Thread-5" daemon [_thread_in_native, id=4760, stack(0x000000001c660000,0x000000001c760000)]
  0x00000000188a3800 JavaThread "Java2D Disposer" daemon [_thread_blocked, id=6096, stack(0x000000001eaa0000,0x000000001eba0000)]
  0x00000000189e9000 JavaThread "JavaCPP Deallocator" daemon [_thread_blocked, id=2344, stack(0x000000001c760000,0x000000001c860000)]
  0x0000000018cd4800 JavaThread "Prism Font Disposer" daemon [_thread_blocked, id=5928, stack(0x000000001b8a0000,0x000000001b9a0000)]
  0x00000000182f2000 JavaThread "Thread-3" daemon [_thread_in_native, id=6076, stack(0x0000000018a20000,0x0000000018b20000)]
  0x0000000016729000 JavaThread "JavaFX-Launcher" [_thread_blocked, id=3528, stack(0x0000000018b20000,0x0000000018c20000)]
  0x0000000016750000 JavaThread "JavaFX Application Thread" [_thread_in_native, id=7032, stack(0x0000000016a90000,0x0000000016b90000)]
  0x000000001674f800 JavaThread "Thread-1" daemon [_thread_blocked, id=6460, stack(0x0000000016990000,0x0000000016a90000)]
  0x00000000166ef000 JavaThread "QuantumRenderer-0" daemon [_thread_blocked, id=1252, stack(0x0000000016790000,0x0000000016890000)]
  0x00000000150cf000 JavaThread "Service Thread" daemon [_thread_blocked, id=4468, stack(0x0000000016190000,0x0000000016290000)]
  0x0000000015063000 JavaThread "C1 CompilerThread1" daemon [_thread_blocked, id=4972, stack(0x0000000016090000,0x0000000016190000)]
  0x0000000015060000 JavaThread "C2 CompilerThread0" daemon [_thread_blocked, id=1684, stack(0x0000000015f90000,0x0000000016090000)]
  0x000000001505f000 JavaThread "Attach Listener" daemon [_thread_blocked, id=6008, stack(0x0000000015e90000,0x0000000015f90000)]
  0x000000001505a000 JavaThread "Signal Dispatcher" daemon [_thread_blocked, id=1296, stack(0x0000000015d90000,0x0000000015e90000)]
  0x0000000002cd7800 JavaThread "Finalizer" daemon [_thread_blocked, id=2928, stack(0x0000000015c90000,0x0000000015d90000)]
  0x0000000002ccf800 JavaThread "Reference Handler" daemon [_thread_blocked, id=1340, stack(0x0000000015b90000,0x0000000015c90000)]
  0x0000000000f8e800 JavaThread "main" [_thread_blocked, id=3368, stack(0x0000000002ae0000,0x0000000002be0000)]

Other Threads:
  0x0000000015026800 VMThread [stack: 0x0000000015a90000,0x0000000015b90000] [id=4588]
  0x00000000150fa000 WatcherThread [stack: 0x0000000016290000,0x0000000016390000] [id=4768]

VM state:not at safepoint (normal execution)

VM Mutex/Monitor currently owned by a thread: None

Heap:
 PSYoungGen      total 61440K, used 58951K [0x00000000eb500000, 0x00000000f1e80000, 0x0000000100000000)
  eden space 58880K, 95% used [0x00000000eb500000,0x00000000eec21c08,0x00000000eee80000)
  from space 2560K, 97% used [0x00000000f1c00000,0x00000000f1e70020,0x00000000f1e80000)
  to   space 8704K, 0% used [0x00000000f0d80000,0x00000000f0d80000,0x00000000f1600000)
 ParOldGen       total 44032K, used 19948K [0x00000000c1e00000, 0x00000000c4900000, 0x00000000eb500000)
  object space 44032K, 45% used [0x00000000c1e00000,0x00000000c317b170,0x00000000c4900000)
 Metaspace       used 18735K, capacity 19344K, committed 19456K, reserved 1067008K
  class space    used 2338K, capacity 2505K, committed 2560K, reserved 1048576K

Card table byte_map: [0x00000000120a0000,0x00000000122a0000] byte_map_base: 0x0000000011a91000

Marking Bits: (ParMarkBitMap*) 0x0000000057bd4040
 Begin Bits: [0x00000000125f0000, 0x0000000013578000)
 End Bits:   [0x0000000013578000, 0x0000000014500000)

Polling page: 0x0000000000f60000

CodeCache: size=245760Kb used=6449Kb max_used=6449Kb free=239310Kb
 bounds [0x0000000002ce0000, 0x0000000003330000, 0x0000000011ce0000]
 total_blobs=2850 nmethods=2068 adapters=694
 compilation: enabled

Compilation events (10 events):
Event: 13.325 Thread 0x0000000015063000 2045       3       com.sun.javafx.binding.ExpressionHelper::<init> (10 bytes)
Event: 13.326 Thread 0x0000000015063000 nmethod 2045 0x000000000331ac10 code [0x000000000331ad80, 0x000000000331afb0]
Event: 13.332 Thread 0x0000000015063000 2046       1       javafx.scene.control.SkinBase::getSkinnable (5 bytes)
Event: 13.332 Thread 0x0000000015063000 nmethod 2046 0x000000000331b090 code [0x000000000331b1e0, 0x000000000331b2f0]
Event: 13.333 Thread 0x0000000015063000 2047       3       com.sun.javafx.geom.Point2D::setLocation (11 bytes)
Event: 13.333 Thread 0x0000000015063000 nmethod 2047 0x000000000331b350 code [0x000000000331b4a0, 0x000000000331b5f0]
Event: 13.333 Thread 0x0000000015063000 2048       1       com.sun.prism.impl.GlyphCache$GlyphData::getRect (5 bytes)
Event: 13.333 Thread 0x0000000015063000 nmethod 2048 0x000000000331b690 code [0x000000000331b7e0, 0x000000000331b8f0]
Event: 13.333 Thread 0x0000000015063000 2049       1       javafx.animation.Animation::access$100 (5 bytes)
Event: 13.333 Thread 0x0000000015063000 nmethod 2049 0x000000000331b950 code [0x000000000331baa0, 0x000000000331bb90]

GC Heap History (10 events):
Event: 7.736 GC heap before
{Heap before GC invocations=8 (full 0):
 PSYoungGen      total 41472K, used 36092K [0x00000000eb500000, 0x00000000f0600000, 0x0000000100000000)
  eden space 32768K, 97% used [0x00000000eb500000,0x00000000ed428170,0x00000000ed500000)
  from space 8704K, 48% used [0x00000000ed500000,0x00000000ed917040,0x00000000edd80000)
  to   space 8704K, 0% used [0x00000000efd80000,0x00000000efd80000,0x00000000f0600000)
 ParOldGen       total 44032K, used 14572K [0x00000000c1e00000, 0x00000000c4900000, 0x00000000eb500000)
  object space 44032K, 33% used [0x00000000c1e00000,0x00000000c2c3b110,0x00000000c4900000)
 Metaspace       used 18411K, capacity 18978K, committed 19200K, reserved 1067008K
  class space    used 2336K, capacity 2502K, committed 2560K, reserved 1048576K
Event: 7.739 GC heap after
Heap after GC invocations=8 (full 0):
 PSYoungGen      total 73216K, used 3696K [0x00000000eb500000, 0x00000000f0500000, 0x0000000100000000)
  eden space 65536K, 0% used [0x00000000eb500000,0x00000000eb500000,0x00000000ef500000)
  from space 7680K, 48% used [0x00000000efd80000,0x00000000f011c030,0x00000000f0500000)
  to   space 8192K, 0% used [0x00000000ef500000,0x00000000ef500000,0x00000000efd00000)
 ParOldGen       total 44032K, used 15092K [0x00000000c1e00000, 0x00000000c4900000, 0x00000000eb500000)
  object space 44032K, 34% used [0x00000000c1e00000,0x00000000c2cbd130,0x00000000c4900000)
 Metaspace       used 18411K, capacity 18978K, committed 19200K, reserved 1067008K
  class space    used 2336K, capacity 2502K, committed 2560K, reserved 1048576K
}
Event: 8.653 GC heap before
{Heap before GC invocations=9 (full 0):
 PSYoungGen      total 73216K, used 68662K [0x00000000eb500000, 0x00000000f0500000, 0x0000000100000000)
  eden space 65536K, 99% used [0x00000000eb500000,0x00000000ef471b10,0x00000000ef500000)
  from space 7680K, 48% used [0x00000000efd80000,0x00000000f011c030,0x00000000f0500000)
  to   space 8192K, 0% used [0x00000000ef500000,0x00000000ef500000,0x00000000efd00000)
 ParOldGen       total 44032K, used 15092K [0x00000000c1e00000, 0x00000000c4900000, 0x00000000eb500000)
  object space 44032K, 34% used [0x00000000c1e00000,0x00000000c2cbd130,0x00000000c4900000)
 Metaspace       used 18483K, capacity 19042K, committed 19200K, reserved 1067008K
  class space    used 2336K, capacity 2502K, committed 2560K, reserved 1048576K
Event: 8.657 GC heap after
Heap after GC invocations=9 (full 0):
 PSYoungGen      total 73728K, used 1296K [0x00000000eb500000, 0x00000000f2c80000, 0x0000000100000000)
  eden space 65536K, 0% used [0x00000000eb500000,0x00000000eb500000,0x00000000ef500000)
  from space 8192K, 15% used [0x00000000ef500000,0x00000000ef644010,0x00000000efd00000)
  to   space 8704K, 0% used [0x00000000f2400000,0x00000000f2400000,0x00000000f2c80000)
 ParOldGen       total 44032K, used 17508K [0x00000000c1e00000, 0x00000000c4900000, 0x00000000eb500000)
  object space 44032K, 39% used [0x00000000c1e00000,0x00000000c2f19150,0x00000000c4900000)
 Metaspace       used 18483K, capacity 19042K, committed 19200K, reserved 1067008K
  class space    used 2336K, capacity 2502K, committed 2560K, reserved 1048576K
}
Event: 9.562 GC heap before
{Heap before GC invocations=10 (full 0):
 PSYoungGen      total 73728K, used 66030K [0x00000000eb500000, 0x00000000f2c80000, 0x0000000100000000)
  eden space 65536K, 98% used [0x00000000eb500000,0x00000000ef437990,0x00000000ef500000)
  from space 8192K, 15% used [0x00000000ef500000,0x00000000ef644010,0x00000000efd00000)
  to   space 8704K, 0% used [0x00000000f2400000,0x00000000f2400000,0x00000000f2c80000)
 ParOldGen       total 44032K, used 17508K [0x00000000c1e00000, 0x00000000c4900000, 0x00000000eb500000)
  object space 44032K, 39% used [0x00000000c1e00000,0x00000000c2f19150,0x00000000c4900000)
 Metaspace       used 18578K, capacity 19108K, committed 19456K, reserved 1067008K
  class space    used 2336K, capacity 2503K, committed 2560K, reserved 1048576K
Event: 9.565 GC heap after
Heap after GC invocations=10 (full 0):
 PSYoungGen      total 67072K, used 3696K [0x00000000eb500000, 0x00000000f2800000, 0x0000000100000000)
  eden space 62976K, 0% used [0x00000000eb500000,0x00000000eb500000,0x00000000ef280000)
  from space 4096K, 90% used [0x00000000f2400000,0x00000000f279c030,0x00000000f2800000)
  to   space 8704K, 0% used [0x00000000f1700000,0x00000000f1700000,0x00000000f1f80000)
 ParOldGen       total 44032K, used 17516K [0x00000000c1e00000, 0x00000000c4900000, 0x00000000eb500000)
  object space 44032K, 39% used [0x00000000c1e00000,0x00000000c2f1b150,0x00000000c4900000)
 Metaspace       used 18578K, capacity 19108K, committed 19456K, reserved 1067008K
  class space    used 2336K, capacity 2503K, committed 2560K, reserved 1048576K
}
Event: 10.450 GC heap before
{Heap before GC invocations=11 (full 0):
 PSYoungGen      total 67072K, used 66640K [0x00000000eb500000, 0x00000000f2800000, 0x0000000100000000)
  eden space 62976K, 99% used [0x00000000eb500000,0x00000000ef278160,0x00000000ef280000)
  from space 4096K, 90% used [0x00000000f2400000,0x00000000f279c030,0x00000000f2800000)
  to   space 8704K, 0% used [0x00000000f1700000,0x00000000f1700000,0x00000000f1f80000)
 ParOldGen       total 44032K, used 17516K [0x00000000c1e00000, 0x00000000c4900000, 0x00000000eb500000)
  object space 44032K, 39% used [0x00000000c1e00000,0x00000000c2f1b150,0x00000000c4900000)
 Metaspace       used 18615K, capacity 19172K, committed 19456K, reserved 1067008K
  class space    used 2336K, capacity 2503K, committed 2560K, reserved 1048576K
Event: 10.453 GC heap after
Heap after GC invocations=11 (full 0):
 PSYoungGen      total 62464K, used 1296K [0x00000000eb500000, 0x00000000f2480000, 0x0000000100000000)
  eden space 60928K, 0% used [0x00000000eb500000,0x00000000eb500000,0x00000000ef080000)
  from space 1536K, 84% used [0x00000000f1700000,0x00000000f1844010,0x00000000f1880000)
  to   space 8704K, 0% used [0x00000000f1c00000,0x00000000f1c00000,0x00000000f2480000)
 ParOldGen       total 44032K, used 18732K [0x00000000c1e00000, 0x00000000c4900000, 0x00000000eb500000)
  object space 44032K, 42% used [0x00000000c1e00000,0x00000000c304b160,0x00000000c4900000)
 Metaspace       used 18615K, capacity 19172K, committed 19456K, reserved 1067008K
  class space    used 2336K, capacity 2503K, committed 2560K, reserved 1048576K
}
Event: 11.289 GC heap before
{Heap before GC invocations=12 (full 0):
 PSYoungGen      total 62464K, used 61632K [0x00000000eb500000, 0x00000000f2480000, 0x0000000100000000)
  eden space 60928K, 99% used [0x00000000eb500000,0x00000000eefec2f0,0x00000000ef080000)
  from space 1536K, 84% used [0x00000000f1700000,0x00000000f1844010,0x00000000f1880000)
  to   space 8704K, 0% used [0x00000000f1c00000,0x00000000f1c00000,0x00000000f2480000)
 ParOldGen       total 44032K, used 18732K [0x00000000c1e00000, 0x00000000c4900000, 0x00000000eb500000)
  object space 44032K, 42% used [0x00000000c1e00000,0x00000000c304b160,0x00000000c4900000)
 Metaspace       used 18672K, capacity 19176K, committed 19456K, reserved 1067008K
  class space    used 2336K, capacity 2503K, committed 2560K, reserved 1048576K
Event: 11.292 GC heap after
Heap after GC invocations=12 (full 0):
 PSYoungGen      total 61440K, used 2496K [0x00000000eb500000, 0x00000000f1e80000, 0x0000000100000000)
  eden space 58880K, 0% used [0x00000000eb500000,0x00000000eb500000,0x00000000eee80000)
  from space 2560K, 97% used [0x00000000f1c00000,0x00000000f1e70020,0x00000000f1e80000)
  to   space 8704K, 0% used [0x00000000f0d80000,0x00000000f0d80000,0x00000000f1600000)
 ParOldGen       total 44032K, used 19948K [0x00000000c1e00000, 0x00000000c4900000, 0x00000000eb500000)
  object space 44032K, 45% used [0x00000000c1e00000,0x00000000c317b170,0x00000000c4900000)
 Metaspace       used 18672K, capacity 19176K, committed 19456K, reserved 1067008K
  class space    used 2336K, capacity 2503K, committed 2560K, reserved 1048576K
}

Deoptimization events (10 events):
Event: 2.974 Thread 0x0000000016750000 Uncommon trap: reason=class_check action=maybe_recompile pc=0x0000000002e0e170 method=java.lang.String.equals(Ljava/lang/Object;)Z @ 8
Event: 2.977 Thread 0x0000000016750000 Uncommon trap: reason=class_check action=maybe_recompile pc=0x0000000002e0e170 method=java.lang.String.equals(Ljava/lang/Object;)Z @ 8
Event: 3.014 Thread 0x0000000016750000 Uncommon trap: reason=unstable_if action=reinterpret pc=0x000000000308f45c method=java.lang.String.regionMatches(ZILjava/lang/String;II)Z @ 123
Event: 4.314 Thread 0x00000000189e3800 Uncommon trap: reason=unstable_if action=reinterpret pc=0x0000000002f6cb84 method=java.io.WinNTFileSystem.normalize(Ljava/lang/String;II)Ljava/lang/String; @ 8
Event: 5.958 Thread 0x00000000189e3800 Uncommon trap: reason=class_check action=maybe_recompile pc=0x0000000003132ec8 method=java.util.HashMap.putVal(ILjava/lang/Object;Ljava/lang/Object;ZZ)Ljava/lang/Object; @ 253
Event: 5.958 Thread 0x00000000189e3800 Uncommon trap: reason=class_check action=maybe_recompile pc=0x0000000003132ec8 method=java.util.HashMap.putVal(ILjava/lang/Object;Ljava/lang/Object;ZZ)Ljava/lang/Object; @ 253
Event: 5.959 Thread 0x00000000189e3800 Uncommon trap: reason=class_check action=maybe_recompile pc=0x0000000003132ec8 method=java.util.HashMap.putVal(ILjava/lang/Object;Ljava/lang/Object;ZZ)Ljava/lang/Object; @ 253
Event: 5.959 Thread 0x00000000189e3800 Uncommon trap: reason=class_check action=maybe_recompile pc=0x0000000003132ec8 method=java.util.HashMap.putVal(ILjava/lang/Object;Ljava/lang/Object;ZZ)Ljava/lang/Object; @ 253
Event: 6.263 Thread 0x00000000189e3800 Uncommon trap: reason=unstable_if action=reinterpret pc=0x00000000031cd9e8 method=org.bytedeco.javacv.Java2DFrameConverter.flipCopyWithGamma(Ljava/nio/ByteBuffer;ILjava/nio/ByteBuffer;IZDZI)V @ 50
Event: 6.270 Thread 0x00000000189e3800 Uncommon trap: reason=unstable_if action=reinterpret pc=0x00000000031e6838 method=com.sun.javafx.image.impl.IntTo4ByteSameConverter.doConvert([III[BIIII)V @ 29

Internal exceptions (10 events):
Event: 2.512 Thread 0x0000000016750000 Exception <a 'java/security/PrivilegedActionException'> (0x00000000ec240240) thrown at [C:\re\workspace\8-2-build-windows-amd64-cygwin\jdk8u51\3951\hotspot\src\share\vm\prims\jvm.cpp, line 1382]
Event: 2.512 Thread 0x0000000016750000 Exception <a 'java/security/PrivilegedActionException'> (0x00000000ec240588) thrown at [C:\re\workspace\8-2-build-windows-amd64-cygwin\jdk8u51\3951\hotspot\src\share\vm\prims\jvm.cpp, line 1382]
Event: 2.587 Thread 0x0000000016750000 Exception <a 'java/lang/NullPointerException'> (0x00000000ec3e30e8) thrown at [C:\re\workspace\8-2-build-windows-amd64-cygwin\jdk8u51\3951\hotspot\src\share\vm\interpreter\linkResolver.cpp, line 1178]
Event: 2.587 Thread 0x0000000016750000 Exception <a 'java/lang/NullPointerException'> (0x00000000ec3e30e8) thrown at [C:\re\workspace\8-2-build-windows-amd64-cygwin\jdk8u51\3951\hotspot\src\share\vm\prims\jvm.cpp, line 1386]
Event: 2.750 Thread 0x0000000016750000 Exception <a 'java/lang/ArrayIndexOutOfBoundsException'> (0x00000000eb86a050) thrown at [C:\re\workspace\8-2-build-windows-amd64-cygwin\jdk8u51\3951\hotspot\src\share\vm\runtime\sharedRuntime.cpp, line 605]
Event: 2.750 Thread 0x0000000016750000 Exception <a 'java/lang/ArrayIndexOutOfBoundsException'> (0x00000000eb86aca0) thrown at [C:\re\workspace\8-2-build-windows-amd64-cygwin\jdk8u51\3951\hotspot\src\share\vm\runtime\sharedRuntime.cpp, line 605]
Event: 2.751 Thread 0x0000000016750000 Exception <a 'java/lang/ArrayIndexOutOfBoundsException'> (0x00000000eb86bfb0) thrown at [C:\re\workspace\8-2-build-windows-amd64-cygwin\jdk8u51\3951\hotspot\src\share\vm\runtime\sharedRuntime.cpp, line 605]
Event: 2.827 Thread 0x0000000016750000 Implicit null exception at 0x0000000003020ff5 to 0x00000000030211cd
Event: 6.213 Thread 0x00000000189e3800 Exception <a 'java/io/FileNotFoundException'> (0x00000000eb656f98) thrown at [C:\re\workspace\8-2-build-windows-amd64-cygwin\jdk8u51\3951\hotspot\src\share\vm\prims\jni.cpp, line 709]
Event: 6.238 Thread 0x00000000189e3800 Exception <a 'java/io/FileNotFoundException'> (0x00000000eb797b38) thrown at [C:\re\workspace\8-2-build-windows-amd64-cygwin\jdk8u51\3951\hotspot\src\share\vm\prims\jni.cpp, line 709]

Events (10 events):
Event: 11.289 Executing VM operation: ParallelGCFailedAllocation
Event: 11.292 Executing VM operation: ParallelGCFailedAllocation done
Event: 12.029 loading class javafx/concurrent/Task
Event: 12.029 loading class javafx/concurrent/Task done
Event: 12.094 loading class javafx/concurrent/Task$TaskCallable
Event: 12.094 loading class javafx/concurrent/Task$TaskCallable done
Event: 13.096 Executing VM operation: RevokeBias
Event: 13.096 Executing VM operation: RevokeBias done
Event: 13.096 Thread 0x00000000189e3800 Thread exited: 0x00000000189e3800
Event: 13.325 Thread 0x00000000189e3800 Thread added: 0x00000000189e3800


Dynamic libraries:
0x00007ff6eb1e0000 - 0x00007ff6eb217000 	C:\Program Files\Java\jdk1.8.0_51\jre\bin\java.exe
0x00007ffa253d0000 - 0x00007ffa2557a000 	C:\Windows\SYSTEM32\ntdll.dll
0x00007ffa22d90000 - 0x00007ffa22eca000 	C:\Windows\system32\KERNEL32.DLL
0x00007ffa0e450000 - 0x00007ffa0e483000 	C:\Program Files\AVAST Software\Avast\x64\aswhooka.dll
0x00007ffa22b40000 - 0x00007ffa22c50000 	C:\Windows\system32\KERNELBASE.dll
0x00007ffa21370000 - 0x00007ffa213f8000 	C:\Windows\system32\apphelp.dll
0x00007ffa10b10000 - 0x00007ffa10b5f000 	C:\Windows\AppPatch\AppPatch64\AcGenral.DLL
0x00007ffa22f40000 - 0x00007ffa22fe7000 	C:\Windows\system32\msvcrt.dll
0x00007ffa225f0000 - 0x00007ffa2261b000 	C:\Windows\SYSTEM32\SspiCli.dll
0x00007ffa23f30000 - 0x00007ffa23f81000 	C:\Windows\system32\SHLWAPI.dll
0x00007ffa23db0000 - 0x00007ffa23f21000 	C:\Windows\system32\USER32.dll
0x00007ffa23790000 - 0x00007ffa23908000 	C:\Windows\system32\ole32.dll
0x00007ffa23fb0000 - 0x00007ffa253c7000 	C:\Windows\system32\SHELL32.dll
0x00007ffa21d50000 - 0x00007ffa21d6f000 	C:\Windows\SYSTEM32\USERENV.dll
0x00007ffa23370000 - 0x00007ffa23415000 	C:\Windows\system32\ADVAPI32.dll
0x00007ffa1c550000 - 0x00007ffa1c56b000 	C:\Windows\SYSTEM32\MPR.dll
0x00007ffa22c50000 - 0x00007ffa22d86000 	C:\Windows\system32\RPCRT4.dll
0x00007ffa23c30000 - 0x00007ffa23c87000 	C:\Windows\SYSTEM32\sechost.dll
0x00007ffa23090000 - 0x00007ffa23266000 	C:\Windows\SYSTEM32\combase.dll
0x00007ffa235c0000 - 0x00007ffa23705000 	C:\Windows\system32\GDI32.dll
0x00007ffa22740000 - 0x00007ffa22754000 	C:\Windows\SYSTEM32\profapi.dll
0x00007ffa20e00000 - 0x00007ffa20e9f000 	C:\Windows\SYSTEM32\SHCORE.dll
0x00007ffa23330000 - 0x00007ffa23364000 	C:\Windows\system32\IMM32.DLL
0x00007ffa23910000 - 0x00007ffa23a49000 	C:\Windows\system32\MSCTF.dll
0x00007ffa1fad0000 - 0x00007ffa1fd2a000 	C:\Windows\WinSxS\amd64_microsoft.windows.common-controls_6595b64144ccf1df_6.0.9600.17031_none_6242a4b3ecbb55a1\COMCTL32.dll
0x00000000572f0000 - 0x00000000573c2000 	C:\Program Files\Java\jdk1.8.0_51\jre\bin\msvcr100.dll
0x00000000573d0000 - 0x0000000057c53000 	C:\Program Files\Java\jdk1.8.0_51\jre\bin\server\jvm.dll
0x00007ffa15ed0000 - 0x00007ffa15ed9000 	C:\Windows\SYSTEM32\WSOCK32.dll
0x00007ffa19920000 - 0x00007ffa1993f000 	C:\Windows\SYSTEM32\WINMM.dll
0x00007ffa19950000 - 0x00007ffa1995a000 	C:\Windows\SYSTEM32\VERSION.dll
0x00007ffa23780000 - 0x00007ffa23787000 	C:\Windows\system32\PSAPI.DLL
0x00007ffa22ee0000 - 0x00007ffa22f38000 	C:\Windows\system32\WS2_32.dll
0x00007ffa198f0000 - 0x00007ffa1991a000 	C:\Windows\SYSTEM32\WINMMBASE.dll
0x00007ffa22ed0000 - 0x00007ffa22ed9000 	C:\Windows\system32\NSI.dll
0x00007ffa22810000 - 0x00007ffa2285a000 	C:\Windows\SYSTEM32\cfgmgr32.dll
0x00007ffa215c0000 - 0x00007ffa215e6000 	C:\Windows\SYSTEM32\DEVOBJ.dll
0x00000000572a0000 - 0x00000000572af000 	C:\Program Files\Java\jdk1.8.0_51\jre\bin\verify.dll
0x0000000057270000 - 0x0000000057299000 	C:\Program Files\Java\jdk1.8.0_51\jre\bin\java.dll
0x0000000057250000 - 0x0000000057266000 	C:\Program Files\Java\jdk1.8.0_51\jre\bin\zip.dll
0x0000000056f90000 - 0x0000000056fbc000 	C:\Program Files\Java\jdk1.8.0_51\jre\bin\prism_d3d.dll
0x00007ffa0fe80000 - 0x00007ffa1008a000 	C:\Windows\system32\d3d9.dll
0x00007ffa20410000 - 0x00007ffa20430000 	C:\Windows\SYSTEM32\dwmapi.dll
0x00007ffa21410000 - 0x00007ffa21531000 	C:\Windows\system32\uxtheme.dll
0x00007ffa09790000 - 0x00007ffa0af2c000 	C:\Windows\SYSTEM32\igdumdim64.dll
0x0000000056f40000 - 0x0000000056f81000 	C:\Program Files\Java\jdk1.8.0_51\jre\bin\glass.dll
0x00007ffa22ff0000 - 0x00007ffa2308a000 	C:\Windows\system32\COMDLG32.dll
0x00007ffa23270000 - 0x00007ffa23327000 	C:\Windows\system32\OLEAUT32.dll
0x00007ffa21610000 - 0x00007ffa2161a000 	C:\Windows\SYSTEM32\kernel.appcore.dll
0x00007ffa22680000 - 0x00007ffa2268a000 	C:\Windows\SYSTEM32\CRYPTBASE.dll
0x00007ffa22620000 - 0x00007ffa22680000 	C:\Windows\SYSTEM32\bcryptPrimitives.dll
0x00007ffa1def0000 - 0x00007ffa1e8b9000 	C:\Windows\SYSTEM32\igdusc64.dll
0x0000000055b40000 - 0x0000000055b55000 	C:\Program Files\Java\jdk1.8.0_51\jre\bin\javafx_font.dll
0x00007ffa1ec60000 - 0x00007ffa1ee3f000 	C:\Windows\SYSTEM32\dwrite.dll
0x00007ffa23c90000 - 0x00007ffa23d34000 	C:\Windows\SYSTEM32\clbcatq.dll
0x00007ffa20a60000 - 0x00007ffa20bf3000 	C:\Windows\SYSTEM32\WindowsCodecs.dll
0x00007ffa22000000 - 0x00007ffa2201e000 	C:\Windows\SYSTEM32\CRYPTSP.dll
0x00007ffa21c40000 - 0x00007ffa21c75000 	C:\Windows\system32\rsaenh.dll
0x00007ffa222b0000 - 0x00007ffa222d6000 	C:\Windows\SYSTEM32\bcrypt.dll
0x00007ffa17fb0000 - 0x00007ffa17fd9000 	C:\Program Files\Common Files\Microsoft Shared\Ink\rtscom.dll
0x00000000559a0000 - 0x00000000559b1000 	C:\Program Files\Java\jdk1.8.0_51\jre\bin\prism_common.dll
0x00007ffa15750000 - 0x00007ffa15776000 	C:\Users\Ayrat\.javacpp\cache\videoinput-0.200-1.3-windows-x86_64.jar\org\bytedeco\javacpp\windows-x86_64\jnivideoInputLib.dll
0x00007ffa0d3a0000 - 0x00007ffa0d446000 	C:\Windows\SYSTEM32\MSVCP120.dll
0x00007ffa16680000 - 0x00007ffa1676f000 	C:\Windows\SYSTEM32\MSVCR120.dll
0x0000000057230000 - 0x000000005724a000 	C:\Program Files\Java\jdk1.8.0_51\jre\bin\net.dll
0x00007ffa21fa0000 - 0x00007ffa21ff8000 	C:\Windows\system32\mswsock.dll
0x0000000057210000 - 0x0000000057221000 	C:\Program Files\Java\jdk1.8.0_51\jre\bin\nio.dll
0x00007ffa157f0000 - 0x00007ffa15806000 	C:\Windows\System32\devenum.dll
0x00007ffa23a50000 - 0x00007ffa23c24000 	C:\Windows\system32\setupapi.dll
0x00007ffa209c0000 - 0x00007ffa209f0000 	C:\Windows\SYSTEM32\ntmarta.dll
0x00007ffa22860000 - 0x00007ffa228ac000 	C:\Windows\system32\WINTRUST.dll
0x00007ffa228b0000 - 0x00007ffa22a87000 	C:\Windows\system32\CRYPT32.dll
0x00007ffa227f0000 - 0x00007ffa22802000 	C:\Windows\system32\MSASN1.dll
0x00007ffa1cb10000 - 0x00007ffa1cb1d000 	C:\Windows\SYSTEM32\msdmo.dll
0x00007ffa0e560000 - 0x00007ffa0e58d000 	C:\Windows\System32\qcap.dll
0x00007ffa082a0000 - 0x00007ffa08451000 	C:\Windows\System32\quartz.dll
0x00007ffa0b970000 - 0x00007ffa0b9b3000 	C:\Windows\System32\ksproxy.ax
0x00007ffa20040000 - 0x00007ffa20048000 	C:\Windows\System32\ksuser.dll
0x00007ffa0d370000 - 0x00007ffa0d393000 	C:\Windows\System32\kswdmcap.ax
0x00007ffa08150000 - 0x00007ffa0829d000 	C:\Windows\System32\MFC42.dll
0x00007ffa08090000 - 0x00007ffa0814c000 	C:\Windows\System32\ODBC32.dll
0x00007ffa0b7d0000 - 0x00007ffa0b863000 	C:\Windows\System32\qedit.dll
0x00007ffa0bb30000 - 0x00007ffa0bb59000 	C:\Windows\System32\MSVFW32.dll
0x00007ffa23420000 - 0x00007ffa235b8000 	C:\Windows\WinSxS\amd64_microsoft.windows.gdiplus_6595b64144ccf1df_1.1.9600.16384_none_9332526147499ed1\gdiplus.dll
0x00007ffa0d880000 - 0x00007ffa0d974000 	C:\Windows\System32\DDRAW.dll
0x00007ffa0d870000 - 0x00007ffa0d879000 	C:\Windows\System32\DCIMAN32.dll
0x00007ffa07fa0000 - 0x00007ffa0808f000 	C:\Users\Ayrat\.javacpp\cache\opencv-3.2.0-1.3-windows-x86_64.jar\org\bytedeco\javacpp\windows-x86_64\msvcr120.dll
0x00007ffa07ef0000 - 0x00007ffa07f96000 	C:\Users\Ayrat\.javacpp\cache\opencv-3.2.0-1.3-windows-x86_64.jar\org\bytedeco\javacpp\windows-x86_64\msvcp120.dll
0x00007ffa07c60000 - 0x00007ffa07ee8000 	C:\Users\Ayrat\.javacpp\cache\opencv-3.2.0-1.3-windows-x86_64.jar\org\bytedeco\javacpp\windows-x86_64\opencv_core320.dll
0x00007ffa05850000 - 0x00007ffa05bb2000 	C:\Users\Ayrat\.javacpp\cache\opencv-3.2.0-1.3-windows-x86_64.jar\org\bytedeco\javacpp\windows-x86_64\opencv_imgproc320.dll
0x00007ffa078c0000 - 0x00007ffa07b0a000 	C:\Users\Ayrat\.javacpp\cache\opencv-3.2.0-1.3-windows-x86_64.jar\org\bytedeco\javacpp\windows-x86_64\jniopencv_core.dll
0x00007ffa070a0000 - 0x00007ffa07190000 	C:\Users\Ayrat\.javacpp\cache\opencv-3.2.0-1.3-windows-x86_64.jar\org\bytedeco\javacpp\windows-x86_64\jniopencv_imgproc.dll
0x0000000057070000 - 0x0000000057208000 	C:\Program Files\Java\jdk1.8.0_51\jre\bin\awt.dll
0x00007ffa149e0000 - 0x00007ffa14b68000 	C:\Windows\SYSTEM32\dbghelp.dll

VM Arguments:
jvm_args: -Dfile.encoding=UTF-8 
java_command: C:\MyJava\PROJECTS\GIT\media\JavaFX ImageView Bytedeco And Marvin\dist\run552683947\JavaFX ImageView Bytedeco And Marvin.jar
java_class_path (initial): C:\MyJava\PROJECTS\GIT\media\JavaFX ImageView Bytedeco And Marvin\dist\run552683947\JavaFX ImageView Bytedeco And Marvin.jar
Launcher Type: SUN_STANDARD

Environment Variables:
JAVA_HOME=c:\Program Files\Java\jdk1.8.0_131\
PATH=C:\ProgramData\Oracle\Java\javapath;C:\Windows\system32;C:\Windows;C:\Windows\System32\Wbem;C:\Windows\System32\WindowsPowerShell\v1.0\;c:\Program Files\Java\jdk1.8.0_131\bin\;c:\JavaTools\gradle-2.8\bin\;c:\Program Files\NetBeans 8.1\java\maven\bin;C:\Program Files (x86)\MySQL\MySQL Utilities 1.6\;C:\Program Files (x86)\Skype\Phone\;C:\Program Files (x86)\Acronis 11\CommandLineTool\
USERNAME=Ayrat
OS=Windows_NT
PROCESSOR_IDENTIFIER=Intel64 Family 6 Model 60 Stepping 3, GenuineIntel



---------------  S Y S T E M  ---------------

OS: Windows 8.1 , 64 bit Build 9600 (6.3.9600.17031)

CPU:total 2 (2 cores per cpu, 1 threads per core) family 6 model 60 stepping 3, cmov, cx8, fxsr, mmx, sse, sse2, sse3, ssse3, sse4.1, sse4.2, popcnt, clmul, erms, lzcnt, tsc, tscinvbit

Memory: 4k page, physical 4063372k(827128k free), swap 7304868k(2109508k free)

vm_info: Java HotSpot(TM) 64-Bit Server VM (25.51-b03) for windows-amd64 JRE (1.8.0_51-b16), built on Jun  8 2015 18:03:07 by "java_re" with MS VC++ 10.0 (VS2010)

time: Fri Sep 22 22:07:50 2017
elapsed time: 16 seconds (0d 0h 0m 16s)

