#
# A fatal error has been detected by the Java Runtime Environment:
#
#  EXCEPTION_UNCAUGHT_CXX_EXCEPTION (0xe06d7363) at pc=0x00007ffa22b468d8, pid=3244, tid=6364
#
# JRE version: Java(TM) SE Runtime Environment (8.0_51-b16) (build 1.8.0_51-b16)
# Java VM: Java HotSpot(TM) 64-Bit Server VM (25.51-b03 mixed mode windows-amd64 compressed oops)
# Problematic frame:
# C  [KERNELBASE.dll+0x68d8]
#
# Failed to write core dump. Minidumps are not enabled by default on client versions of Windows
#
# If you would like to submit a bug report, please visit:
#   http://bugreport.java.com/bugreport/crash.jsp
# The crash happened outside the Java Virtual Machine in native code.
# See problematic frame for where to report the bug.
#

---------------  T H R E A D  ---------------

Current thread (0x0000000016279800):  JavaThread "Thread-2" [_thread_in_native, id=6364, stack(0x0000000017a70000,0x0000000017b70000)]

siginfo: ExceptionCode=0xe06d7363, ExceptionInformation=0x0000000019930520 0x0000000017b5eb20 0x00007ffa0827cd78 0x00007ffa08030000 

Registers:
RAX=0x000000001628b570, RBX=0x00007ffa0827cd78, RCX=0x000000001628b570, RDX=0x0000000057508df6
RSP=0x0000000017b5e990, RBP=0x0000000017b5ead0, RSI=0x00007ffa07ec1238, RDI=0x0000000017b5eb20
R8 =0x000000001420e5e0, R9 =0x00000000000000ff, R10=0x000000000256cbf0, R11=0x000000001847fa70
R12=0x00000000ffffff29, R13=0x0000000000000000, R14=0x00007ffa07ec0b80, R15=0x0000000017b6ecc0
RIP=0x00007ffa22b468d8, EFLAGS=0x0000000000000202

Top of Stack: (sp=0x0000000017b5e990)
0x0000000017b5e990:   0000000017b5e9a8 00007ffa0827cd78
0x0000000017b5e9a0:   00007ffa07ec1238 0000000017b5eb20
0x0000000017b5e9b0:   00000001e06d7363 0000000000000000
0x0000000017b5e9c0:   00007ffa22b468d8 0000000000000004
0x0000000017b5e9d0:   0000000019930520 0000000017b5eb20
0x0000000017b5e9e0:   00007ffa0827cd78 00007ffa08030000
0x0000000017b5e9f0:   0000000000000002 00007ffa166ea158
0x0000000017b5ea00:   00000000000000c5 00000000000000c5
0x0000000017b5ea10:   0000000000000000 0000000000000002
0x0000000017b5ea20:   0000000017b6ecc0 00007ffa07ec0b80
0x0000000017b5ea30:   0000000017b5eb20 00007ffa166dd306
0x0000000017b5ea40:   0000000017b6ecc0 00007ffa07ec0b80
0x0000000017b5ea50:   0000ccae15a7f8ca 00007ffa07ec1238
0x0000000017b5ea60:   00007ffa0827cd78 00007ffa166def63
0x0000000017b5ea70:   0000000017b5eb20 0000000017b5eae0
0x0000000017b5ea80:   00007ffa00000001 0000000000000000 

Instructions: (pc=0x00007ffa22b468d8)
0x00007ffa22b468b8:   44 3b c0 44 0f 47 c0 44 89 44 24 38 49 c1 e0 03
0x00007ffa22b468c8:   e8 4f ad ff ff 48 8d 4c 24 20 ff 15 90 ed 0f 00
0x00007ffa22b468d8:   48 8b 8c 24 c0 00 00 00 48 33 cc e8 18 ab ff ff
0x00007ffa22b468e8:   48 81 c4 d8 00 00 00 c3 90 90 90 90 90 90 90 90 


Register to memory mapping:

RAX=0x000000001628b570 is an unknown value
RBX=0x00007ffa0827cd78 is an unknown value
RCX=0x000000001628b570 is an unknown value
RDX=0x0000000057508df6 is an unknown value
RSP=0x0000000017b5e990 is pointing into the stack for thread: 0x0000000016279800
RBP=0x0000000017b5ead0 is pointing into the stack for thread: 0x0000000016279800
RSI=0x00007ffa07ec1238 is an unknown value
RDI=0x0000000017b5eb20 is pointing into the stack for thread: 0x0000000016279800
R8 =0x000000001420e5e0 is pointing into metadata
R9 =0x00000000000000ff is an unknown value
R10=0x000000000256cbf0 is an unknown value
R11=0x000000001847fa70 is an unknown value
R12=0x00000000ffffff29 is an unallocated location in the heap
R13=0x0000000000000000 is an unknown value
R14=0x00007ffa07ec0b80 is an unknown value
R15=0x0000000017b6ecc0 is pointing into the stack for thread: 0x0000000016279800


Stack: [0x0000000017a70000,0x0000000017b70000],  sp=0x0000000017b5e990,  free space=954k
Native frames: (J=compiled Java code, j=interpreted, Vv=VM code, C=native code)
C  [KERNELBASE.dll+0x68d8]
C  [MSVCR120.dll+0x5ef63]
C  [opencv_core320.dll+0x1a2c34]
C  [opencv_core320.dll+0x1a2d76]
C  [opencv_imgproc320.dll+0x46c7a]
C  [jniopencv_imgproc.dll+0x6e52d]
C  0x0000000002585874

Java frames: (J=compiled Java code, j=interpreted, Vv=VM code)
j  org.bytedeco.javacpp.opencv_imgproc.cvCvtColor(Lorg/bytedeco/javacpp/helper/opencv_core$CvArr;Lorg/bytedeco/javacpp/helper/opencv_core$CvArr;I)V+0
j  ru.waytosky.webcamcapture.bytedeco.Test.run()V+64
j  java.lang.Thread.run()V+11
v  ~StubRoutines::call_stub

---------------  P R O C E S S  ---------------

Java Threads: ( => current thread )
  0x0000000016285000 JavaThread "JavaCPP Deallocator" daemon [_thread_blocked, id=5320, stack(0x0000000017e50000,0x0000000017f50000)]
  0x0000000002474800 JavaThread "DestroyJavaVM" [_thread_blocked, id=4712, stack(0x0000000002370000,0x0000000002470000)]
=>0x0000000016279800 JavaThread "Thread-2" [_thread_in_native, id=6364, stack(0x0000000017a70000,0x0000000017b70000)]
  0x00000000163b2000 JavaThread "AWT-EventQueue-0" [_thread_blocked, id=2052, stack(0x0000000017080000,0x0000000017180000)]
  0x000000001615b000 JavaThread "AWT-Windows" daemon [_thread_in_native, id=6212, stack(0x0000000016f80000,0x0000000017080000)]
  0x000000001615a800 JavaThread "AWT-Shutdown" [_thread_blocked, id=5972, stack(0x0000000016e80000,0x0000000016f80000)]
  0x0000000016167000 JavaThread "Java2D Disposer" daemon [_thread_blocked, id=5252, stack(0x0000000016d80000,0x0000000016e80000)]
  0x0000000014977800 JavaThread "Service Thread" daemon [_thread_blocked, id=1568, stack(0x0000000015a20000,0x0000000015b20000)]
  0x0000000014903000 JavaThread "C1 CompilerThread1" daemon [_thread_blocked, id=5260, stack(0x0000000015920000,0x0000000015a20000)]
  0x00000000148f4000 JavaThread "C2 CompilerThread0" daemon [_thread_in_native, id=4244, stack(0x0000000015820000,0x0000000015920000)]
  0x00000000148f2800 JavaThread "Attach Listener" daemon [_thread_blocked, id=4944, stack(0x0000000015720000,0x0000000015820000)]
  0x00000000148ef800 JavaThread "Signal Dispatcher" daemon [_thread_blocked, id=808, stack(0x0000000015620000,0x0000000015720000)]
  0x0000000002567000 JavaThread "Finalizer" daemon [_thread_blocked, id=5804, stack(0x0000000015520000,0x0000000015620000)]
  0x000000000255f000 JavaThread "Reference Handler" daemon [_thread_blocked, id=4108, stack(0x0000000015420000,0x0000000015520000)]

Other Threads:
  0x00000000148b5800 VMThread [stack: 0x0000000015320000,0x0000000015420000] [id=6196]
  0x000000001497b000 WatcherThread [stack: 0x0000000015b20000,0x0000000015c20000] [id=2348]

VM state:not at safepoint (normal execution)

VM Mutex/Monitor currently owned by a thread: None

Heap:
 PSYoungGen      total 18944K, used 14679K [0x00000000eb500000, 0x00000000eca00000, 0x0000000100000000)
  eden space 16384K, 74% used [0x00000000eb500000,0x00000000ec0dafe0,0x00000000ec500000)
  from space 2560K, 99% used [0x00000000ec500000,0x00000000ec77ae28,0x00000000ec780000)
  to   space 2560K, 0% used [0x00000000ec780000,0x00000000ec780000,0x00000000eca00000)
 ParOldGen       total 44032K, used 47K [0x00000000c1e00000, 0x00000000c4900000, 0x00000000eb500000)
  object space 44032K, 0% used [0x00000000c1e00000,0x00000000c1e0bec8,0x00000000c4900000)
 Metaspace       used 11516K, capacity 11686K, committed 11904K, reserved 1060864K
  class space    used 1291K, capacity 1384K, committed 1408K, reserved 1048576K

Card table byte_map: [0x0000000011930000,0x0000000011b30000] byte_map_base: 0x0000000011321000

Marking Bits: (ParMarkBitMap*) 0x0000000057bd4040
 Begin Bits: [0x0000000011e80000, 0x0000000012e08000)
 End Bits:   [0x0000000012e08000, 0x0000000013d90000)

Polling page: 0x0000000000990000

CodeCache: size=245760Kb used=3359Kb max_used=3359Kb free=242400Kb
 bounds [0x0000000002570000, 0x00000000028c0000, 0x0000000011570000]
 total_blobs=1336 nmethods=790 adapters=460
 compilation: enabled

Compilation events (10 events):
Event: 3.012 Thread 0x0000000014903000  791       3       java.util.zip.ZipFile$ZipFileInputStream::<init> (41 bytes)
Event: 3.012 Thread 0x0000000014903000 nmethod 791 0x00000000028b5ad0 code [0x00000000028b5c60, 0x00000000028b5ff8]
Event: 3.012 Thread 0x0000000014903000  792   !   3       java.util.zip.ZipFile::getInflater (56 bytes)
Event: 3.012 Thread 0x0000000014903000 nmethod 792 0x00000000028b6210 code [0x00000000028b6400, 0x00000000028b6fb8]
Event: 3.012 Thread 0x0000000014903000  794       3       java.util.ArrayDeque::pollFirst (42 bytes)
Event: 3.012 Thread 0x0000000014903000 nmethod 794 0x00000000028b7610 code [0x00000000028b7780, 0x00000000028b7ab0]
Event: 3.012 Thread 0x0000000014903000  795       3       java.util.ArrayDeque::addLast (53 bytes)
Event: 3.013 Thread 0x0000000014903000 nmethod 795 0x00000000028b7c10 code [0x00000000028b7da0, 0x00000000028b81b8]
Event: 3.013 Thread 0x0000000014903000  793       3       java.util.zip.InflaterInputStream::<init> (79 bytes)
Event: 3.013 Thread 0x0000000014903000 nmethod 793 0x00000000028b8350 code [0x00000000028b8500, 0x00000000028b8bd8]

GC Heap History (2 events):
Event: 2.798 GC heap before
{Heap before GC invocations=1 (full 0):
 PSYoungGen      total 18944K, used 16384K [0x00000000eb500000, 0x00000000eca00000, 0x0000000100000000)
  eden space 16384K, 100% used [0x00000000eb500000,0x00000000ec500000,0x00000000ec500000)
  from space 2560K, 0% used [0x00000000ec780000,0x00000000ec780000,0x00000000eca00000)
  to   space 2560K, 0% used [0x00000000ec500000,0x00000000ec500000,0x00000000ec780000)
 ParOldGen       total 44032K, used 0K [0x00000000c1e00000, 0x00000000c4900000, 0x00000000eb500000)
  object space 44032K, 0% used [0x00000000c1e00000,0x00000000c1e00000,0x00000000c4900000)
 Metaspace       used 10258K, capacity 10438K, committed 10496K, reserved 1058816K
  class space    used 1146K, capacity 1224K, committed 1280K, reserved 1048576K
Event: 2.810 GC heap after
Heap after GC invocations=1 (full 0):
 PSYoungGen      total 18944K, used 2539K [0x00000000eb500000, 0x00000000eca00000, 0x0000000100000000)
  eden space 16384K, 0% used [0x00000000eb500000,0x00000000eb500000,0x00000000ec500000)
  from space 2560K, 99% used [0x00000000ec500000,0x00000000ec77ae28,0x00000000ec780000)
  to   space 2560K, 0% used [0x00000000ec780000,0x00000000ec780000,0x00000000eca00000)
 ParOldGen       total 44032K, used 47K [0x00000000c1e00000, 0x00000000c4900000, 0x00000000eb500000)
  object space 44032K, 0% used [0x00000000c1e00000,0x00000000c1e0bec8,0x00000000c4900000)
 Metaspace       used 10258K, capacity 10438K, committed 10496K, reserved 1058816K
  class space    used 1146K, capacity 1224K, committed 1280K, reserved 1048576K
}

Deoptimization events (4 events):
Event: 0.416 Thread 0x0000000002474800 Uncommon trap: reason=unstable_if action=reinterpret pc=0x0000000002714630 method=java.io.WinNTFileSystem.isLetter(C)Z @ 3
Event: 0.754 Thread 0x0000000002474800 Uncommon trap: reason=unstable_if action=reinterpret pc=0x000000000278fa8c method=java.lang.String.startsWith(Ljava/lang/String;I)Z @ 25
Event: 0.807 Thread 0x0000000002474800 Uncommon trap: reason=unstable_if action=reinterpret pc=0x0000000002790c10 method=java.lang.AbstractStringBuilder.append(Ljava/lang/String;)Ljava/lang/AbstractStringBuilder; @ 1
Event: 2.753 Thread 0x0000000016279800 Uncommon trap: reason=unstable_if action=reinterpret pc=0x000000000281be30 method=java.io.WinNTFileSystem.normalize(Ljava/lang/String;)Ljava/lang/String; @ 128

Internal exceptions (10 events):
Event: 0.231 Thread 0x0000000002474800 Exception <a 'java/security/PrivilegedActionException'> (0x00000000eb9032a8) thrown at [C:\re\workspace\8-2-build-windows-amd64-cygwin\jdk8u51\3951\hotspot\src\share\vm\prims\jvm.cpp, line 1382]
Event: 0.231 Thread 0x0000000002474800 Exception <a 'java/security/PrivilegedActionException'> (0x00000000eb9048c0) thrown at [C:\re\workspace\8-2-build-windows-amd64-cygwin\jdk8u51\3951\hotspot\src\share\vm\prims\jvm.cpp, line 1382]
Event: 0.231 Thread 0x0000000002474800 Exception <a 'java/security/PrivilegedActionException'> (0x00000000eb904a78) thrown at [C:\re\workspace\8-2-build-windows-amd64-cygwin\jdk8u51\3951\hotspot\src\share\vm\prims\jvm.cpp, line 1382]
Event: 0.231 Thread 0x0000000002474800 Exception <a 'java/security/PrivilegedActionException'> (0x00000000eb9060e8) thrown at [C:\re\workspace\8-2-build-windows-amd64-cygwin\jdk8u51\3951\hotspot\src\share\vm\prims\jvm.cpp, line 1382]
Event: 0.231 Thread 0x0000000002474800 Exception <a 'java/security/PrivilegedActionException'> (0x00000000eb9062a0) thrown at [C:\re\workspace\8-2-build-windows-amd64-cygwin\jdk8u51\3951\hotspot\src\share\vm\prims\jvm.cpp, line 1382]
Event: 0.257 Thread 0x0000000002474800 Exception <a 'java/io/FileNotFoundException'> (0x00000000eb947a00) thrown at [C:\re\workspace\8-2-build-windows-amd64-cygwin\jdk8u51\3951\hotspot\src\share\vm\prims\jni.cpp, line 709]
Event: 0.416 Thread 0x0000000002474800 Exception <a 'java/io/FileNotFoundException'> (0x00000000eb9749e0) thrown at [C:\re\workspace\8-2-build-windows-amd64-cygwin\jdk8u51\3951\hotspot\src\share\vm\prims\jni.cpp, line 709]
Event: 0.551 Thread 0x0000000002474800 Exception <a 'java/lang/NoSuchFieldError': method resolution failed> (0x00000000eba48570) thrown at [C:\re\workspace\8-2-build-windows-amd64-cygwin\jdk8u51\3951\hotspot\src\share\vm\prims\methodHandles.cpp, line 1125]
Event: 0.567 Thread 0x0000000002474800 Exception <a 'java/lang/NoSuchFieldError': method resolution failed> (0x00000000eba56f80) thrown at [C:\re\workspace\8-2-build-windows-amd64-cygwin\jdk8u51\3951\hotspot\src\share\vm\prims\methodHandles.cpp, line 1125]
Event: 0.807 Thread 0x0000000002474800 Implicit null exception at 0x0000000002790857 to 0x0000000002790bf9

Events (10 events):
Event: 3.011 loading class org/bytedeco/javacpp/opencv_imgproc$GeneralizedHoughBallard
Event: 3.011 loading class org/bytedeco/javacpp/opencv_imgproc$GeneralizedHoughBallard done
Event: 3.011 loading class org/bytedeco/javacpp/opencv_imgproc$GeneralizedHough
Event: 3.011 loading class org/bytedeco/javacpp/opencv_imgproc$GeneralizedHough done
Event: 3.011 loading class org/bytedeco/javacpp/opencv_imgproc$GeneralizedHoughGuil
Event: 3.011 loading class org/bytedeco/javacpp/opencv_imgproc$GeneralizedHoughGuil done
Event: 3.012 loading class org/bytedeco/javacpp/opencv_imgproc$LineSegmentDetector
Event: 3.012 loading class org/bytedeco/javacpp/opencv_imgproc$LineSegmentDetector done
Event: 3.012 loading class org/bytedeco/javacpp/opencv_imgproc$CvContourScanner
Event: 3.012 loading class org/bytedeco/javacpp/opencv_imgproc$CvContourScanner done


Dynamic libraries:
0x00007ff7ea7d0000 - 0x00007ff7ea807000 	C:\Program Files\Java\jdk1.8.0_51\bin\java.exe
0x00007ffa253d0000 - 0x00007ffa2557a000 	C:\Windows\SYSTEM32\ntdll.dll
0x00007ffa22d90000 - 0x00007ffa22eca000 	C:\Windows\system32\KERNEL32.DLL
0x00007ffa0e450000 - 0x00007ffa0e483000 	C:\Program Files\AVAST Software\Avast\x64\aswhooka.dll
0x00007ffa22b40000 - 0x00007ffa22c50000 	C:\Windows\system32\KERNELBASE.dll
0x00007ffa21370000 - 0x00007ffa213f8000 	C:\Windows\system32\apphelp.dll
0x00007ffa14650000 - 0x00007ffa1469f000 	C:\Windows\AppPatch\AppPatch64\AcGenral.DLL
0x00007ffa22f40000 - 0x00007ffa22fe7000 	C:\Windows\system32\msvcrt.dll
0x00007ffa225f0000 - 0x00007ffa2261b000 	C:\Windows\SYSTEM32\SspiCli.dll
0x00007ffa23f30000 - 0x00007ffa23f81000 	C:\Windows\system32\SHLWAPI.dll
0x00007ffa23db0000 - 0x00007ffa23f21000 	C:\Windows\system32\USER32.dll
0x00007ffa23790000 - 0x00007ffa23908000 	C:\Windows\system32\ole32.dll
0x00007ffa23fb0000 - 0x00007ffa253c7000 	C:\Windows\system32\SHELL32.dll
0x00007ffa21d50000 - 0x00007ffa21d6f000 	C:\Windows\SYSTEM32\USERENV.dll
0x00007ffa23370000 - 0x00007ffa23415000 	C:\Windows\system32\ADVAPI32.dll
0x00007ffa1c550000 - 0x00007ffa1c56b000 	C:\Windows\SYSTEM32\MPR.dll
0x00007ffa22c50000 - 0x00007ffa22d86000 	C:\Windows\system32\RPCRT4.dll
0x00007ffa23c30000 - 0x00007ffa23c87000 	C:\Windows\SYSTEM32\sechost.dll
0x00007ffa23090000 - 0x00007ffa23266000 	C:\Windows\SYSTEM32\combase.dll
0x00007ffa235c0000 - 0x00007ffa23705000 	C:\Windows\system32\GDI32.dll
0x00007ffa22740000 - 0x00007ffa22754000 	C:\Windows\SYSTEM32\profapi.dll
0x00007ffa20e00000 - 0x00007ffa20e9f000 	C:\Windows\SYSTEM32\SHCORE.dll
0x00007ffa23330000 - 0x00007ffa23364000 	C:\Windows\system32\IMM32.DLL
0x00007ffa23910000 - 0x00007ffa23a49000 	C:\Windows\system32\MSCTF.dll
0x00007ffa1fad0000 - 0x00007ffa1fd2a000 	C:\Windows\WinSxS\amd64_microsoft.windows.common-controls_6595b64144ccf1df_6.0.9600.17031_none_6242a4b3ecbb55a1\COMCTL32.dll
0x00000000572f0000 - 0x00000000573c2000 	C:\Program Files\Java\jdk1.8.0_51\jre\bin\msvcr100.dll
0x00000000573d0000 - 0x0000000057c53000 	C:\Program Files\Java\jdk1.8.0_51\jre\bin\server\jvm.dll
0x00007ffa15ed0000 - 0x00007ffa15ed9000 	C:\Windows\SYSTEM32\WSOCK32.dll
0x00007ffa19920000 - 0x00007ffa1993f000 	C:\Windows\SYSTEM32\WINMM.dll
0x00007ffa19950000 - 0x00007ffa1995a000 	C:\Windows\SYSTEM32\VERSION.dll
0x00007ffa23780000 - 0x00007ffa23787000 	C:\Windows\system32\PSAPI.DLL
0x00007ffa22ee0000 - 0x00007ffa22f38000 	C:\Windows\system32\WS2_32.dll
0x00007ffa198f0000 - 0x00007ffa1991a000 	C:\Windows\SYSTEM32\WINMMBASE.dll
0x00007ffa22ed0000 - 0x00007ffa22ed9000 	C:\Windows\system32\NSI.dll
0x00007ffa22810000 - 0x00007ffa2285a000 	C:\Windows\SYSTEM32\cfgmgr32.dll
0x00007ffa215c0000 - 0x00007ffa215e6000 	C:\Windows\SYSTEM32\DEVOBJ.dll
0x00000000572a0000 - 0x00000000572af000 	C:\Program Files\Java\jdk1.8.0_51\jre\bin\verify.dll
0x0000000057270000 - 0x0000000057299000 	C:\Program Files\Java\jdk1.8.0_51\jre\bin\java.dll
0x0000000057250000 - 0x0000000057266000 	C:\Program Files\Java\jdk1.8.0_51\jre\bin\zip.dll
0x0000000057070000 - 0x0000000057208000 	C:\Program Files\Java\jdk1.8.0_51\jre\bin\awt.dll
0x00007ffa23270000 - 0x00007ffa23327000 	C:\Windows\system32\OLEAUT32.dll
0x00007ffa20410000 - 0x00007ffa20430000 	C:\Windows\system32\DWMAPI.DLL
0x00007ffa21410000 - 0x00007ffa21531000 	C:\Windows\system32\uxtheme.dll
0x00007ffa21610000 - 0x00007ffa2161a000 	C:\Windows\SYSTEM32\kernel.appcore.dll
0x00007ffa22680000 - 0x00007ffa2268a000 	C:\Windows\SYSTEM32\CRYPTBASE.dll
0x00007ffa22620000 - 0x00007ffa22680000 	C:\Windows\SYSTEM32\bcryptPrimitives.dll
0x0000000057020000 - 0x0000000057067000 	C:\Program Files\Java\jdk1.8.0_51\jre\bin\fontmanager.dll
0x00007ffa1cb10000 - 0x00007ffa1cb36000 	C:\Users\Ayrat\.javacpp\cache\videoinput-0.200-1.3-windows-x86_64.jar\org\bytedeco\javacpp\windows-x86_64\jnivideoInputLib.dll
0x00007ffa0d5a0000 - 0x00007ffa0d646000 	C:\Windows\SYSTEM32\MSVCP120.dll
0x00007ffa16680000 - 0x00007ffa1676f000 	C:\Windows\SYSTEM32\MSVCR120.dll
0x0000000057230000 - 0x000000005724a000 	C:\Program Files\Java\jdk1.8.0_51\jre\bin\net.dll
0x00007ffa21fa0000 - 0x00007ffa21ff8000 	C:\Windows\system32\mswsock.dll
0x0000000057210000 - 0x0000000057221000 	C:\Program Files\Java\jdk1.8.0_51\jre\bin\nio.dll
0x00007ffa23c90000 - 0x00007ffa23d34000 	C:\Windows\SYSTEM32\clbcatq.dll
0x00007ffa17f70000 - 0x00007ffa17f86000 	C:\Windows\System32\devenum.dll
0x00007ffa23a50000 - 0x00007ffa23c24000 	C:\Windows\system32\setupapi.dll
0x00007ffa209c0000 - 0x00007ffa209f0000 	C:\Windows\SYSTEM32\ntmarta.dll
0x00007ffa22860000 - 0x00007ffa228ac000 	C:\Windows\system32\WINTRUST.dll
0x00007ffa228b0000 - 0x00007ffa22a87000 	C:\Windows\system32\CRYPT32.dll
0x00007ffa227f0000 - 0x00007ffa22802000 	C:\Windows\system32\MSASN1.dll
0x00007ffa17f60000 - 0x00007ffa17f6d000 	C:\Windows\SYSTEM32\msdmo.dll
0x00007ffa17eb0000 - 0x00007ffa17edd000 	C:\Windows\System32\qcap.dll
0x00007ffa0d3e0000 - 0x00007ffa0d591000 	C:\Windows\System32\quartz.dll
0x00007ffa12060000 - 0x00007ffa120a3000 	C:\Windows\System32\ksproxy.ax
0x00007ffa20040000 - 0x00007ffa20048000 	C:\Windows\System32\ksuser.dll
0x00007ffa0fe80000 - 0x00007ffa1008a000 	C:\Windows\System32\d3d9.dll
0x00007ffa157e0000 - 0x00007ffa15803000 	C:\Windows\System32\kswdmcap.ax
0x00007ffa0b960000 - 0x00007ffa0baad000 	C:\Windows\System32\MFC42.dll
0x00007ffa0b830000 - 0x00007ffa0b8ec000 	C:\Windows\System32\ODBC32.dll
0x00007ffa096f0000 - 0x00007ffa09783000 	C:\Windows\System32\qedit.dll
0x00007ffa10b30000 - 0x00007ffa10b59000 	C:\Windows\System32\MSVFW32.dll
0x00007ffa22ff0000 - 0x00007ffa2308a000 	C:\Windows\system32\COMDLG32.dll
0x00007ffa23420000 - 0x00007ffa235b8000 	C:\Windows\WinSxS\amd64_microsoft.windows.gdiplus_6595b64144ccf1df_1.1.9600.16384_none_9332526147499ed1\gdiplus.dll
0x00007ffa0d880000 - 0x00007ffa0d974000 	C:\Windows\System32\DDRAW.dll
0x00007ffa0d870000 - 0x00007ffa0d879000 	C:\Windows\System32\DCIMAN32.dll
0x00007ffa08370000 - 0x00007ffa0845f000 	C:\Users\Ayrat\.javacpp\cache\opencv-3.2.0-1.3-windows-x86_64.jar\org\bytedeco\javacpp\windows-x86_64\msvcr120.dll
0x00007ffa082c0000 - 0x00007ffa08366000 	C:\Users\Ayrat\.javacpp\cache\opencv-3.2.0-1.3-windows-x86_64.jar\org\bytedeco\javacpp\windows-x86_64\msvcp120.dll
0x00007ffa08030000 - 0x00007ffa082b8000 	C:\Users\Ayrat\.javacpp\cache\opencv-3.2.0-1.3-windows-x86_64.jar\org\bytedeco\javacpp\windows-x86_64\opencv_core320.dll
0x00007ffa07cc0000 - 0x00007ffa08022000 	C:\Users\Ayrat\.javacpp\cache\opencv-3.2.0-1.3-windows-x86_64.jar\org\bytedeco\javacpp\windows-x86_64\opencv_imgproc320.dll
0x00007ffa07a70000 - 0x00007ffa07cba000 	C:\Users\Ayrat\.javacpp\cache\opencv-3.2.0-1.3-windows-x86_64.jar\org\bytedeco\javacpp\windows-x86_64\jniopencv_core.dll
0x00007ffa07980000 - 0x00007ffa07a70000 	C:\Users\Ayrat\.javacpp\cache\opencv-3.2.0-1.3-windows-x86_64.jar\org\bytedeco\javacpp\windows-x86_64\jniopencv_imgproc.dll
0x00007ffa149e0000 - 0x00007ffa14b68000 	C:\Windows\SYSTEM32\dbghelp.dll

VM Arguments:
java_command: ru.waytosky.webcamcapture.bytedeco.Test
java_class_path (initial): C:\MyJava\PROJECTS\GIT\media\WebCamCaptureBytedeco\target\classes;C:\Users\Ayrat\.m2\repository\org\bytedeco\javacv-platform\1.3.3\javacv-platform-1.3.3.jar;C:\Users\Ayrat\.m2\repository\org\bytedeco\javacpp\1.3.3\javacpp-1.3.3.jar;C:\Users\Ayrat\.m2\repository\org\bytedeco\javacv\1.3.3\javacv-1.3.3.jar;C:\Users\Ayrat\.m2\repository\org\bytedeco\javacpp-presets\opencv\3.2.0-1.3\opencv-3.2.0-1.3.jar;C:\Users\Ayrat\.m2\repository\org\bytedeco\javacpp-presets\ffmpeg\3.2.1-1.3\ffmpeg-3.2.1-1.3.jar;C:\Users\Ayrat\.m2\repository\org\bytedeco\javacpp-presets\flycapture\2.9.3.43-1.3\flycapture-2.9.3.43-1.3.jar;C:\Users\Ayrat\.m2\repository\org\bytedeco\javacpp-presets\libdc1394\2.2.4-1.3\libdc1394-2.2.4-1.3.jar;C:\Users\Ayrat\.m2\repository\org\bytedeco\javacpp-presets\libfreenect\0.5.3-1.3\libfreenect-0.5.3-1.3.jar;C:\Users\Ayrat\.m2\repository\org\bytedeco\javacpp-presets\libfreenect2\0.2.0-1.3\libfreenect2-0.2.0-1.3.jar;C:\Users\Ayrat\.m2\repository\org\bytedeco\javacpp-presets\librealsense\1.9.6-1.3\librealsense-1.9.6-1.3.jar;C:\Users\Ayrat\.m2\repository\org\bytedeco\javacpp-presets\videoinput\0.200-1.3\videoinput-0.200-1.3.jar;C:\Users\Ayrat\.m2\repository\org\bytedeco\javacpp-presets\artoolkitplus\2.3.1-1.3\artoolkitplus-2.3.1-1.3.jar;C:\Users\Ayrat\.m2\repository\org\bytedeco\javacpp-presets\flandmark\1.07-1.3\flandmark-1.07-1.3.jar;C:\Users\Ayrat\.m2\repository\org\bytedeco\javacpp-presets\opencv-platform\3.2.0-1.3\opencv-platform-3.2.0-1.3.jar;C:\Users\Ayrat\.m2\repository\org\bytedeco\javacpp-presets\opencv\3.2.0-1.3\opencv-3.2.0-1.3-android-arm.jar;C:\Users\Ayrat\.m2\repository\org\bytedeco\javacpp-presets\opencv\3.2.0-1.3\opencv-3.2.0-1.3-android-x86.jar;C:\Users\Ayrat\.m2\repository\org\bytedeco\javacpp-presets\opencv\3.2.0-1.3\opencv-3.2.0-1.3-linux-x86.jar;C:\Users\Ayrat\.m2\repository\org\bytedeco\javacpp-presets\opencv\3.2.0-1.3\opencv-3.2.0-1.3-linux-x86_64.jar;C:\Users\Ayrat\.m2\repository\org\bytedeco\javacpp-presets\opencv\
Launcher Type: SUN_STANDARD

Environment Variables:
JAVA_HOME=C:\Program Files\Java\jdk1.8.0_51
PATH=C:\ProgramData\Oracle\Java\javapath;C:\Windows\system32;C:\Windows;C:\Windows\System32\Wbem;C:\Windows\System32\WindowsPowerShell\v1.0\;c:\Program Files\Java\jdk1.8.0_131\bin\;c:\JavaTools\gradle-2.8\bin\;c:\Program Files\NetBeans 8.1\java\maven\bin;C:\Program Files (x86)\MySQL\MySQL Utilities 1.6\;C:\Program Files (x86)\Skype\Phone\;C:\Program Files (x86)\Acronis 11\CommandLineTool\
USERNAME=Ayrat
OS=Windows_NT
PROCESSOR_IDENTIFIER=Intel64 Family 6 Model 60 Stepping 3, GenuineIntel



---------------  S Y S T E M  ---------------

OS: Windows 8.1 , 64 bit Build 9600 (6.3.9600.17031)

CPU:total 2 (2 cores per cpu, 1 threads per core) family 6 model 60 stepping 3, cmov, cx8, fxsr, mmx, sse, sse2, sse3, ssse3, sse4.1, sse4.2, popcnt, clmul, erms, lzcnt, tsc, tscinvbit

Memory: 4k page, physical 4063372k(898684k free), swap 7218320k(2084744k free)

vm_info: Java HotSpot(TM) 64-Bit Server VM (25.51-b03) for windows-amd64 JRE (1.8.0_51-b16), built on Jun  8 2015 18:03:07 by "java_re" with MS VC++ 10.0 (VS2010)

time: Sun Sep 17 17:27:52 2017
elapsed time: 3 seconds (0d 0h 0m 3s)

